2019-03-15 13:35:00  INFO DefaultTestContextBootstrapper:248 - Loaded default TestExecutionListener class names from location [META-INF/spring.factories]: [org.springframework.test.context.web.ServletTestExecutionListener, org.springframework.test.context.support.DirtiesContextBeforeModesTestExecutionListener, org.springframework.test.context.support.DependencyInjectionTestExecutionListener, org.springframework.test.context.support.DirtiesContextTestExecutionListener, org.springframework.test.context.transaction.TransactionalTestExecutionListener, org.springframework.test.context.jdbc.SqlScriptsTestExecutionListener]
2019-03-15 13:35:00  INFO DefaultTestContextBootstrapper:177 - Using TestExecutionListeners: [org.springframework.test.context.support.DirtiesContextBeforeModesTestExecutionListener@5f341870, org.springframework.test.context.support.DependencyInjectionTestExecutionListener@553f17c, org.springframework.test.context.support.DirtiesContextTestExecutionListener@4f7d0008, org.springframework.test.context.transaction.TransactionalTestExecutionListener@271053e1, org.springframework.test.context.jdbc.SqlScriptsTestExecutionListener@589838eb]
2019-03-15 13:35:01  WARN GenericApplicationContext:557 - Exception encountered during context initialization - cancelling refresh attempt: org.springframework.beans.factory.BeanCreationException: Error creating bean with name 'tk.mybatis.spring.mapper.MapperScannerConfigurer#0' defined in class path resource [spring_mybatis.xml]: Error setting property values; nested exception is org.springframework.beans.PropertyBatchUpdateException; nested PropertyAccessExceptions (1) are:
PropertyAccessException 1: org.springframework.beans.MethodInvocationException: Property 'properties' threw exception; nested exception is tk.mybatis.mapper.MapperException: 注册通用Mapper[com.spring.web.dao.BaseDAO]失败，找不到该通用Mapper!
2019-03-15 13:35:01 ERROR TestContextManager:250 - Caught exception while allowing TestExecutionListener [org.springframework.test.context.support.DependencyInjectionTestExecutionListener@553f17c] to prepare test instance [CourseServiceImplTest@4218d6a3]
java.lang.IllegalStateException: Failed to load ApplicationContext
	at org.springframework.test.context.cache.DefaultCacheAwareContextLoaderDelegate.loadContext(DefaultCacheAwareContextLoaderDelegate.java:125)
	at org.springframework.test.context.support.DefaultTestContext.getApplicationContext(DefaultTestContext.java:108)
	at org.springframework.test.context.support.DependencyInjectionTestExecutionListener.injectDependencies(DependencyInjectionTestExecutionListener.java:118)
	at org.springframework.test.context.support.DependencyInjectionTestExecutionListener.prepareTestInstance(DependencyInjectionTestExecutionListener.java:83)
	at org.springframework.test.context.TestContextManager.prepareTestInstance(TestContextManager.java:246)
	at org.springframework.test.context.junit4.SpringJUnit4ClassRunner.createTest(SpringJUnit4ClassRunner.java:227)
	at org.springframework.test.context.junit4.SpringJUnit4ClassRunner$1.runReflectiveCall(SpringJUnit4ClassRunner.java:289)
	at org.junit.internal.runners.model.ReflectiveCallable.run(ReflectiveCallable.java:12)
	at org.springframework.test.context.junit4.SpringJUnit4ClassRunner.methodBlock(SpringJUnit4ClassRunner.java:291)
	at org.springframework.test.context.junit4.SpringJUnit4ClassRunner.runChild(SpringJUnit4ClassRunner.java:246)
	at org.springframework.test.context.junit4.SpringJUnit4ClassRunner.runChild(SpringJUnit4ClassRunner.java:97)
	at org.junit.runners.ParentRunner$3.run(ParentRunner.java:290)
	at org.junit.runners.ParentRunner$1.schedule(ParentRunner.java:71)
	at org.junit.runners.ParentRunner.runChildren(ParentRunner.java:288)
	at org.junit.runners.ParentRunner.access$000(ParentRunner.java:58)
	at org.junit.runners.ParentRunner$2.evaluate(ParentRunner.java:268)
	at org.springframework.test.context.junit4.statements.RunBeforeTestClassCallbacks.evaluate(RunBeforeTestClassCallbacks.java:61)
	at org.springframework.test.context.junit4.statements.RunAfterTestClassCallbacks.evaluate(RunAfterTestClassCallbacks.java:70)
	at org.junit.runners.ParentRunner.run(ParentRunner.java:363)
	at org.springframework.test.context.junit4.SpringJUnit4ClassRunner.run(SpringJUnit4ClassRunner.java:190)
	at org.junit.runner.JUnitCore.run(JUnitCore.java:137)
	at com.intellij.junit4.JUnit4IdeaTestRunner.startRunnerWithArgs(JUnit4IdeaTestRunner.java:68)
	at com.intellij.rt.execution.junit.IdeaTestRunner$Repeater.startRunnerWithArgs(IdeaTestRunner.java:47)
	at com.intellij.rt.execution.junit.JUnitStarter.prepareStreamsAndStart(JUnitStarter.java:242)
	at com.intellij.rt.execution.junit.JUnitStarter.main(JUnitStarter.java:70)
Caused by: org.springframework.beans.factory.BeanCreationException: Error creating bean with name 'tk.mybatis.spring.mapper.MapperScannerConfigurer#0' defined in class path resource [spring_mybatis.xml]: Error setting property values; nested exception is org.springframework.beans.PropertyBatchUpdateException; nested PropertyAccessExceptions (1) are:
PropertyAccessException 1: org.springframework.beans.MethodInvocationException: Property 'properties' threw exception; nested exception is tk.mybatis.mapper.MapperException: 注册通用Mapper[com.spring.web.dao.BaseDAO]失败，找不到该通用Mapper!
	at org.springframework.beans.factory.support.AbstractAutowireCapableBeanFactory.applyPropertyValues(AbstractAutowireCapableBeanFactory.java:1702)
	at org.springframework.beans.factory.support.AbstractAutowireCapableBeanFactory.populateBean(AbstractAutowireCapableBeanFactory.java:1417)
	at org.springframework.beans.factory.support.AbstractAutowireCapableBeanFactory.doCreateBean(AbstractAutowireCapableBeanFactory.java:592)
	at org.springframework.beans.factory.support.AbstractAutowireCapableBeanFactory.createBean(AbstractAutowireCapableBeanFactory.java:515)
	at org.springframework.beans.factory.support.AbstractBeanFactory.lambda$doGetBean$0(AbstractBeanFactory.java:320)
	at org.springframework.beans.factory.support.DefaultSingletonBeanRegistry.getSingleton(DefaultSingletonBeanRegistry.java:222)
	at org.springframework.beans.factory.support.AbstractBeanFactory.doGetBean(AbstractBeanFactory.java:318)
	at org.springframework.beans.factory.support.AbstractBeanFactory.getBean(AbstractBeanFactory.java:204)
	at org.springframework.context.support.PostProcessorRegistrationDelegate.invokeBeanFactoryPostProcessors(PostProcessorRegistrationDelegate.java:118)
	at org.springframework.context.support.AbstractApplicationContext.invokeBeanFactoryPostProcessors(AbstractApplicationContext.java:705)
	at org.springframework.context.support.AbstractApplicationContext.refresh(AbstractApplicationContext.java:531)
	at org.springframework.test.context.support.AbstractGenericContextLoader.loadContext(AbstractGenericContextLoader.java:128)
	at org.springframework.test.context.support.AbstractGenericContextLoader.loadContext(AbstractGenericContextLoader.java:60)
	at org.springframework.test.context.support.AbstractDelegatingSmartContextLoader.delegateLoading(AbstractDelegatingSmartContextLoader.java:275)
	at org.springframework.test.context.support.AbstractDelegatingSmartContextLoader.loadContext(AbstractDelegatingSmartContextLoader.java:243)
	at org.springframework.test.context.cache.DefaultCacheAwareContextLoaderDelegate.loadContextInternal(DefaultCacheAwareContextLoaderDelegate.java:99)
	at org.springframework.test.context.cache.DefaultCacheAwareContextLoaderDelegate.loadContext(DefaultCacheAwareContextLoaderDelegate.java:117)
	... 24 more
Caused by: org.springframework.beans.PropertyBatchUpdateException; nested PropertyAccessExceptions (1) are:
PropertyAccessException 1: org.springframework.beans.MethodInvocationException: Property 'properties' threw exception; nested exception is tk.mybatis.mapper.MapperException: 注册通用Mapper[com.spring.web.dao.BaseDAO]失败，找不到该通用Mapper!
	at org.springframework.beans.AbstractPropertyAccessor.setPropertyValues(AbstractPropertyAccessor.java:122)
	at org.springframework.beans.AbstractPropertyAccessor.setPropertyValues(AbstractPropertyAccessor.java:77)
	at org.springframework.beans.factory.support.AbstractAutowireCapableBeanFactory.applyPropertyValues(AbstractAutowireCapableBeanFactory.java:1698)
	... 40 more
2019-03-15 13:38:13  INFO DefaultTestContextBootstrapper:248 - Loaded default TestExecutionListener class names from location [META-INF/spring.factories]: [org.springframework.test.context.web.ServletTestExecutionListener, org.springframework.test.context.support.DirtiesContextBeforeModesTestExecutionListener, org.springframework.test.context.support.DependencyInjectionTestExecutionListener, org.springframework.test.context.support.DirtiesContextTestExecutionListener, org.springframework.test.context.transaction.TransactionalTestExecutionListener, org.springframework.test.context.jdbc.SqlScriptsTestExecutionListener]
2019-03-15 13:38:13  INFO DefaultTestContextBootstrapper:177 - Using TestExecutionListeners: [org.springframework.test.context.support.DirtiesContextBeforeModesTestExecutionListener@57fffcd7, org.springframework.test.context.support.DependencyInjectionTestExecutionListener@31ef45e3, org.springframework.test.context.support.DirtiesContextTestExecutionListener@598067a5, org.springframework.test.context.transaction.TransactionalTestExecutionListener@3c0ecd4b, org.springframework.test.context.jdbc.SqlScriptsTestExecutionListener@14bf9759]
2019-03-15 13:38:13  WARN GenericApplicationContext:557 - Exception encountered during context initialization - cancelling refresh attempt: org.springframework.beans.factory.BeanCreationException: Error creating bean with name 'tk.mybatis.spring.mapper.MapperScannerConfigurer#0' defined in class path resource [spring_mybatis.xml]: Error setting property values; nested exception is org.springframework.beans.PropertyBatchUpdateException; nested PropertyAccessExceptions (1) are:
PropertyAccessException 1: org.springframework.beans.MethodInvocationException: Property 'properties' threw exception; nested exception is tk.mybatis.mapper.MapperException: 注册通用Mapper[com.spring.web.dao.BaseDAO]失败，找不到该通用Mapper!
2019-03-15 13:38:13 ERROR TestContextManager:250 - Caught exception while allowing TestExecutionListener [org.springframework.test.context.support.DependencyInjectionTestExecutionListener@31ef45e3] to prepare test instance [CourseServiceImplTest@55141def]
java.lang.IllegalStateException: Failed to load ApplicationContext
	at org.springframework.test.context.cache.DefaultCacheAwareContextLoaderDelegate.loadContext(DefaultCacheAwareContextLoaderDelegate.java:125)
	at org.springframework.test.context.support.DefaultTestContext.getApplicationContext(DefaultTestContext.java:108)
	at org.springframework.test.context.support.DependencyInjectionTestExecutionListener.injectDependencies(DependencyInjectionTestExecutionListener.java:118)
	at org.springframework.test.context.support.DependencyInjectionTestExecutionListener.prepareTestInstance(DependencyInjectionTestExecutionListener.java:83)
	at org.springframework.test.context.TestContextManager.prepareTestInstance(TestContextManager.java:246)
	at org.springframework.test.context.junit4.SpringJUnit4ClassRunner.createTest(SpringJUnit4ClassRunner.java:227)
	at org.springframework.test.context.junit4.SpringJUnit4ClassRunner$1.runReflectiveCall(SpringJUnit4ClassRunner.java:289)
	at org.junit.internal.runners.model.ReflectiveCallable.run(ReflectiveCallable.java:12)
	at org.springframework.test.context.junit4.SpringJUnit4ClassRunner.methodBlock(SpringJUnit4ClassRunner.java:291)
	at org.springframework.test.context.junit4.SpringJUnit4ClassRunner.runChild(SpringJUnit4ClassRunner.java:246)
	at org.springframework.test.context.junit4.SpringJUnit4ClassRunner.runChild(SpringJUnit4ClassRunner.java:97)
	at org.junit.runners.ParentRunner$3.run(ParentRunner.java:290)
	at org.junit.runners.ParentRunner$1.schedule(ParentRunner.java:71)
	at org.junit.runners.ParentRunner.runChildren(ParentRunner.java:288)
	at org.junit.runners.ParentRunner.access$000(ParentRunner.java:58)
	at org.junit.runners.ParentRunner$2.evaluate(ParentRunner.java:268)
	at org.springframework.test.context.junit4.statements.RunBeforeTestClassCallbacks.evaluate(RunBeforeTestClassCallbacks.java:61)
	at org.springframework.test.context.junit4.statements.RunAfterTestClassCallbacks.evaluate(RunAfterTestClassCallbacks.java:70)
	at org.junit.runners.ParentRunner.run(ParentRunner.java:363)
	at org.springframework.test.context.junit4.SpringJUnit4ClassRunner.run(SpringJUnit4ClassRunner.java:190)
	at org.junit.runner.JUnitCore.run(JUnitCore.java:137)
	at com.intellij.junit4.JUnit4IdeaTestRunner.startRunnerWithArgs(JUnit4IdeaTestRunner.java:68)
	at com.intellij.rt.execution.junit.IdeaTestRunner$Repeater.startRunnerWithArgs(IdeaTestRunner.java:47)
	at com.intellij.rt.execution.junit.JUnitStarter.prepareStreamsAndStart(JUnitStarter.java:242)
	at com.intellij.rt.execution.junit.JUnitStarter.main(JUnitStarter.java:70)
Caused by: org.springframework.beans.factory.BeanCreationException: Error creating bean with name 'tk.mybatis.spring.mapper.MapperScannerConfigurer#0' defined in class path resource [spring_mybatis.xml]: Error setting property values; nested exception is org.springframework.beans.PropertyBatchUpdateException; nested PropertyAccessExceptions (1) are:
PropertyAccessException 1: org.springframework.beans.MethodInvocationException: Property 'properties' threw exception; nested exception is tk.mybatis.mapper.MapperException: 注册通用Mapper[com.spring.web.dao.BaseDAO]失败，找不到该通用Mapper!
	at org.springframework.beans.factory.support.AbstractAutowireCapableBeanFactory.applyPropertyValues(AbstractAutowireCapableBeanFactory.java:1702)
	at org.springframework.beans.factory.support.AbstractAutowireCapableBeanFactory.populateBean(AbstractAutowireCapableBeanFactory.java:1417)
	at org.springframework.beans.factory.support.AbstractAutowireCapableBeanFactory.doCreateBean(AbstractAutowireCapableBeanFactory.java:592)
	at org.springframework.beans.factory.support.AbstractAutowireCapableBeanFactory.createBean(AbstractAutowireCapableBeanFactory.java:515)
	at org.springframework.beans.factory.support.AbstractBeanFactory.lambda$doGetBean$0(AbstractBeanFactory.java:320)
	at org.springframework.beans.factory.support.DefaultSingletonBeanRegistry.getSingleton(DefaultSingletonBeanRegistry.java:222)
	at org.springframework.beans.factory.support.AbstractBeanFactory.doGetBean(AbstractBeanFactory.java:318)
	at org.springframework.beans.factory.support.AbstractBeanFactory.getBean(AbstractBeanFactory.java:204)
	at org.springframework.context.support.PostProcessorRegistrationDelegate.invokeBeanFactoryPostProcessors(PostProcessorRegistrationDelegate.java:118)
	at org.springframework.context.support.AbstractApplicationContext.invokeBeanFactoryPostProcessors(AbstractApplicationContext.java:705)
	at org.springframework.context.support.AbstractApplicationContext.refresh(AbstractApplicationContext.java:531)
	at org.springframework.test.context.support.AbstractGenericContextLoader.loadContext(AbstractGenericContextLoader.java:128)
	at org.springframework.test.context.support.AbstractGenericContextLoader.loadContext(AbstractGenericContextLoader.java:60)
	at org.springframework.test.context.support.AbstractDelegatingSmartContextLoader.delegateLoading(AbstractDelegatingSmartContextLoader.java:275)
	at org.springframework.test.context.support.AbstractDelegatingSmartContextLoader.loadContext(AbstractDelegatingSmartContextLoader.java:243)
	at org.springframework.test.context.cache.DefaultCacheAwareContextLoaderDelegate.loadContextInternal(DefaultCacheAwareContextLoaderDelegate.java:99)
	at org.springframework.test.context.cache.DefaultCacheAwareContextLoaderDelegate.loadContext(DefaultCacheAwareContextLoaderDelegate.java:117)
	... 24 more
Caused by: org.springframework.beans.PropertyBatchUpdateException; nested PropertyAccessExceptions (1) are:
PropertyAccessException 1: org.springframework.beans.MethodInvocationException: Property 'properties' threw exception; nested exception is tk.mybatis.mapper.MapperException: 注册通用Mapper[com.spring.web.dao.BaseDAO]失败，找不到该通用Mapper!
	at org.springframework.beans.AbstractPropertyAccessor.setPropertyValues(AbstractPropertyAccessor.java:122)
	at org.springframework.beans.AbstractPropertyAccessor.setPropertyValues(AbstractPropertyAccessor.java:77)
	at org.springframework.beans.factory.support.AbstractAutowireCapableBeanFactory.applyPropertyValues(AbstractAutowireCapableBeanFactory.java:1698)
	... 40 more
2019-03-15 13:46:26  INFO DefaultTestContextBootstrapper:248 - Loaded default TestExecutionListener class names from location [META-INF/spring.factories]: [org.springframework.test.context.web.ServletTestExecutionListener, org.springframework.test.context.support.DirtiesContextBeforeModesTestExecutionListener, org.springframework.test.context.support.DependencyInjectionTestExecutionListener, org.springframework.test.context.support.DirtiesContextTestExecutionListener, org.springframework.test.context.transaction.TransactionalTestExecutionListener, org.springframework.test.context.jdbc.SqlScriptsTestExecutionListener]
2019-03-15 13:46:26  INFO DefaultTestContextBootstrapper:177 - Using TestExecutionListeners: [org.springframework.test.context.web.ServletTestExecutionListener@7085bdee, org.springframework.test.context.support.DirtiesContextBeforeModesTestExecutionListener@1ce92674, org.springframework.test.context.support.DependencyInjectionTestExecutionListener@5700d6b1, org.springframework.test.context.support.DirtiesContextTestExecutionListener@6fd02e5, org.springframework.test.context.transaction.TransactionalTestExecutionListener@5bcab519, org.springframework.test.context.jdbc.SqlScriptsTestExecutionListener@e45f292]
2019-03-15 13:46:27  WARN GenericApplicationContext:557 - Exception encountered during context initialization - cancelling refresh attempt: org.springframework.beans.factory.BeanCreationException: Error creating bean with name 'tk.mybatis.spring.mapper.MapperScannerConfigurer#0' defined in class path resource [spring_mybatis.xml]: Error setting property values; nested exception is org.springframework.beans.PropertyBatchUpdateException; nested PropertyAccessExceptions (1) are:
PropertyAccessException 1: org.springframework.beans.MethodInvocationException: Property 'properties' threw exception; nested exception is tk.mybatis.mapper.MapperException: 注册通用Mapper[com.spring.web.dao.BaseDAO]失败，找不到该通用Mapper!
2019-03-15 13:46:27 ERROR TestContextManager:250 - Caught exception while allowing TestExecutionListener [org.springframework.test.context.support.DependencyInjectionTestExecutionListener@5700d6b1] to prepare test instance [CourseServiceImplTest@639c2c1d]
java.lang.IllegalStateException: Failed to load ApplicationContext
	at org.springframework.test.context.cache.DefaultCacheAwareContextLoaderDelegate.loadContext(DefaultCacheAwareContextLoaderDelegate.java:125)
	at org.springframework.test.context.support.DefaultTestContext.getApplicationContext(DefaultTestContext.java:108)
	at org.springframework.test.context.support.DependencyInjectionTestExecutionListener.injectDependencies(DependencyInjectionTestExecutionListener.java:118)
	at org.springframework.test.context.support.DependencyInjectionTestExecutionListener.prepareTestInstance(DependencyInjectionTestExecutionListener.java:83)
	at org.springframework.test.context.TestContextManager.prepareTestInstance(TestContextManager.java:246)
	at org.springframework.test.context.junit4.SpringJUnit4ClassRunner.createTest(SpringJUnit4ClassRunner.java:227)
	at org.springframework.test.context.junit4.SpringJUnit4ClassRunner$1.runReflectiveCall(SpringJUnit4ClassRunner.java:289)
	at org.junit.internal.runners.model.ReflectiveCallable.run(ReflectiveCallable.java:12)
	at org.springframework.test.context.junit4.SpringJUnit4ClassRunner.methodBlock(SpringJUnit4ClassRunner.java:291)
	at org.springframework.test.context.junit4.SpringJUnit4ClassRunner.runChild(SpringJUnit4ClassRunner.java:246)
	at org.springframework.test.context.junit4.SpringJUnit4ClassRunner.runChild(SpringJUnit4ClassRunner.java:97)
	at org.junit.runners.ParentRunner$3.run(ParentRunner.java:290)
	at org.junit.runners.ParentRunner$1.schedule(ParentRunner.java:71)
	at org.junit.runners.ParentRunner.runChildren(ParentRunner.java:288)
	at org.junit.runners.ParentRunner.access$000(ParentRunner.java:58)
	at org.junit.runners.ParentRunner$2.evaluate(ParentRunner.java:268)
	at org.springframework.test.context.junit4.statements.RunBeforeTestClassCallbacks.evaluate(RunBeforeTestClassCallbacks.java:61)
	at org.springframework.test.context.junit4.statements.RunAfterTestClassCallbacks.evaluate(RunAfterTestClassCallbacks.java:70)
	at org.junit.runners.ParentRunner.run(ParentRunner.java:363)
	at org.springframework.test.context.junit4.SpringJUnit4ClassRunner.run(SpringJUnit4ClassRunner.java:190)
	at org.junit.runner.JUnitCore.run(JUnitCore.java:137)
	at com.intellij.junit4.JUnit4IdeaTestRunner.startRunnerWithArgs(JUnit4IdeaTestRunner.java:68)
	at com.intellij.rt.execution.junit.IdeaTestRunner$Repeater.startRunnerWithArgs(IdeaTestRunner.java:47)
	at com.intellij.rt.execution.junit.JUnitStarter.prepareStreamsAndStart(JUnitStarter.java:242)
	at com.intellij.rt.execution.junit.JUnitStarter.main(JUnitStarter.java:70)
Caused by: org.springframework.beans.factory.BeanCreationException: Error creating bean with name 'tk.mybatis.spring.mapper.MapperScannerConfigurer#0' defined in class path resource [spring_mybatis.xml]: Error setting property values; nested exception is org.springframework.beans.PropertyBatchUpdateException; nested PropertyAccessExceptions (1) are:
PropertyAccessException 1: org.springframework.beans.MethodInvocationException: Property 'properties' threw exception; nested exception is tk.mybatis.mapper.MapperException: 注册通用Mapper[com.spring.web.dao.BaseDAO]失败，找不到该通用Mapper!
	at org.springframework.beans.factory.support.AbstractAutowireCapableBeanFactory.applyPropertyValues(AbstractAutowireCapableBeanFactory.java:1702)
	at org.springframework.beans.factory.support.AbstractAutowireCapableBeanFactory.populateBean(AbstractAutowireCapableBeanFactory.java:1417)
	at org.springframework.beans.factory.support.AbstractAutowireCapableBeanFactory.doCreateBean(AbstractAutowireCapableBeanFactory.java:592)
	at org.springframework.beans.factory.support.AbstractAutowireCapableBeanFactory.createBean(AbstractAutowireCapableBeanFactory.java:515)
	at org.springframework.beans.factory.support.AbstractBeanFactory.lambda$doGetBean$0(AbstractBeanFactory.java:320)
	at org.springframework.beans.factory.support.DefaultSingletonBeanRegistry.getSingleton(DefaultSingletonBeanRegistry.java:222)
	at org.springframework.beans.factory.support.AbstractBeanFactory.doGetBean(AbstractBeanFactory.java:318)
	at org.springframework.beans.factory.support.AbstractBeanFactory.getBean(AbstractBeanFactory.java:204)
	at org.springframework.context.support.PostProcessorRegistrationDelegate.invokeBeanFactoryPostProcessors(PostProcessorRegistrationDelegate.java:118)
	at org.springframework.context.support.AbstractApplicationContext.invokeBeanFactoryPostProcessors(AbstractApplicationContext.java:705)
	at org.springframework.context.support.AbstractApplicationContext.refresh(AbstractApplicationContext.java:531)
	at org.springframework.test.context.support.AbstractGenericContextLoader.loadContext(AbstractGenericContextLoader.java:128)
	at org.springframework.test.context.support.AbstractGenericContextLoader.loadContext(AbstractGenericContextLoader.java:60)
	at org.springframework.test.context.support.AbstractDelegatingSmartContextLoader.delegateLoading(AbstractDelegatingSmartContextLoader.java:275)
	at org.springframework.test.context.support.AbstractDelegatingSmartContextLoader.loadContext(AbstractDelegatingSmartContextLoader.java:243)
	at org.springframework.test.context.cache.DefaultCacheAwareContextLoaderDelegate.loadContextInternal(DefaultCacheAwareContextLoaderDelegate.java:99)
	at org.springframework.test.context.cache.DefaultCacheAwareContextLoaderDelegate.loadContext(DefaultCacheAwareContextLoaderDelegate.java:117)
	... 24 more
Caused by: org.springframework.beans.PropertyBatchUpdateException; nested PropertyAccessExceptions (1) are:
PropertyAccessException 1: org.springframework.beans.MethodInvocationException: Property 'properties' threw exception; nested exception is tk.mybatis.mapper.MapperException: 注册通用Mapper[com.spring.web.dao.BaseDAO]失败，找不到该通用Mapper!
	at org.springframework.beans.AbstractPropertyAccessor.setPropertyValues(AbstractPropertyAccessor.java:122)
	at org.springframework.beans.AbstractPropertyAccessor.setPropertyValues(AbstractPropertyAccessor.java:77)
	at org.springframework.beans.factory.support.AbstractAutowireCapableBeanFactory.applyPropertyValues(AbstractAutowireCapableBeanFactory.java:1698)
	... 40 more
2019-03-15 13:55:05  INFO DefaultTestContextBootstrapper:248 - Loaded default TestExecutionListener class names from location [META-INF/spring.factories]: [org.springframework.test.context.web.ServletTestExecutionListener, org.springframework.test.context.support.DirtiesContextBeforeModesTestExecutionListener, org.springframework.test.context.support.DependencyInjectionTestExecutionListener, org.springframework.test.context.support.DirtiesContextTestExecutionListener, org.springframework.test.context.transaction.TransactionalTestExecutionListener, org.springframework.test.context.jdbc.SqlScriptsTestExecutionListener]
2019-03-15 13:55:05  INFO DefaultTestContextBootstrapper:177 - Using TestExecutionListeners: [org.springframework.test.context.web.ServletTestExecutionListener@e45f292, org.springframework.test.context.support.DirtiesContextBeforeModesTestExecutionListener@5f2108b5, org.springframework.test.context.support.DependencyInjectionTestExecutionListener@31a5c39e, org.springframework.test.context.support.DirtiesContextTestExecutionListener@3f49dace, org.springframework.test.context.transaction.TransactionalTestExecutionListener@1e397ed7, org.springframework.test.context.jdbc.SqlScriptsTestExecutionListener@490ab905]
2019-03-15 13:55:05  WARN GenericApplicationContext:557 - Exception encountered during context initialization - cancelling refresh attempt: org.springframework.beans.factory.BeanCreationException: Error creating bean with name 'tk.mybatis.spring.mapper.MapperScannerConfigurer#0' defined in class path resource [spring_mybatis.xml]: Error setting property values; nested exception is org.springframework.beans.PropertyBatchUpdateException; nested PropertyAccessExceptions (1) are:
PropertyAccessException 1: org.springframework.beans.MethodInvocationException: Property 'properties' threw exception; nested exception is tk.mybatis.mapper.MapperException: 注册通用Mapper[com.spring.web.dao.BaseDAO]失败，找不到该通用Mapper!
2019-03-15 13:55:05 ERROR TestContextManager:250 - Caught exception while allowing TestExecutionListener [org.springframework.test.context.support.DependencyInjectionTestExecutionListener@31a5c39e] to prepare test instance [CourseServiceImplTest@618b19ad]
java.lang.IllegalStateException: Failed to load ApplicationContext
	at org.springframework.test.context.cache.DefaultCacheAwareContextLoaderDelegate.loadContext(DefaultCacheAwareContextLoaderDelegate.java:125)
	at org.springframework.test.context.support.DefaultTestContext.getApplicationContext(DefaultTestContext.java:108)
	at org.springframework.test.context.support.DependencyInjectionTestExecutionListener.injectDependencies(DependencyInjectionTestExecutionListener.java:118)
	at org.springframework.test.context.support.DependencyInjectionTestExecutionListener.prepareTestInstance(DependencyInjectionTestExecutionListener.java:83)
	at org.springframework.test.context.TestContextManager.prepareTestInstance(TestContextManager.java:246)
	at org.springframework.test.context.junit4.SpringJUnit4ClassRunner.createTest(SpringJUnit4ClassRunner.java:227)
	at org.springframework.test.context.junit4.SpringJUnit4ClassRunner$1.runReflectiveCall(SpringJUnit4ClassRunner.java:289)
	at org.junit.internal.runners.model.ReflectiveCallable.run(ReflectiveCallable.java:12)
	at org.springframework.test.context.junit4.SpringJUnit4ClassRunner.methodBlock(SpringJUnit4ClassRunner.java:291)
	at org.springframework.test.context.junit4.SpringJUnit4ClassRunner.runChild(SpringJUnit4ClassRunner.java:246)
	at org.springframework.test.context.junit4.SpringJUnit4ClassRunner.runChild(SpringJUnit4ClassRunner.java:97)
	at org.junit.runners.ParentRunner$3.run(ParentRunner.java:290)
	at org.junit.runners.ParentRunner$1.schedule(ParentRunner.java:71)
	at org.junit.runners.ParentRunner.runChildren(ParentRunner.java:288)
	at org.junit.runners.ParentRunner.access$000(ParentRunner.java:58)
	at org.junit.runners.ParentRunner$2.evaluate(ParentRunner.java:268)
	at org.springframework.test.context.junit4.statements.RunBeforeTestClassCallbacks.evaluate(RunBeforeTestClassCallbacks.java:61)
	at org.springframework.test.context.junit4.statements.RunAfterTestClassCallbacks.evaluate(RunAfterTestClassCallbacks.java:70)
	at org.junit.runners.ParentRunner.run(ParentRunner.java:363)
	at org.springframework.test.context.junit4.SpringJUnit4ClassRunner.run(SpringJUnit4ClassRunner.java:190)
	at org.junit.runner.JUnitCore.run(JUnitCore.java:137)
	at com.intellij.junit4.JUnit4IdeaTestRunner.startRunnerWithArgs(JUnit4IdeaTestRunner.java:68)
	at com.intellij.rt.execution.junit.IdeaTestRunner$Repeater.startRunnerWithArgs(IdeaTestRunner.java:47)
	at com.intellij.rt.execution.junit.JUnitStarter.prepareStreamsAndStart(JUnitStarter.java:242)
	at com.intellij.rt.execution.junit.JUnitStarter.main(JUnitStarter.java:70)
Caused by: org.springframework.beans.factory.BeanCreationException: Error creating bean with name 'tk.mybatis.spring.mapper.MapperScannerConfigurer#0' defined in class path resource [spring_mybatis.xml]: Error setting property values; nested exception is org.springframework.beans.PropertyBatchUpdateException; nested PropertyAccessExceptions (1) are:
PropertyAccessException 1: org.springframework.beans.MethodInvocationException: Property 'properties' threw exception; nested exception is tk.mybatis.mapper.MapperException: 注册通用Mapper[com.spring.web.dao.BaseDAO]失败，找不到该通用Mapper!
	at org.springframework.beans.factory.support.AbstractAutowireCapableBeanFactory.applyPropertyValues(AbstractAutowireCapableBeanFactory.java:1702)
	at org.springframework.beans.factory.support.AbstractAutowireCapableBeanFactory.populateBean(AbstractAutowireCapableBeanFactory.java:1417)
	at org.springframework.beans.factory.support.AbstractAutowireCapableBeanFactory.doCreateBean(AbstractAutowireCapableBeanFactory.java:592)
	at org.springframework.beans.factory.support.AbstractAutowireCapableBeanFactory.createBean(AbstractAutowireCapableBeanFactory.java:515)
	at org.springframework.beans.factory.support.AbstractBeanFactory.lambda$doGetBean$0(AbstractBeanFactory.java:320)
	at org.springframework.beans.factory.support.DefaultSingletonBeanRegistry.getSingleton(DefaultSingletonBeanRegistry.java:222)
	at org.springframework.beans.factory.support.AbstractBeanFactory.doGetBean(AbstractBeanFactory.java:318)
	at org.springframework.beans.factory.support.AbstractBeanFactory.getBean(AbstractBeanFactory.java:204)
	at org.springframework.context.support.PostProcessorRegistrationDelegate.invokeBeanFactoryPostProcessors(PostProcessorRegistrationDelegate.java:118)
	at org.springframework.context.support.AbstractApplicationContext.invokeBeanFactoryPostProcessors(AbstractApplicationContext.java:705)
	at org.springframework.context.support.AbstractApplicationContext.refresh(AbstractApplicationContext.java:531)
	at org.springframework.test.context.support.AbstractGenericContextLoader.loadContext(AbstractGenericContextLoader.java:128)
	at org.springframework.test.context.support.AbstractGenericContextLoader.loadContext(AbstractGenericContextLoader.java:60)
	at org.springframework.test.context.support.AbstractDelegatingSmartContextLoader.delegateLoading(AbstractDelegatingSmartContextLoader.java:275)
	at org.springframework.test.context.support.AbstractDelegatingSmartContextLoader.loadContext(AbstractDelegatingSmartContextLoader.java:243)
	at org.springframework.test.context.cache.DefaultCacheAwareContextLoaderDelegate.loadContextInternal(DefaultCacheAwareContextLoaderDelegate.java:99)
	at org.springframework.test.context.cache.DefaultCacheAwareContextLoaderDelegate.loadContext(DefaultCacheAwareContextLoaderDelegate.java:117)
	... 24 more
Caused by: org.springframework.beans.PropertyBatchUpdateException; nested PropertyAccessExceptions (1) are:
PropertyAccessException 1: org.springframework.beans.MethodInvocationException: Property 'properties' threw exception; nested exception is tk.mybatis.mapper.MapperException: 注册通用Mapper[com.spring.web.dao.BaseDAO]失败，找不到该通用Mapper!
	at org.springframework.beans.AbstractPropertyAccessor.setPropertyValues(AbstractPropertyAccessor.java:122)
	at org.springframework.beans.AbstractPropertyAccessor.setPropertyValues(AbstractPropertyAccessor.java:77)
	at org.springframework.beans.factory.support.AbstractAutowireCapableBeanFactory.applyPropertyValues(AbstractAutowireCapableBeanFactory.java:1698)
	... 40 more
2019-03-16 20:20:41  INFO DefaultTestContextBootstrapper:248 - Loaded default TestExecutionListener class names from location [META-INF/spring.factories]: [org.springframework.test.context.web.ServletTestExecutionListener, org.springframework.test.context.support.DirtiesContextBeforeModesTestExecutionListener, org.springframework.test.context.support.DependencyInjectionTestExecutionListener, org.springframework.test.context.support.DirtiesContextTestExecutionListener, org.springframework.test.context.transaction.TransactionalTestExecutionListener, org.springframework.test.context.jdbc.SqlScriptsTestExecutionListener]
2019-03-16 20:20:41  INFO DefaultTestContextBootstrapper:177 - Using TestExecutionListeners: [org.springframework.test.context.web.ServletTestExecutionListener@e45f292, org.springframework.test.context.support.DirtiesContextBeforeModesTestExecutionListener@5f2108b5, org.springframework.test.context.support.DependencyInjectionTestExecutionListener@31a5c39e, org.springframework.test.context.support.DirtiesContextTestExecutionListener@3f49dace, org.springframework.test.context.transaction.TransactionalTestExecutionListener@1e397ed7, org.springframework.test.context.jdbc.SqlScriptsTestExecutionListener@490ab905]
2019-03-16 20:20:42  WARN GenericApplicationContext:557 - Exception encountered during context initialization - cancelling refresh attempt: org.springframework.beans.factory.BeanCreationException: Error creating bean with name 'tk.mybatis.spring.mapper.MapperScannerConfigurer#0' defined in class path resource [spring_mybatis.xml]: Error setting property values; nested exception is org.springframework.beans.PropertyBatchUpdateException; nested PropertyAccessExceptions (1) are:
PropertyAccessException 1: org.springframework.beans.MethodInvocationException: Property 'properties' threw exception; nested exception is tk.mybatis.mapper.MapperException: 注册通用Mapper[com.spring.web.dao.BaseDAO]失败，找不到该通用Mapper!
2019-03-16 20:20:42 ERROR TestContextManager:250 - Caught exception while allowing TestExecutionListener [org.springframework.test.context.support.DependencyInjectionTestExecutionListener@31a5c39e] to prepare test instance [CourseServiceImplTest@618b19ad]
java.lang.IllegalStateException: Failed to load ApplicationContext
	at org.springframework.test.context.cache.DefaultCacheAwareContextLoaderDelegate.loadContext(DefaultCacheAwareContextLoaderDelegate.java:125)
	at org.springframework.test.context.support.DefaultTestContext.getApplicationContext(DefaultTestContext.java:108)
	at org.springframework.test.context.support.DependencyInjectionTestExecutionListener.injectDependencies(DependencyInjectionTestExecutionListener.java:118)
	at org.springframework.test.context.support.DependencyInjectionTestExecutionListener.prepareTestInstance(DependencyInjectionTestExecutionListener.java:83)
	at org.springframework.test.context.TestContextManager.prepareTestInstance(TestContextManager.java:246)
	at org.springframework.test.context.junit4.SpringJUnit4ClassRunner.createTest(SpringJUnit4ClassRunner.java:227)
	at org.springframework.test.context.junit4.SpringJUnit4ClassRunner$1.runReflectiveCall(SpringJUnit4ClassRunner.java:289)
	at org.junit.internal.runners.model.ReflectiveCallable.run(ReflectiveCallable.java:12)
	at org.springframework.test.context.junit4.SpringJUnit4ClassRunner.methodBlock(SpringJUnit4ClassRunner.java:291)
	at org.springframework.test.context.junit4.SpringJUnit4ClassRunner.runChild(SpringJUnit4ClassRunner.java:246)
	at org.springframework.test.context.junit4.SpringJUnit4ClassRunner.runChild(SpringJUnit4ClassRunner.java:97)
	at org.junit.runners.ParentRunner$3.run(ParentRunner.java:290)
	at org.junit.runners.ParentRunner$1.schedule(ParentRunner.java:71)
	at org.junit.runners.ParentRunner.runChildren(ParentRunner.java:288)
	at org.junit.runners.ParentRunner.access$000(ParentRunner.java:58)
	at org.junit.runners.ParentRunner$2.evaluate(ParentRunner.java:268)
	at org.springframework.test.context.junit4.statements.RunBeforeTestClassCallbacks.evaluate(RunBeforeTestClassCallbacks.java:61)
	at org.springframework.test.context.junit4.statements.RunAfterTestClassCallbacks.evaluate(RunAfterTestClassCallbacks.java:70)
	at org.junit.runners.ParentRunner.run(ParentRunner.java:363)
	at org.springframework.test.context.junit4.SpringJUnit4ClassRunner.run(SpringJUnit4ClassRunner.java:190)
	at org.junit.runner.JUnitCore.run(JUnitCore.java:137)
	at com.intellij.junit4.JUnit4IdeaTestRunner.startRunnerWithArgs(JUnit4IdeaTestRunner.java:68)
	at com.intellij.rt.execution.junit.IdeaTestRunner$Repeater.startRunnerWithArgs(IdeaTestRunner.java:47)
	at com.intellij.rt.execution.junit.JUnitStarter.prepareStreamsAndStart(JUnitStarter.java:242)
	at com.intellij.rt.execution.junit.JUnitStarter.main(JUnitStarter.java:70)
Caused by: org.springframework.beans.factory.BeanCreationException: Error creating bean with name 'tk.mybatis.spring.mapper.MapperScannerConfigurer#0' defined in class path resource [spring_mybatis.xml]: Error setting property values; nested exception is org.springframework.beans.PropertyBatchUpdateException; nested PropertyAccessExceptions (1) are:
PropertyAccessException 1: org.springframework.beans.MethodInvocationException: Property 'properties' threw exception; nested exception is tk.mybatis.mapper.MapperException: 注册通用Mapper[com.spring.web.dao.BaseDAO]失败，找不到该通用Mapper!
	at org.springframework.beans.factory.support.AbstractAutowireCapableBeanFactory.applyPropertyValues(AbstractAutowireCapableBeanFactory.java:1702)
	at org.springframework.beans.factory.support.AbstractAutowireCapableBeanFactory.populateBean(AbstractAutowireCapableBeanFactory.java:1417)
	at org.springframework.beans.factory.support.AbstractAutowireCapableBeanFactory.doCreateBean(AbstractAutowireCapableBeanFactory.java:592)
	at org.springframework.beans.factory.support.AbstractAutowireCapableBeanFactory.createBean(AbstractAutowireCapableBeanFactory.java:515)
	at org.springframework.beans.factory.support.AbstractBeanFactory.lambda$doGetBean$0(AbstractBeanFactory.java:320)
	at org.springframework.beans.factory.support.DefaultSingletonBeanRegistry.getSingleton(DefaultSingletonBeanRegistry.java:222)
	at org.springframework.beans.factory.support.AbstractBeanFactory.doGetBean(AbstractBeanFactory.java:318)
	at org.springframework.beans.factory.support.AbstractBeanFactory.getBean(AbstractBeanFactory.java:204)
	at org.springframework.context.support.PostProcessorRegistrationDelegate.invokeBeanFactoryPostProcessors(PostProcessorRegistrationDelegate.java:118)
	at org.springframework.context.support.AbstractApplicationContext.invokeBeanFactoryPostProcessors(AbstractApplicationContext.java:705)
	at org.springframework.context.support.AbstractApplicationContext.refresh(AbstractApplicationContext.java:531)
	at org.springframework.test.context.support.AbstractGenericContextLoader.loadContext(AbstractGenericContextLoader.java:128)
	at org.springframework.test.context.support.AbstractGenericContextLoader.loadContext(AbstractGenericContextLoader.java:60)
	at org.springframework.test.context.support.AbstractDelegatingSmartContextLoader.delegateLoading(AbstractDelegatingSmartContextLoader.java:275)
	at org.springframework.test.context.support.AbstractDelegatingSmartContextLoader.loadContext(AbstractDelegatingSmartContextLoader.java:243)
	at org.springframework.test.context.cache.DefaultCacheAwareContextLoaderDelegate.loadContextInternal(DefaultCacheAwareContextLoaderDelegate.java:99)
	at org.springframework.test.context.cache.DefaultCacheAwareContextLoaderDelegate.loadContext(DefaultCacheAwareContextLoaderDelegate.java:117)
	... 24 more
Caused by: org.springframework.beans.PropertyBatchUpdateException; nested PropertyAccessExceptions (1) are:
PropertyAccessException 1: org.springframework.beans.MethodInvocationException: Property 'properties' threw exception; nested exception is tk.mybatis.mapper.MapperException: 注册通用Mapper[com.spring.web.dao.BaseDAO]失败，找不到该通用Mapper!
	at org.springframework.beans.AbstractPropertyAccessor.setPropertyValues(AbstractPropertyAccessor.java:122)
	at org.springframework.beans.AbstractPropertyAccessor.setPropertyValues(AbstractPropertyAccessor.java:77)
	at org.springframework.beans.factory.support.AbstractAutowireCapableBeanFactory.applyPropertyValues(AbstractAutowireCapableBeanFactory.java:1698)
	... 40 more
2019-03-17 00:57:32  INFO DefaultTestContextBootstrapper:248 - Loaded default TestExecutionListener class names from location [META-INF/spring.factories]: [org.springframework.test.context.web.ServletTestExecutionListener, org.springframework.test.context.support.DirtiesContextBeforeModesTestExecutionListener, org.springframework.test.context.support.DependencyInjectionTestExecutionListener, org.springframework.test.context.support.DirtiesContextTestExecutionListener, org.springframework.test.context.transaction.TransactionalTestExecutionListener, org.springframework.test.context.jdbc.SqlScriptsTestExecutionListener]
2019-03-17 00:57:32  INFO DefaultTestContextBootstrapper:177 - Using TestExecutionListeners: [org.springframework.test.context.web.ServletTestExecutionListener@e45f292, org.springframework.test.context.support.DirtiesContextBeforeModesTestExecutionListener@5f2108b5, org.springframework.test.context.support.DependencyInjectionTestExecutionListener@31a5c39e, org.springframework.test.context.support.DirtiesContextTestExecutionListener@3f49dace, org.springframework.test.context.transaction.TransactionalTestExecutionListener@1e397ed7, org.springframework.test.context.jdbc.SqlScriptsTestExecutionListener@490ab905]
2019-03-17 00:57:34  WARN GenericApplicationContext:557 - Exception encountered during context initialization - cancelling refresh attempt: org.springframework.beans.factory.BeanCreationException: Error creating bean with name 'tk.mybatis.spring.mapper.MapperScannerConfigurer#0' defined in class path resource [spring_mybatis.xml]: Error setting property values; nested exception is org.springframework.beans.PropertyBatchUpdateException; nested PropertyAccessExceptions (1) are:
PropertyAccessException 1: org.springframework.beans.MethodInvocationException: Property 'properties' threw exception; nested exception is tk.mybatis.mapper.MapperException: 注册通用Mapper[com.spring.web.dao.BaseDAO]失败，找不到该通用Mapper!
2019-03-17 00:57:34 ERROR TestContextManager:250 - Caught exception while allowing TestExecutionListener [org.springframework.test.context.support.DependencyInjectionTestExecutionListener@31a5c39e] to prepare test instance [CourseServiceImplTest@510f3d34]
java.lang.IllegalStateException: Failed to load ApplicationContext
	at org.springframework.test.context.cache.DefaultCacheAwareContextLoaderDelegate.loadContext(DefaultCacheAwareContextLoaderDelegate.java:125)
	at org.springframework.test.context.support.DefaultTestContext.getApplicationContext(DefaultTestContext.java:108)
	at org.springframework.test.context.support.DependencyInjectionTestExecutionListener.injectDependencies(DependencyInjectionTestExecutionListener.java:118)
	at org.springframework.test.context.support.DependencyInjectionTestExecutionListener.prepareTestInstance(DependencyInjectionTestExecutionListener.java:83)
	at org.springframework.test.context.TestContextManager.prepareTestInstance(TestContextManager.java:246)
	at org.springframework.test.context.junit4.SpringJUnit4ClassRunner.createTest(SpringJUnit4ClassRunner.java:227)
	at org.springframework.test.context.junit4.SpringJUnit4ClassRunner$1.runReflectiveCall(SpringJUnit4ClassRunner.java:289)
	at org.junit.internal.runners.model.ReflectiveCallable.run(ReflectiveCallable.java:12)
	at org.springframework.test.context.junit4.SpringJUnit4ClassRunner.methodBlock(SpringJUnit4ClassRunner.java:291)
	at org.springframework.test.context.junit4.SpringJUnit4ClassRunner.runChild(SpringJUnit4ClassRunner.java:246)
	at org.springframework.test.context.junit4.SpringJUnit4ClassRunner.runChild(SpringJUnit4ClassRunner.java:97)
	at org.junit.runners.ParentRunner$3.run(ParentRunner.java:290)
	at org.junit.runners.ParentRunner$1.schedule(ParentRunner.java:71)
	at org.junit.runners.ParentRunner.runChildren(ParentRunner.java:288)
	at org.junit.runners.ParentRunner.access$000(ParentRunner.java:58)
	at org.junit.runners.ParentRunner$2.evaluate(ParentRunner.java:268)
	at org.springframework.test.context.junit4.statements.RunBeforeTestClassCallbacks.evaluate(RunBeforeTestClassCallbacks.java:61)
	at org.springframework.test.context.junit4.statements.RunAfterTestClassCallbacks.evaluate(RunAfterTestClassCallbacks.java:70)
	at org.junit.runners.ParentRunner.run(ParentRunner.java:363)
	at org.springframework.test.context.junit4.SpringJUnit4ClassRunner.run(SpringJUnit4ClassRunner.java:190)
	at org.junit.runner.JUnitCore.run(JUnitCore.java:137)
	at com.intellij.junit4.JUnit4IdeaTestRunner.startRunnerWithArgs(JUnit4IdeaTestRunner.java:68)
	at com.intellij.rt.execution.junit.IdeaTestRunner$Repeater.startRunnerWithArgs(IdeaTestRunner.java:47)
	at com.intellij.rt.execution.junit.JUnitStarter.prepareStreamsAndStart(JUnitStarter.java:242)
	at com.intellij.rt.execution.junit.JUnitStarter.main(JUnitStarter.java:70)
Caused by: org.springframework.beans.factory.BeanCreationException: Error creating bean with name 'tk.mybatis.spring.mapper.MapperScannerConfigurer#0' defined in class path resource [spring_mybatis.xml]: Error setting property values; nested exception is org.springframework.beans.PropertyBatchUpdateException; nested PropertyAccessExceptions (1) are:
PropertyAccessException 1: org.springframework.beans.MethodInvocationException: Property 'properties' threw exception; nested exception is tk.mybatis.mapper.MapperException: 注册通用Mapper[com.spring.web.dao.BaseDAO]失败，找不到该通用Mapper!
	at org.springframework.beans.factory.support.AbstractAutowireCapableBeanFactory.applyPropertyValues(AbstractAutowireCapableBeanFactory.java:1702)
	at org.springframework.beans.factory.support.AbstractAutowireCapableBeanFactory.populateBean(AbstractAutowireCapableBeanFactory.java:1417)
	at org.springframework.beans.factory.support.AbstractAutowireCapableBeanFactory.doCreateBean(AbstractAutowireCapableBeanFactory.java:592)
	at org.springframework.beans.factory.support.AbstractAutowireCapableBeanFactory.createBean(AbstractAutowireCapableBeanFactory.java:515)
	at org.springframework.beans.factory.support.AbstractBeanFactory.lambda$doGetBean$0(AbstractBeanFactory.java:320)
	at org.springframework.beans.factory.support.DefaultSingletonBeanRegistry.getSingleton(DefaultSingletonBeanRegistry.java:222)
	at org.springframework.beans.factory.support.AbstractBeanFactory.doGetBean(AbstractBeanFactory.java:318)
	at org.springframework.beans.factory.support.AbstractBeanFactory.getBean(AbstractBeanFactory.java:204)
	at org.springframework.context.support.PostProcessorRegistrationDelegate.invokeBeanFactoryPostProcessors(PostProcessorRegistrationDelegate.java:118)
	at org.springframework.context.support.AbstractApplicationContext.invokeBeanFactoryPostProcessors(AbstractApplicationContext.java:705)
	at org.springframework.context.support.AbstractApplicationContext.refresh(AbstractApplicationContext.java:531)
	at org.springframework.test.context.support.AbstractGenericContextLoader.loadContext(AbstractGenericContextLoader.java:128)
	at org.springframework.test.context.support.AbstractGenericContextLoader.loadContext(AbstractGenericContextLoader.java:60)
	at org.springframework.test.context.support.AbstractDelegatingSmartContextLoader.delegateLoading(AbstractDelegatingSmartContextLoader.java:275)
	at org.springframework.test.context.support.AbstractDelegatingSmartContextLoader.loadContext(AbstractDelegatingSmartContextLoader.java:243)
	at org.springframework.test.context.cache.DefaultCacheAwareContextLoaderDelegate.loadContextInternal(DefaultCacheAwareContextLoaderDelegate.java:99)
	at org.springframework.test.context.cache.DefaultCacheAwareContextLoaderDelegate.loadContext(DefaultCacheAwareContextLoaderDelegate.java:117)
	... 24 more
Caused by: org.springframework.beans.PropertyBatchUpdateException; nested PropertyAccessExceptions (1) are:
PropertyAccessException 1: org.springframework.beans.MethodInvocationException: Property 'properties' threw exception; nested exception is tk.mybatis.mapper.MapperException: 注册通用Mapper[com.spring.web.dao.BaseDAO]失败，找不到该通用Mapper!
	at org.springframework.beans.AbstractPropertyAccessor.setPropertyValues(AbstractPropertyAccessor.java:122)
	at org.springframework.beans.AbstractPropertyAccessor.setPropertyValues(AbstractPropertyAccessor.java:77)
	at org.springframework.beans.factory.support.AbstractAutowireCapableBeanFactory.applyPropertyValues(AbstractAutowireCapableBeanFactory.java:1698)
	... 40 more
2019-03-17 01:48:38  INFO DefaultTestContextBootstrapper:248 - Loaded default TestExecutionListener class names from location [META-INF/spring.factories]: [org.springframework.test.context.web.ServletTestExecutionListener, org.springframework.test.context.support.DirtiesContextBeforeModesTestExecutionListener, org.springframework.test.context.support.DependencyInjectionTestExecutionListener, org.springframework.test.context.support.DirtiesContextTestExecutionListener, org.springframework.test.context.transaction.TransactionalTestExecutionListener, org.springframework.test.context.jdbc.SqlScriptsTestExecutionListener]
2019-03-17 01:48:38  INFO DefaultTestContextBootstrapper:177 - Using TestExecutionListeners: [org.springframework.test.context.web.ServletTestExecutionListener@e45f292, org.springframework.test.context.support.DirtiesContextBeforeModesTestExecutionListener@5f2108b5, org.springframework.test.context.support.DependencyInjectionTestExecutionListener@31a5c39e, org.springframework.test.context.support.DirtiesContextTestExecutionListener@3f49dace, org.springframework.test.context.transaction.TransactionalTestExecutionListener@1e397ed7, org.springframework.test.context.jdbc.SqlScriptsTestExecutionListener@490ab905]
2019-03-17 01:48:39  WARN GenericApplicationContext:557 - Exception encountered during context initialization - cancelling refresh attempt: org.springframework.beans.factory.BeanCreationException: Error creating bean with name 'tk.mybatis.spring.mapper.MapperScannerConfigurer#0' defined in class path resource [spring_mybatis.xml]: Error setting property values; nested exception is org.springframework.beans.PropertyBatchUpdateException; nested PropertyAccessExceptions (1) are:
PropertyAccessException 1: org.springframework.beans.MethodInvocationException: Property 'properties' threw exception; nested exception is tk.mybatis.mapper.MapperException: 注册通用Mapper[com.spring.web.dao.BaseDAO]失败，找不到该通用Mapper!
2019-03-17 01:48:39 ERROR TestContextManager:250 - Caught exception while allowing TestExecutionListener [org.springframework.test.context.support.DependencyInjectionTestExecutionListener@31a5c39e] to prepare test instance [CourseServiceImplTest@510f3d34]
java.lang.IllegalStateException: Failed to load ApplicationContext
	at org.springframework.test.context.cache.DefaultCacheAwareContextLoaderDelegate.loadContext(DefaultCacheAwareContextLoaderDelegate.java:125)
	at org.springframework.test.context.support.DefaultTestContext.getApplicationContext(DefaultTestContext.java:108)
	at org.springframework.test.context.support.DependencyInjectionTestExecutionListener.injectDependencies(DependencyInjectionTestExecutionListener.java:118)
	at org.springframework.test.context.support.DependencyInjectionTestExecutionListener.prepareTestInstance(DependencyInjectionTestExecutionListener.java:83)
	at org.springframework.test.context.TestContextManager.prepareTestInstance(TestContextManager.java:246)
	at org.springframework.test.context.junit4.SpringJUnit4ClassRunner.createTest(SpringJUnit4ClassRunner.java:227)
	at org.springframework.test.context.junit4.SpringJUnit4ClassRunner$1.runReflectiveCall(SpringJUnit4ClassRunner.java:289)
	at org.junit.internal.runners.model.ReflectiveCallable.run(ReflectiveCallable.java:12)
	at org.springframework.test.context.junit4.SpringJUnit4ClassRunner.methodBlock(SpringJUnit4ClassRunner.java:291)
	at org.springframework.test.context.junit4.SpringJUnit4ClassRunner.runChild(SpringJUnit4ClassRunner.java:246)
	at org.springframework.test.context.junit4.SpringJUnit4ClassRunner.runChild(SpringJUnit4ClassRunner.java:97)
	at org.junit.runners.ParentRunner$3.run(ParentRunner.java:290)
	at org.junit.runners.ParentRunner$1.schedule(ParentRunner.java:71)
	at org.junit.runners.ParentRunner.runChildren(ParentRunner.java:288)
	at org.junit.runners.ParentRunner.access$000(ParentRunner.java:58)
	at org.junit.runners.ParentRunner$2.evaluate(ParentRunner.java:268)
	at org.springframework.test.context.junit4.statements.RunBeforeTestClassCallbacks.evaluate(RunBeforeTestClassCallbacks.java:61)
	at org.springframework.test.context.junit4.statements.RunAfterTestClassCallbacks.evaluate(RunAfterTestClassCallbacks.java:70)
	at org.junit.runners.ParentRunner.run(ParentRunner.java:363)
	at org.springframework.test.context.junit4.SpringJUnit4ClassRunner.run(SpringJUnit4ClassRunner.java:190)
	at org.junit.runner.JUnitCore.run(JUnitCore.java:137)
	at com.intellij.junit4.JUnit4IdeaTestRunner.startRunnerWithArgs(JUnit4IdeaTestRunner.java:68)
	at com.intellij.rt.execution.junit.IdeaTestRunner$Repeater.startRunnerWithArgs(IdeaTestRunner.java:47)
	at com.intellij.rt.execution.junit.JUnitStarter.prepareStreamsAndStart(JUnitStarter.java:242)
	at com.intellij.rt.execution.junit.JUnitStarter.main(JUnitStarter.java:70)
Caused by: org.springframework.beans.factory.BeanCreationException: Error creating bean with name 'tk.mybatis.spring.mapper.MapperScannerConfigurer#0' defined in class path resource [spring_mybatis.xml]: Error setting property values; nested exception is org.springframework.beans.PropertyBatchUpdateException; nested PropertyAccessExceptions (1) are:
PropertyAccessException 1: org.springframework.beans.MethodInvocationException: Property 'properties' threw exception; nested exception is tk.mybatis.mapper.MapperException: 注册通用Mapper[com.spring.web.dao.BaseDAO]失败，找不到该通用Mapper!
	at org.springframework.beans.factory.support.AbstractAutowireCapableBeanFactory.applyPropertyValues(AbstractAutowireCapableBeanFactory.java:1702)
	at org.springframework.beans.factory.support.AbstractAutowireCapableBeanFactory.populateBean(AbstractAutowireCapableBeanFactory.java:1417)
	at org.springframework.beans.factory.support.AbstractAutowireCapableBeanFactory.doCreateBean(AbstractAutowireCapableBeanFactory.java:592)
	at org.springframework.beans.factory.support.AbstractAutowireCapableBeanFactory.createBean(AbstractAutowireCapableBeanFactory.java:515)
	at org.springframework.beans.factory.support.AbstractBeanFactory.lambda$doGetBean$0(AbstractBeanFactory.java:320)
	at org.springframework.beans.factory.support.DefaultSingletonBeanRegistry.getSingleton(DefaultSingletonBeanRegistry.java:222)
	at org.springframework.beans.factory.support.AbstractBeanFactory.doGetBean(AbstractBeanFactory.java:318)
	at org.springframework.beans.factory.support.AbstractBeanFactory.getBean(AbstractBeanFactory.java:204)
	at org.springframework.context.support.PostProcessorRegistrationDelegate.invokeBeanFactoryPostProcessors(PostProcessorRegistrationDelegate.java:118)
	at org.springframework.context.support.AbstractApplicationContext.invokeBeanFactoryPostProcessors(AbstractApplicationContext.java:705)
	at org.springframework.context.support.AbstractApplicationContext.refresh(AbstractApplicationContext.java:531)
	at org.springframework.test.context.support.AbstractGenericContextLoader.loadContext(AbstractGenericContextLoader.java:128)
	at org.springframework.test.context.support.AbstractGenericContextLoader.loadContext(AbstractGenericContextLoader.java:60)
	at org.springframework.test.context.support.AbstractDelegatingSmartContextLoader.delegateLoading(AbstractDelegatingSmartContextLoader.java:275)
	at org.springframework.test.context.support.AbstractDelegatingSmartContextLoader.loadContext(AbstractDelegatingSmartContextLoader.java:243)
	at org.springframework.test.context.cache.DefaultCacheAwareContextLoaderDelegate.loadContextInternal(DefaultCacheAwareContextLoaderDelegate.java:99)
	at org.springframework.test.context.cache.DefaultCacheAwareContextLoaderDelegate.loadContext(DefaultCacheAwareContextLoaderDelegate.java:117)
	... 24 more
Caused by: org.springframework.beans.PropertyBatchUpdateException; nested PropertyAccessExceptions (1) are:
PropertyAccessException 1: org.springframework.beans.MethodInvocationException: Property 'properties' threw exception; nested exception is tk.mybatis.mapper.MapperException: 注册通用Mapper[com.spring.web.dao.BaseDAO]失败，找不到该通用Mapper!
	at org.springframework.beans.AbstractPropertyAccessor.setPropertyValues(AbstractPropertyAccessor.java:122)
	at org.springframework.beans.AbstractPropertyAccessor.setPropertyValues(AbstractPropertyAccessor.java:77)
	at org.springframework.beans.factory.support.AbstractAutowireCapableBeanFactory.applyPropertyValues(AbstractAutowireCapableBeanFactory.java:1698)
	... 40 more
2019-03-17 08:55:52  INFO DefaultTestContextBootstrapper:248 - Loaded default TestExecutionListener class names from location [META-INF/spring.factories]: [org.springframework.test.context.web.ServletTestExecutionListener, org.springframework.test.context.support.DirtiesContextBeforeModesTestExecutionListener, org.springframework.test.context.support.DependencyInjectionTestExecutionListener, org.springframework.test.context.support.DirtiesContextTestExecutionListener, org.springframework.test.context.transaction.TransactionalTestExecutionListener, org.springframework.test.context.jdbc.SqlScriptsTestExecutionListener]
2019-03-17 08:55:52  INFO DefaultTestContextBootstrapper:177 - Using TestExecutionListeners: [org.springframework.test.context.web.ServletTestExecutionListener@e45f292, org.springframework.test.context.support.DirtiesContextBeforeModesTestExecutionListener@5f2108b5, org.springframework.test.context.support.DependencyInjectionTestExecutionListener@31a5c39e, org.springframework.test.context.support.DirtiesContextTestExecutionListener@3f49dace, org.springframework.test.context.transaction.TransactionalTestExecutionListener@1e397ed7, org.springframework.test.context.jdbc.SqlScriptsTestExecutionListener@490ab905]
2019-03-17 08:55:55  WARN GenericApplicationContext:557 - Exception encountered during context initialization - cancelling refresh attempt: org.springframework.beans.factory.BeanCreationException: Error creating bean with name 'tk.mybatis.spring.mapper.MapperScannerConfigurer#0' defined in class path resource [spring_mybatis.xml]: Error setting property values; nested exception is org.springframework.beans.PropertyBatchUpdateException; nested PropertyAccessExceptions (1) are:
PropertyAccessException 1: org.springframework.beans.MethodInvocationException: Property 'properties' threw exception; nested exception is tk.mybatis.mapper.MapperException: 注册通用Mapper[com.spring.web.dao.BaseDAO]失败，找不到该通用Mapper!
2019-03-17 08:55:55 ERROR TestContextManager:250 - Caught exception while allowing TestExecutionListener [org.springframework.test.context.support.DependencyInjectionTestExecutionListener@31a5c39e] to prepare test instance [CourseServiceImplTest@510f3d34]
java.lang.IllegalStateException: Failed to load ApplicationContext
	at org.springframework.test.context.cache.DefaultCacheAwareContextLoaderDelegate.loadContext(DefaultCacheAwareContextLoaderDelegate.java:125)
	at org.springframework.test.context.support.DefaultTestContext.getApplicationContext(DefaultTestContext.java:108)
	at org.springframework.test.context.support.DependencyInjectionTestExecutionListener.injectDependencies(DependencyInjectionTestExecutionListener.java:118)
	at org.springframework.test.context.support.DependencyInjectionTestExecutionListener.prepareTestInstance(DependencyInjectionTestExecutionListener.java:83)
	at org.springframework.test.context.TestContextManager.prepareTestInstance(TestContextManager.java:246)
	at org.springframework.test.context.junit4.SpringJUnit4ClassRunner.createTest(SpringJUnit4ClassRunner.java:227)
	at org.springframework.test.context.junit4.SpringJUnit4ClassRunner$1.runReflectiveCall(SpringJUnit4ClassRunner.java:289)
	at org.junit.internal.runners.model.ReflectiveCallable.run(ReflectiveCallable.java:12)
	at org.springframework.test.context.junit4.SpringJUnit4ClassRunner.methodBlock(SpringJUnit4ClassRunner.java:291)
	at org.springframework.test.context.junit4.SpringJUnit4ClassRunner.runChild(SpringJUnit4ClassRunner.java:246)
	at org.springframework.test.context.junit4.SpringJUnit4ClassRunner.runChild(SpringJUnit4ClassRunner.java:97)
	at org.junit.runners.ParentRunner$3.run(ParentRunner.java:290)
	at org.junit.runners.ParentRunner$1.schedule(ParentRunner.java:71)
	at org.junit.runners.ParentRunner.runChildren(ParentRunner.java:288)
	at org.junit.runners.ParentRunner.access$000(ParentRunner.java:58)
	at org.junit.runners.ParentRunner$2.evaluate(ParentRunner.java:268)
	at org.springframework.test.context.junit4.statements.RunBeforeTestClassCallbacks.evaluate(RunBeforeTestClassCallbacks.java:61)
	at org.springframework.test.context.junit4.statements.RunAfterTestClassCallbacks.evaluate(RunAfterTestClassCallbacks.java:70)
	at org.junit.runners.ParentRunner.run(ParentRunner.java:363)
	at org.springframework.test.context.junit4.SpringJUnit4ClassRunner.run(SpringJUnit4ClassRunner.java:190)
	at org.junit.runner.JUnitCore.run(JUnitCore.java:137)
	at com.intellij.junit4.JUnit4IdeaTestRunner.startRunnerWithArgs(JUnit4IdeaTestRunner.java:68)
	at com.intellij.rt.execution.junit.IdeaTestRunner$Repeater.startRunnerWithArgs(IdeaTestRunner.java:47)
	at com.intellij.rt.execution.junit.JUnitStarter.prepareStreamsAndStart(JUnitStarter.java:242)
	at com.intellij.rt.execution.junit.JUnitStarter.main(JUnitStarter.java:70)
Caused by: org.springframework.beans.factory.BeanCreationException: Error creating bean with name 'tk.mybatis.spring.mapper.MapperScannerConfigurer#0' defined in class path resource [spring_mybatis.xml]: Error setting property values; nested exception is org.springframework.beans.PropertyBatchUpdateException; nested PropertyAccessExceptions (1) are:
PropertyAccessException 1: org.springframework.beans.MethodInvocationException: Property 'properties' threw exception; nested exception is tk.mybatis.mapper.MapperException: 注册通用Mapper[com.spring.web.dao.BaseDAO]失败，找不到该通用Mapper!
	at org.springframework.beans.factory.support.AbstractAutowireCapableBeanFactory.applyPropertyValues(AbstractAutowireCapableBeanFactory.java:1702)
	at org.springframework.beans.factory.support.AbstractAutowireCapableBeanFactory.populateBean(AbstractAutowireCapableBeanFactory.java:1417)
	at org.springframework.beans.factory.support.AbstractAutowireCapableBeanFactory.doCreateBean(AbstractAutowireCapableBeanFactory.java:592)
	at org.springframework.beans.factory.support.AbstractAutowireCapableBeanFactory.createBean(AbstractAutowireCapableBeanFactory.java:515)
	at org.springframework.beans.factory.support.AbstractBeanFactory.lambda$doGetBean$0(AbstractBeanFactory.java:320)
	at org.springframework.beans.factory.support.DefaultSingletonBeanRegistry.getSingleton(DefaultSingletonBeanRegistry.java:222)
	at org.springframework.beans.factory.support.AbstractBeanFactory.doGetBean(AbstractBeanFactory.java:318)
	at org.springframework.beans.factory.support.AbstractBeanFactory.getBean(AbstractBeanFactory.java:204)
	at org.springframework.context.support.PostProcessorRegistrationDelegate.invokeBeanFactoryPostProcessors(PostProcessorRegistrationDelegate.java:118)
	at org.springframework.context.support.AbstractApplicationContext.invokeBeanFactoryPostProcessors(AbstractApplicationContext.java:705)
	at org.springframework.context.support.AbstractApplicationContext.refresh(AbstractApplicationContext.java:531)
	at org.springframework.test.context.support.AbstractGenericContextLoader.loadContext(AbstractGenericContextLoader.java:128)
	at org.springframework.test.context.support.AbstractGenericContextLoader.loadContext(AbstractGenericContextLoader.java:60)
	at org.springframework.test.context.support.AbstractDelegatingSmartContextLoader.delegateLoading(AbstractDelegatingSmartContextLoader.java:275)
	at org.springframework.test.context.support.AbstractDelegatingSmartContextLoader.loadContext(AbstractDelegatingSmartContextLoader.java:243)
	at org.springframework.test.context.cache.DefaultCacheAwareContextLoaderDelegate.loadContextInternal(DefaultCacheAwareContextLoaderDelegate.java:99)
	at org.springframework.test.context.cache.DefaultCacheAwareContextLoaderDelegate.loadContext(DefaultCacheAwareContextLoaderDelegate.java:117)
	... 24 more
Caused by: org.springframework.beans.PropertyBatchUpdateException; nested PropertyAccessExceptions (1) are:
PropertyAccessException 1: org.springframework.beans.MethodInvocationException: Property 'properties' threw exception; nested exception is tk.mybatis.mapper.MapperException: 注册通用Mapper[com.spring.web.dao.BaseDAO]失败，找不到该通用Mapper!
	at org.springframework.beans.AbstractPropertyAccessor.setPropertyValues(AbstractPropertyAccessor.java:122)
	at org.springframework.beans.AbstractPropertyAccessor.setPropertyValues(AbstractPropertyAccessor.java:77)
	at org.springframework.beans.factory.support.AbstractAutowireCapableBeanFactory.applyPropertyValues(AbstractAutowireCapableBeanFactory.java:1698)
	... 40 more
2019-03-17 09:24:02  INFO DefaultTestContextBootstrapper:248 - Loaded default TestExecutionListener class names from location [META-INF/spring.factories]: [org.springframework.test.context.web.ServletTestExecutionListener, org.springframework.test.context.support.DirtiesContextBeforeModesTestExecutionListener, org.springframework.test.context.support.DependencyInjectionTestExecutionListener, org.springframework.test.context.support.DirtiesContextTestExecutionListener, org.springframework.test.context.transaction.TransactionalTestExecutionListener, org.springframework.test.context.jdbc.SqlScriptsTestExecutionListener]
2019-03-17 09:24:03  INFO DefaultTestContextBootstrapper:177 - Using TestExecutionListeners: [org.springframework.test.context.web.ServletTestExecutionListener@e45f292, org.springframework.test.context.support.DirtiesContextBeforeModesTestExecutionListener@5f2108b5, org.springframework.test.context.support.DependencyInjectionTestExecutionListener@31a5c39e, org.springframework.test.context.support.DirtiesContextTestExecutionListener@3f49dace, org.springframework.test.context.transaction.TransactionalTestExecutionListener@1e397ed7, org.springframework.test.context.jdbc.SqlScriptsTestExecutionListener@490ab905]
2019-03-17 09:24:03  WARN GenericApplicationContext:557 - Exception encountered during context initialization - cancelling refresh attempt: org.springframework.beans.factory.BeanCreationException: Error creating bean with name 'tk.mybatis.spring.mapper.MapperScannerConfigurer#0' defined in class path resource [spring_mybatis.xml]: Error setting property values; nested exception is org.springframework.beans.PropertyBatchUpdateException; nested PropertyAccessExceptions (1) are:
PropertyAccessException 1: org.springframework.beans.MethodInvocationException: Property 'properties' threw exception; nested exception is tk.mybatis.mapper.MapperException: 注册通用Mapper[com.spring.web.dao.BaseDAO]失败，找不到该通用Mapper!
2019-03-17 09:24:03 ERROR TestContextManager:250 - Caught exception while allowing TestExecutionListener [org.springframework.test.context.support.DependencyInjectionTestExecutionListener@31a5c39e] to prepare test instance [CourseServiceImplTest@510f3d34]
java.lang.IllegalStateException: Failed to load ApplicationContext
	at org.springframework.test.context.cache.DefaultCacheAwareContextLoaderDelegate.loadContext(DefaultCacheAwareContextLoaderDelegate.java:125)
	at org.springframework.test.context.support.DefaultTestContext.getApplicationContext(DefaultTestContext.java:108)
	at org.springframework.test.context.support.DependencyInjectionTestExecutionListener.injectDependencies(DependencyInjectionTestExecutionListener.java:118)
	at org.springframework.test.context.support.DependencyInjectionTestExecutionListener.prepareTestInstance(DependencyInjectionTestExecutionListener.java:83)
	at org.springframework.test.context.TestContextManager.prepareTestInstance(TestContextManager.java:246)
	at org.springframework.test.context.junit4.SpringJUnit4ClassRunner.createTest(SpringJUnit4ClassRunner.java:227)
	at org.springframework.test.context.junit4.SpringJUnit4ClassRunner$1.runReflectiveCall(SpringJUnit4ClassRunner.java:289)
	at org.junit.internal.runners.model.ReflectiveCallable.run(ReflectiveCallable.java:12)
	at org.springframework.test.context.junit4.SpringJUnit4ClassRunner.methodBlock(SpringJUnit4ClassRunner.java:291)
	at org.springframework.test.context.junit4.SpringJUnit4ClassRunner.runChild(SpringJUnit4ClassRunner.java:246)
	at org.springframework.test.context.junit4.SpringJUnit4ClassRunner.runChild(SpringJUnit4ClassRunner.java:97)
	at org.junit.runners.ParentRunner$3.run(ParentRunner.java:290)
	at org.junit.runners.ParentRunner$1.schedule(ParentRunner.java:71)
	at org.junit.runners.ParentRunner.runChildren(ParentRunner.java:288)
	at org.junit.runners.ParentRunner.access$000(ParentRunner.java:58)
	at org.junit.runners.ParentRunner$2.evaluate(ParentRunner.java:268)
	at org.springframework.test.context.junit4.statements.RunBeforeTestClassCallbacks.evaluate(RunBeforeTestClassCallbacks.java:61)
	at org.springframework.test.context.junit4.statements.RunAfterTestClassCallbacks.evaluate(RunAfterTestClassCallbacks.java:70)
	at org.junit.runners.ParentRunner.run(ParentRunner.java:363)
	at org.springframework.test.context.junit4.SpringJUnit4ClassRunner.run(SpringJUnit4ClassRunner.java:190)
	at org.junit.runner.JUnitCore.run(JUnitCore.java:137)
	at com.intellij.junit4.JUnit4IdeaTestRunner.startRunnerWithArgs(JUnit4IdeaTestRunner.java:68)
	at com.intellij.rt.execution.junit.IdeaTestRunner$Repeater.startRunnerWithArgs(IdeaTestRunner.java:47)
	at com.intellij.rt.execution.junit.JUnitStarter.prepareStreamsAndStart(JUnitStarter.java:242)
	at com.intellij.rt.execution.junit.JUnitStarter.main(JUnitStarter.java:70)
Caused by: org.springframework.beans.factory.BeanCreationException: Error creating bean with name 'tk.mybatis.spring.mapper.MapperScannerConfigurer#0' defined in class path resource [spring_mybatis.xml]: Error setting property values; nested exception is org.springframework.beans.PropertyBatchUpdateException; nested PropertyAccessExceptions (1) are:
PropertyAccessException 1: org.springframework.beans.MethodInvocationException: Property 'properties' threw exception; nested exception is tk.mybatis.mapper.MapperException: 注册通用Mapper[com.spring.web.dao.BaseDAO]失败，找不到该通用Mapper!
	at org.springframework.beans.factory.support.AbstractAutowireCapableBeanFactory.applyPropertyValues(AbstractAutowireCapableBeanFactory.java:1702)
	at org.springframework.beans.factory.support.AbstractAutowireCapableBeanFactory.populateBean(AbstractAutowireCapableBeanFactory.java:1417)
	at org.springframework.beans.factory.support.AbstractAutowireCapableBeanFactory.doCreateBean(AbstractAutowireCapableBeanFactory.java:592)
	at org.springframework.beans.factory.support.AbstractAutowireCapableBeanFactory.createBean(AbstractAutowireCapableBeanFactory.java:515)
	at org.springframework.beans.factory.support.AbstractBeanFactory.lambda$doGetBean$0(AbstractBeanFactory.java:320)
	at org.springframework.beans.factory.support.DefaultSingletonBeanRegistry.getSingleton(DefaultSingletonBeanRegistry.java:222)
	at org.springframework.beans.factory.support.AbstractBeanFactory.doGetBean(AbstractBeanFactory.java:318)
	at org.springframework.beans.factory.support.AbstractBeanFactory.getBean(AbstractBeanFactory.java:204)
	at org.springframework.context.support.PostProcessorRegistrationDelegate.invokeBeanFactoryPostProcessors(PostProcessorRegistrationDelegate.java:118)
	at org.springframework.context.support.AbstractApplicationContext.invokeBeanFactoryPostProcessors(AbstractApplicationContext.java:705)
	at org.springframework.context.support.AbstractApplicationContext.refresh(AbstractApplicationContext.java:531)
	at org.springframework.test.context.support.AbstractGenericContextLoader.loadContext(AbstractGenericContextLoader.java:128)
	at org.springframework.test.context.support.AbstractGenericContextLoader.loadContext(AbstractGenericContextLoader.java:60)
	at org.springframework.test.context.support.AbstractDelegatingSmartContextLoader.delegateLoading(AbstractDelegatingSmartContextLoader.java:275)
	at org.springframework.test.context.support.AbstractDelegatingSmartContextLoader.loadContext(AbstractDelegatingSmartContextLoader.java:243)
	at org.springframework.test.context.cache.DefaultCacheAwareContextLoaderDelegate.loadContextInternal(DefaultCacheAwareContextLoaderDelegate.java:99)
	at org.springframework.test.context.cache.DefaultCacheAwareContextLoaderDelegate.loadContext(DefaultCacheAwareContextLoaderDelegate.java:117)
	... 24 more
Caused by: org.springframework.beans.PropertyBatchUpdateException; nested PropertyAccessExceptions (1) are:
PropertyAccessException 1: org.springframework.beans.MethodInvocationException: Property 'properties' threw exception; nested exception is tk.mybatis.mapper.MapperException: 注册通用Mapper[com.spring.web.dao.BaseDAO]失败，找不到该通用Mapper!
	at org.springframework.beans.AbstractPropertyAccessor.setPropertyValues(AbstractPropertyAccessor.java:122)
	at org.springframework.beans.AbstractPropertyAccessor.setPropertyValues(AbstractPropertyAccessor.java:77)
	at org.springframework.beans.factory.support.AbstractAutowireCapableBeanFactory.applyPropertyValues(AbstractAutowireCapableBeanFactory.java:1698)
	... 40 more
2019-03-17 09:25:31  INFO DefaultTestContextBootstrapper:248 - Loaded default TestExecutionListener class names from location [META-INF/spring.factories]: [org.springframework.test.context.web.ServletTestExecutionListener, org.springframework.test.context.support.DirtiesContextBeforeModesTestExecutionListener, org.springframework.test.context.support.DependencyInjectionTestExecutionListener, org.springframework.test.context.support.DirtiesContextTestExecutionListener, org.springframework.test.context.transaction.TransactionalTestExecutionListener, org.springframework.test.context.jdbc.SqlScriptsTestExecutionListener]
2019-03-17 09:25:31  INFO DefaultTestContextBootstrapper:177 - Using TestExecutionListeners: [org.springframework.test.context.web.ServletTestExecutionListener@e45f292, org.springframework.test.context.support.DirtiesContextBeforeModesTestExecutionListener@5f2108b5, org.springframework.test.context.support.DependencyInjectionTestExecutionListener@31a5c39e, org.springframework.test.context.support.DirtiesContextTestExecutionListener@3f49dace, org.springframework.test.context.transaction.TransactionalTestExecutionListener@1e397ed7, org.springframework.test.context.jdbc.SqlScriptsTestExecutionListener@490ab905]
2019-03-17 09:25:31  WARN GenericApplicationContext:557 - Exception encountered during context initialization - cancelling refresh attempt: org.springframework.beans.factory.BeanCreationException: Error creating bean with name 'tk.mybatis.spring.mapper.MapperScannerConfigurer#0' defined in class path resource [spring_mybatis.xml]: Error setting property values; nested exception is org.springframework.beans.PropertyBatchUpdateException; nested PropertyAccessExceptions (1) are:
PropertyAccessException 1: org.springframework.beans.MethodInvocationException: Property 'properties' threw exception; nested exception is tk.mybatis.mapper.MapperException: 注册通用Mapper[com.spring.web.dao.BaseDAO]失败，找不到该通用Mapper!
2019-03-17 09:25:31 ERROR TestContextManager:250 - Caught exception while allowing TestExecutionListener [org.springframework.test.context.support.DependencyInjectionTestExecutionListener@31a5c39e] to prepare test instance [CourseServiceImplTest@510f3d34]
java.lang.IllegalStateException: Failed to load ApplicationContext
	at org.springframework.test.context.cache.DefaultCacheAwareContextLoaderDelegate.loadContext(DefaultCacheAwareContextLoaderDelegate.java:125)
	at org.springframework.test.context.support.DefaultTestContext.getApplicationContext(DefaultTestContext.java:108)
	at org.springframework.test.context.support.DependencyInjectionTestExecutionListener.injectDependencies(DependencyInjectionTestExecutionListener.java:118)
	at org.springframework.test.context.support.DependencyInjectionTestExecutionListener.prepareTestInstance(DependencyInjectionTestExecutionListener.java:83)
	at org.springframework.test.context.TestContextManager.prepareTestInstance(TestContextManager.java:246)
	at org.springframework.test.context.junit4.SpringJUnit4ClassRunner.createTest(SpringJUnit4ClassRunner.java:227)
	at org.springframework.test.context.junit4.SpringJUnit4ClassRunner$1.runReflectiveCall(SpringJUnit4ClassRunner.java:289)
	at org.junit.internal.runners.model.ReflectiveCallable.run(ReflectiveCallable.java:12)
	at org.springframework.test.context.junit4.SpringJUnit4ClassRunner.methodBlock(SpringJUnit4ClassRunner.java:291)
	at org.springframework.test.context.junit4.SpringJUnit4ClassRunner.runChild(SpringJUnit4ClassRunner.java:246)
	at org.springframework.test.context.junit4.SpringJUnit4ClassRunner.runChild(SpringJUnit4ClassRunner.java:97)
	at org.junit.runners.ParentRunner$3.run(ParentRunner.java:290)
	at org.junit.runners.ParentRunner$1.schedule(ParentRunner.java:71)
	at org.junit.runners.ParentRunner.runChildren(ParentRunner.java:288)
	at org.junit.runners.ParentRunner.access$000(ParentRunner.java:58)
	at org.junit.runners.ParentRunner$2.evaluate(ParentRunner.java:268)
	at org.springframework.test.context.junit4.statements.RunBeforeTestClassCallbacks.evaluate(RunBeforeTestClassCallbacks.java:61)
	at org.springframework.test.context.junit4.statements.RunAfterTestClassCallbacks.evaluate(RunAfterTestClassCallbacks.java:70)
	at org.junit.runners.ParentRunner.run(ParentRunner.java:363)
	at org.springframework.test.context.junit4.SpringJUnit4ClassRunner.run(SpringJUnit4ClassRunner.java:190)
	at org.junit.runner.JUnitCore.run(JUnitCore.java:137)
	at com.intellij.junit4.JUnit4IdeaTestRunner.startRunnerWithArgs(JUnit4IdeaTestRunner.java:68)
	at com.intellij.rt.execution.junit.IdeaTestRunner$Repeater.startRunnerWithArgs(IdeaTestRunner.java:47)
	at com.intellij.rt.execution.junit.JUnitStarter.prepareStreamsAndStart(JUnitStarter.java:242)
	at com.intellij.rt.execution.junit.JUnitStarter.main(JUnitStarter.java:70)
Caused by: org.springframework.beans.factory.BeanCreationException: Error creating bean with name 'tk.mybatis.spring.mapper.MapperScannerConfigurer#0' defined in class path resource [spring_mybatis.xml]: Error setting property values; nested exception is org.springframework.beans.PropertyBatchUpdateException; nested PropertyAccessExceptions (1) are:
PropertyAccessException 1: org.springframework.beans.MethodInvocationException: Property 'properties' threw exception; nested exception is tk.mybatis.mapper.MapperException: 注册通用Mapper[com.spring.web.dao.BaseDAO]失败，找不到该通用Mapper!
	at org.springframework.beans.factory.support.AbstractAutowireCapableBeanFactory.applyPropertyValues(AbstractAutowireCapableBeanFactory.java:1702)
	at org.springframework.beans.factory.support.AbstractAutowireCapableBeanFactory.populateBean(AbstractAutowireCapableBeanFactory.java:1417)
	at org.springframework.beans.factory.support.AbstractAutowireCapableBeanFactory.doCreateBean(AbstractAutowireCapableBeanFactory.java:592)
	at org.springframework.beans.factory.support.AbstractAutowireCapableBeanFactory.createBean(AbstractAutowireCapableBeanFactory.java:515)
	at org.springframework.beans.factory.support.AbstractBeanFactory.lambda$doGetBean$0(AbstractBeanFactory.java:320)
	at org.springframework.beans.factory.support.DefaultSingletonBeanRegistry.getSingleton(DefaultSingletonBeanRegistry.java:222)
	at org.springframework.beans.factory.support.AbstractBeanFactory.doGetBean(AbstractBeanFactory.java:318)
	at org.springframework.beans.factory.support.AbstractBeanFactory.getBean(AbstractBeanFactory.java:204)
	at org.springframework.context.support.PostProcessorRegistrationDelegate.invokeBeanFactoryPostProcessors(PostProcessorRegistrationDelegate.java:118)
	at org.springframework.context.support.AbstractApplicationContext.invokeBeanFactoryPostProcessors(AbstractApplicationContext.java:705)
	at org.springframework.context.support.AbstractApplicationContext.refresh(AbstractApplicationContext.java:531)
	at org.springframework.test.context.support.AbstractGenericContextLoader.loadContext(AbstractGenericContextLoader.java:128)
	at org.springframework.test.context.support.AbstractGenericContextLoader.loadContext(AbstractGenericContextLoader.java:60)
	at org.springframework.test.context.support.AbstractDelegatingSmartContextLoader.delegateLoading(AbstractDelegatingSmartContextLoader.java:275)
	at org.springframework.test.context.support.AbstractDelegatingSmartContextLoader.loadContext(AbstractDelegatingSmartContextLoader.java:243)
	at org.springframework.test.context.cache.DefaultCacheAwareContextLoaderDelegate.loadContextInternal(DefaultCacheAwareContextLoaderDelegate.java:99)
	at org.springframework.test.context.cache.DefaultCacheAwareContextLoaderDelegate.loadContext(DefaultCacheAwareContextLoaderDelegate.java:117)
	... 24 more
Caused by: org.springframework.beans.PropertyBatchUpdateException; nested PropertyAccessExceptions (1) are:
PropertyAccessException 1: org.springframework.beans.MethodInvocationException: Property 'properties' threw exception; nested exception is tk.mybatis.mapper.MapperException: 注册通用Mapper[com.spring.web.dao.BaseDAO]失败，找不到该通用Mapper!
	at org.springframework.beans.AbstractPropertyAccessor.setPropertyValues(AbstractPropertyAccessor.java:122)
	at org.springframework.beans.AbstractPropertyAccessor.setPropertyValues(AbstractPropertyAccessor.java:77)
	at org.springframework.beans.factory.support.AbstractAutowireCapableBeanFactory.applyPropertyValues(AbstractAutowireCapableBeanFactory.java:1698)
	... 40 more
2019-03-17 11:28:04  INFO DefaultTestContextBootstrapper:248 - Loaded default TestExecutionListener class names from location [META-INF/spring.factories]: [org.springframework.test.context.web.ServletTestExecutionListener, org.springframework.test.context.support.DirtiesContextBeforeModesTestExecutionListener, org.springframework.test.context.support.DependencyInjectionTestExecutionListener, org.springframework.test.context.support.DirtiesContextTestExecutionListener, org.springframework.test.context.transaction.TransactionalTestExecutionListener, org.springframework.test.context.jdbc.SqlScriptsTestExecutionListener]
2019-03-17 11:28:04  INFO DefaultTestContextBootstrapper:177 - Using TestExecutionListeners: [org.springframework.test.context.web.ServletTestExecutionListener@e45f292, org.springframework.test.context.support.DirtiesContextBeforeModesTestExecutionListener@5f2108b5, org.springframework.test.context.support.DependencyInjectionTestExecutionListener@31a5c39e, org.springframework.test.context.support.DirtiesContextTestExecutionListener@3f49dace, org.springframework.test.context.transaction.TransactionalTestExecutionListener@1e397ed7, org.springframework.test.context.jdbc.SqlScriptsTestExecutionListener@490ab905]
2019-03-17 11:28:05  WARN GenericApplicationContext:557 - Exception encountered during context initialization - cancelling refresh attempt: org.springframework.beans.factory.BeanCreationException: Error creating bean with name 'tk.mybatis.spring.mapper.MapperScannerConfigurer#0' defined in class path resource [spring_mybatis.xml]: Initialization of bean failed; nested exception is org.springframework.beans.TypeMismatchException: Failed to convert property value of type 'java.lang.String' to required type 'java.lang.Class' for property 'markerInterface'; nested exception is java.lang.IllegalArgumentException: Could not find class [BaseDAO]
2019-03-17 11:28:05 ERROR TestContextManager:250 - Caught exception while allowing TestExecutionListener [org.springframework.test.context.support.DependencyInjectionTestExecutionListener@31a5c39e] to prepare test instance [com.spring.web.service.impl.CourseServiceImplTest@4550bb58]
java.lang.IllegalStateException: Failed to load ApplicationContext
	at org.springframework.test.context.cache.DefaultCacheAwareContextLoaderDelegate.loadContext(DefaultCacheAwareContextLoaderDelegate.java:125)
	at org.springframework.test.context.support.DefaultTestContext.getApplicationContext(DefaultTestContext.java:108)
	at org.springframework.test.context.support.DependencyInjectionTestExecutionListener.injectDependencies(DependencyInjectionTestExecutionListener.java:118)
	at org.springframework.test.context.support.DependencyInjectionTestExecutionListener.prepareTestInstance(DependencyInjectionTestExecutionListener.java:83)
	at org.springframework.test.context.TestContextManager.prepareTestInstance(TestContextManager.java:246)
	at org.springframework.test.context.junit4.SpringJUnit4ClassRunner.createTest(SpringJUnit4ClassRunner.java:227)
	at org.springframework.test.context.junit4.SpringJUnit4ClassRunner$1.runReflectiveCall(SpringJUnit4ClassRunner.java:289)
	at org.junit.internal.runners.model.ReflectiveCallable.run(ReflectiveCallable.java:12)
	at org.springframework.test.context.junit4.SpringJUnit4ClassRunner.methodBlock(SpringJUnit4ClassRunner.java:291)
	at org.springframework.test.context.junit4.SpringJUnit4ClassRunner.runChild(SpringJUnit4ClassRunner.java:246)
	at org.springframework.test.context.junit4.SpringJUnit4ClassRunner.runChild(SpringJUnit4ClassRunner.java:97)
	at org.junit.runners.ParentRunner$3.run(ParentRunner.java:290)
	at org.junit.runners.ParentRunner$1.schedule(ParentRunner.java:71)
	at org.junit.runners.ParentRunner.runChildren(ParentRunner.java:288)
	at org.junit.runners.ParentRunner.access$000(ParentRunner.java:58)
	at org.junit.runners.ParentRunner$2.evaluate(ParentRunner.java:268)
	at org.springframework.test.context.junit4.statements.RunBeforeTestClassCallbacks.evaluate(RunBeforeTestClassCallbacks.java:61)
	at org.springframework.test.context.junit4.statements.RunAfterTestClassCallbacks.evaluate(RunAfterTestClassCallbacks.java:70)
	at org.junit.runners.ParentRunner.run(ParentRunner.java:363)
	at org.springframework.test.context.junit4.SpringJUnit4ClassRunner.run(SpringJUnit4ClassRunner.java:190)
	at org.junit.runner.JUnitCore.run(JUnitCore.java:137)
	at com.intellij.junit4.JUnit4IdeaTestRunner.startRunnerWithArgs(JUnit4IdeaTestRunner.java:68)
	at com.intellij.rt.execution.junit.IdeaTestRunner$Repeater.startRunnerWithArgs(IdeaTestRunner.java:47)
	at com.intellij.rt.execution.junit.JUnitStarter.prepareStreamsAndStart(JUnitStarter.java:242)
	at com.intellij.rt.execution.junit.JUnitStarter.main(JUnitStarter.java:70)
Caused by: org.springframework.beans.factory.BeanCreationException: Error creating bean with name 'tk.mybatis.spring.mapper.MapperScannerConfigurer#0' defined in class path resource [spring_mybatis.xml]: Initialization of bean failed; nested exception is org.springframework.beans.TypeMismatchException: Failed to convert property value of type 'java.lang.String' to required type 'java.lang.Class' for property 'markerInterface'; nested exception is java.lang.IllegalArgumentException: Could not find class [BaseDAO]
	at org.springframework.beans.factory.support.AbstractAutowireCapableBeanFactory.doCreateBean(AbstractAutowireCapableBeanFactory.java:601)
	at org.springframework.beans.factory.support.AbstractAutowireCapableBeanFactory.createBean(AbstractAutowireCapableBeanFactory.java:515)
	at org.springframework.beans.factory.support.AbstractBeanFactory.lambda$doGetBean$0(AbstractBeanFactory.java:320)
	at org.springframework.beans.factory.support.DefaultSingletonBeanRegistry.getSingleton(DefaultSingletonBeanRegistry.java:222)
	at org.springframework.beans.factory.support.AbstractBeanFactory.doGetBean(AbstractBeanFactory.java:318)
	at org.springframework.beans.factory.support.AbstractBeanFactory.getBean(AbstractBeanFactory.java:204)
	at org.springframework.context.support.PostProcessorRegistrationDelegate.invokeBeanFactoryPostProcessors(PostProcessorRegistrationDelegate.java:118)
	at org.springframework.context.support.AbstractApplicationContext.invokeBeanFactoryPostProcessors(AbstractApplicationContext.java:705)
	at org.springframework.context.support.AbstractApplicationContext.refresh(AbstractApplicationContext.java:531)
	at org.springframework.test.context.support.AbstractGenericContextLoader.loadContext(AbstractGenericContextLoader.java:128)
	at org.springframework.test.context.support.AbstractGenericContextLoader.loadContext(AbstractGenericContextLoader.java:60)
	at org.springframework.test.context.support.AbstractDelegatingSmartContextLoader.delegateLoading(AbstractDelegatingSmartContextLoader.java:275)
	at org.springframework.test.context.support.AbstractDelegatingSmartContextLoader.loadContext(AbstractDelegatingSmartContextLoader.java:243)
	at org.springframework.test.context.cache.DefaultCacheAwareContextLoaderDelegate.loadContextInternal(DefaultCacheAwareContextLoaderDelegate.java:99)
	at org.springframework.test.context.cache.DefaultCacheAwareContextLoaderDelegate.loadContext(DefaultCacheAwareContextLoaderDelegate.java:117)
	... 24 more
Caused by: org.springframework.beans.TypeMismatchException: Failed to convert property value of type 'java.lang.String' to required type 'java.lang.Class' for property 'markerInterface'; nested exception is java.lang.IllegalArgumentException: Could not find class [BaseDAO]
	at org.springframework.beans.AbstractNestablePropertyAccessor.convertIfNecessary(AbstractNestablePropertyAccessor.java:595)
	at org.springframework.beans.AbstractNestablePropertyAccessor.convertForProperty(AbstractNestablePropertyAccessor.java:604)
	at org.springframework.beans.BeanWrapperImpl.convertForProperty(BeanWrapperImpl.java:219)
	at org.springframework.beans.factory.support.AbstractAutowireCapableBeanFactory.convertForProperty(AbstractAutowireCapableBeanFactory.java:1714)
	at org.springframework.beans.factory.support.AbstractAutowireCapableBeanFactory.applyPropertyValues(AbstractAutowireCapableBeanFactory.java:1670)
	at org.springframework.beans.factory.support.AbstractAutowireCapableBeanFactory.populateBean(AbstractAutowireCapableBeanFactory.java:1417)
	at org.springframework.beans.factory.support.AbstractAutowireCapableBeanFactory.doCreateBean(AbstractAutowireCapableBeanFactory.java:592)
	... 38 more
Caused by: java.lang.IllegalArgumentException: Could not find class [BaseDAO]
	at org.springframework.util.ClassUtils.resolveClassName(ClassUtils.java:325)
	at org.springframework.beans.propertyeditors.ClassEditor.setAsText(ClassEditor.java:65)
	at org.springframework.beans.TypeConverterDelegate.doConvertTextValue(TypeConverterDelegate.java:429)
	at org.springframework.beans.TypeConverterDelegate.doConvertValue(TypeConverterDelegate.java:402)
	at org.springframework.beans.TypeConverterDelegate.convertIfNecessary(TypeConverterDelegate.java:155)
	at org.springframework.beans.AbstractNestablePropertyAccessor.convertIfNecessary(AbstractNestablePropertyAccessor.java:585)
	... 44 more
Caused by: java.lang.ClassNotFoundException: BaseDAO
	at java.net.URLClassLoader.findClass(URLClassLoader.java:382)
	at java.lang.ClassLoader.loadClass(ClassLoader.java:424)
	at sun.misc.Launcher$AppClassLoader.loadClass(Launcher.java:349)
	at java.lang.ClassLoader.loadClass(ClassLoader.java:357)
	at java.lang.Class.forName0(Native Method)
	at java.lang.Class.forName(Class.java:348)
	at org.springframework.util.ClassUtils.forName(ClassUtils.java:275)
	at org.springframework.util.ClassUtils.resolveClassName(ClassUtils.java:315)
	... 49 more
2019-03-17 12:04:42 DEBUG SpringJUnit4ClassRunner:139 - SpringJUnit4ClassRunner constructor called with [class com.spring.web.service.impl.CourseServiceImplTest]
2019-03-17 12:04:42 DEBUG BootstrapUtils:96 - Instantiating CacheAwareContextLoaderDelegate from class [org.springframework.test.context.cache.DefaultCacheAwareContextLoaderDelegate]
2019-03-17 12:04:42 DEBUG BootstrapUtils:79 - Instantiating BootstrapContext using constructor [public org.springframework.test.context.support.DefaultBootstrapContext(java.lang.Class,org.springframework.test.context.CacheAwareContextLoaderDelegate)]
2019-03-17 12:04:42 DEBUG BootstrapUtils:132 - Instantiating TestContextBootstrapper for test class [com.spring.web.service.impl.CourseServiceImplTest] from class [org.springframework.test.context.support.DefaultTestContextBootstrapper]
2019-03-17 12:04:42 DEBUG AbstractDelegatingSmartContextLoader:263 - Delegating to GenericXmlContextLoader to process context configuration [ContextConfigurationAttributes@23ceabc1 declaringClass = 'com.spring.web.service.impl.CourseServiceImplTest', classes = '{}', locations = '{/spring_mybatis.xml}', inheritLocations = true, initializers = '{}', inheritInitializers = true, name = [null], contextLoaderClass = 'org.springframework.test.context.ContextLoader'].
2019-03-17 12:04:42 DEBUG ActiveProfilesUtils:79 - Could not find an 'annotation declaring class' for annotation type [org.springframework.test.context.ActiveProfiles] and class [com.spring.web.service.impl.CourseServiceImplTest]
2019-03-17 12:04:42 DEBUG DefaultTestContextBootstrapper:125 - @TestExecutionListeners is not present for class [com.spring.web.service.impl.CourseServiceImplTest]: using defaults.
2019-03-17 12:04:42  INFO DefaultTestContextBootstrapper:248 - Loaded default TestExecutionListener class names from location [META-INF/spring.factories]: [org.springframework.test.context.web.ServletTestExecutionListener, org.springframework.test.context.support.DirtiesContextBeforeModesTestExecutionListener, org.springframework.test.context.support.DependencyInjectionTestExecutionListener, org.springframework.test.context.support.DirtiesContextTestExecutionListener, org.springframework.test.context.transaction.TransactionalTestExecutionListener, org.springframework.test.context.jdbc.SqlScriptsTestExecutionListener]
2019-03-17 12:04:42  INFO DefaultTestContextBootstrapper:177 - Using TestExecutionListeners: [org.springframework.test.context.web.ServletTestExecutionListener@cb644e, org.springframework.test.context.support.DirtiesContextBeforeModesTestExecutionListener@13805618, org.springframework.test.context.support.DependencyInjectionTestExecutionListener@56ef9176, org.springframework.test.context.support.DirtiesContextTestExecutionListener@4566e5bd, org.springframework.test.context.transaction.TransactionalTestExecutionListener@1ed4004b, org.springframework.test.context.jdbc.SqlScriptsTestExecutionListener@ff5b51f]
2019-03-17 12:04:42 DEBUG ProfileValueUtils:70 - Retrieved @ProfileValueSourceConfiguration [null] for test class [com.spring.web.service.impl.CourseServiceImplTest]
2019-03-17 12:04:42 DEBUG ProfileValueUtils:83 - Retrieved ProfileValueSource type [class org.springframework.test.annotation.SystemProfileValueSource] for class [com.spring.web.service.impl.CourseServiceImplTest]
2019-03-17 12:04:42 DEBUG ProfileValueUtils:70 - Retrieved @ProfileValueSourceConfiguration [null] for test class [com.spring.web.service.impl.CourseServiceImplTest]
2019-03-17 12:04:42 DEBUG ProfileValueUtils:83 - Retrieved ProfileValueSource type [class org.springframework.test.annotation.SystemProfileValueSource] for class [com.spring.web.service.impl.CourseServiceImplTest]
2019-03-17 12:04:42 DEBUG ProfileValueUtils:70 - Retrieved @ProfileValueSourceConfiguration [null] for test class [com.spring.web.service.impl.CourseServiceImplTest]
2019-03-17 12:04:42 DEBUG ProfileValueUtils:83 - Retrieved ProfileValueSource type [class org.springframework.test.annotation.SystemProfileValueSource] for class [com.spring.web.service.impl.CourseServiceImplTest]
2019-03-17 12:04:42 DEBUG ProfileValueUtils:70 - Retrieved @ProfileValueSourceConfiguration [null] for test class [com.spring.web.service.impl.CourseServiceImplTest]
2019-03-17 12:04:42 DEBUG ProfileValueUtils:83 - Retrieved ProfileValueSource type [class org.springframework.test.annotation.SystemProfileValueSource] for class [com.spring.web.service.impl.CourseServiceImplTest]
2019-03-17 12:04:42 DEBUG AbstractDirtiesContextTestExecutionListener:142 - Before test class: context [DefaultTestContext@5f9d02cb testClass = CourseServiceImplTest, testInstance = [null], testMethod = [null], testException = [null], mergedContextConfiguration = [MergedContextConfiguration@63753b6d testClass = CourseServiceImplTest, locations = '{classpath:/spring_mybatis.xml}', classes = '{}', contextInitializerClasses = '[]', activeProfiles = '{}', propertySourceLocations = '{}', propertySourceProperties = '{}', contextCustomizers = set[[empty]], contextLoader = 'org.springframework.test.context.support.DelegatingSmartContextLoader', parent = [null]], attributes = map[[empty]]], class annotated with @DirtiesContext [false] with mode [null].
2019-03-17 12:04:42 DEBUG ProfileValueUtils:70 - Retrieved @ProfileValueSourceConfiguration [null] for test class [com.spring.web.service.impl.CourseServiceImplTest]
2019-03-17 12:04:42 DEBUG ProfileValueUtils:83 - Retrieved ProfileValueSource type [class org.springframework.test.annotation.SystemProfileValueSource] for class [com.spring.web.service.impl.CourseServiceImplTest]
2019-03-17 12:04:42 DEBUG DependencyInjectionTestExecutionListener:81 - Performing dependency injection for test context [[DefaultTestContext@5f9d02cb testClass = CourseServiceImplTest, testInstance = com.spring.web.service.impl.CourseServiceImplTest@eec5a4a, testMethod = [null], testException = [null], mergedContextConfiguration = [MergedContextConfiguration@63753b6d testClass = CourseServiceImplTest, locations = '{classpath:/spring_mybatis.xml}', classes = '{}', contextInitializerClasses = '[]', activeProfiles = '{}', propertySourceLocations = '{}', propertySourceProperties = '{}', contextCustomizers = set[[empty]], contextLoader = 'org.springframework.test.context.support.DelegatingSmartContextLoader', parent = [null]], attributes = map[[empty]]]].
2019-03-17 12:04:42 DEBUG AbstractDelegatingSmartContextLoader:273 - Delegating to GenericXmlContextLoader to load context from [MergedContextConfiguration@63753b6d testClass = CourseServiceImplTest, locations = '{classpath:/spring_mybatis.xml}', classes = '{}', contextInitializerClasses = '[]', activeProfiles = '{}', propertySourceLocations = '{}', propertySourceProperties = '{}', contextCustomizers = set[[empty]], contextLoader = 'org.springframework.test.context.support.DelegatingSmartContextLoader', parent = [null]].
2019-03-17 12:04:42 DEBUG AbstractGenericContextLoader:109 - Loading ApplicationContext for merged context configuration [[MergedContextConfiguration@63753b6d testClass = CourseServiceImplTest, locations = '{classpath:/spring_mybatis.xml}', classes = '{}', contextInitializerClasses = '[]', activeProfiles = '{}', propertySourceLocations = '{}', propertySourceProperties = '{}', contextCustomizers = set[[empty]], contextLoader = 'org.springframework.test.context.support.DelegatingSmartContextLoader', parent = [null]]].
2019-03-17 12:04:42 DEBUG StandardEnvironment:252 - Activating profiles []
2019-03-17 12:04:42 DEBUG ClassPathBeanDefinitionScanner:437 - Identified candidate component class: file [F:\spring-study\web\target\classes\com\spring\web\service\impl\CourseServiceImpl.class]
2019-03-17 12:04:42 DEBUG XmlBeanDefinitionReader:395 - Loaded 16 bean definitions from class path resource [spring_mybatis.xml]
2019-03-17 12:04:42 DEBUG GenericApplicationContext:594 - Refreshing org.springframework.context.support.GenericApplicationContext@68bbe345
2019-03-17 12:04:43 DEBUG DefaultListableBeanFactory:213 - Creating shared instance of singleton bean 'org.springframework.context.annotation.internalConfigurationAnnotationProcessor'
2019-03-17 12:04:43 DEBUG DefaultListableBeanFactory:213 - Creating shared instance of singleton bean 'tk.mybatis.spring.mapper.MapperScannerConfigurer#0'
2019-03-17 12:04:43 DEBUG ClassPathMapperScanner:437 - Identified candidate component class: file [F:\spring-study\web\target\classes\com\spring\web\dao\CourseDAO.class]
2019-03-17 12:04:43 DEBUG ClassPathMapperScanner:437 - Identified candidate component class: file [F:\spring-study\web\target\classes\com\spring\web\dao\SysUserDAO.class]
2019-03-17 12:04:43 DEBUG ClassPathMapperScanner:160 - Creating MapperFactoryBean with name 'courseDAO' and 'com.spring.web.dao.CourseDAO' mapperInterface
2019-03-17 12:04:43 DEBUG ClassPathMapperScanner:160 - Creating MapperFactoryBean with name 'sysUserDAO' and 'com.spring.web.dao.SysUserDAO' mapperInterface
2019-03-17 12:04:43 DEBUG DefaultListableBeanFactory:213 - Creating shared instance of singleton bean 'org.springframework.context.support.PropertySourcesPlaceholderConfigurer#0'
2019-03-17 12:04:43 DEBUG PropertySourcesPropertyResolver:115 - Found key 'jdbc.driverClassName' in PropertySource 'localProperties' with value of type String
2019-03-17 12:04:43 DEBUG PropertySourcesPropertyResolver:115 - Found key 'jdbc.url' in PropertySource 'localProperties' with value of type String
2019-03-17 12:04:43 DEBUG PropertySourcesPropertyResolver:115 - Found key 'jdbc.username' in PropertySource 'localProperties' with value of type String
2019-03-17 12:04:43 DEBUG PropertySourcesPropertyResolver:115 - Found key 'jdbc.password' in PropertySource 'localProperties' with value of type String
2019-03-17 12:04:43 DEBUG DefaultListableBeanFactory:213 - Creating shared instance of singleton bean 'org.springframework.context.event.internalEventListenerProcessor'
2019-03-17 12:04:43 DEBUG DefaultListableBeanFactory:213 - Creating shared instance of singleton bean 'org.springframework.context.event.internalEventListenerFactory'
2019-03-17 12:04:43 DEBUG DefaultListableBeanFactory:213 - Creating shared instance of singleton bean 'org.springframework.transaction.config.internalTransactionalEventListenerFactory'
2019-03-17 12:04:43 DEBUG DefaultListableBeanFactory:213 - Creating shared instance of singleton bean 'org.springframework.context.annotation.internalAutowiredAnnotationProcessor'
2019-03-17 12:04:43 DEBUG DefaultListableBeanFactory:213 - Creating shared instance of singleton bean 'org.springframework.context.annotation.internalCommonAnnotationProcessor'
2019-03-17 12:04:43 DEBUG DefaultListableBeanFactory:213 - Creating shared instance of singleton bean 'org.springframework.aop.config.internalAutoProxyCreator'
2019-03-17 12:04:43 DEBUG DefaultListableBeanFactory:213 - Creating shared instance of singleton bean 'courseServiceImpl'
2019-03-17 12:04:43 DEBUG LogFactory:105 - Logging initialized using 'class org.apache.ibatis.logging.slf4j.Slf4jImpl' adapter.
2019-03-17 12:04:43 DEBUG DefaultListableBeanFactory:213 - Creating shared instance of singleton bean 'courseDAO'
2019-03-17 12:04:43 DEBUG DefaultListableBeanFactory:213 - Creating shared instance of singleton bean 'sqlSessionFactory'
2019-03-17 12:04:43 DEBUG DefaultListableBeanFactory:213 - Creating shared instance of singleton bean 'dataSource'
2019-03-17 12:04:44  INFO DruidDataSource:991 - {dataSource-1} inited
2019-03-17 12:04:44 DEBUG DefaultListableBeanFactory:213 - Creating shared instance of singleton bean 'org.springframework.transaction.config.internalTransactionAdvisor'
2019-03-17 12:04:44 DEBUG DefaultListableBeanFactory:213 - Creating shared instance of singleton bean 'org.springframework.transaction.annotation.AnnotationTransactionAttributeSource#0'
2019-03-17 12:04:44 DEBUG SqlSessionFactoryBean:49 - Property 'configuration' or 'configLocation' not specified, using default MyBatis Configuration
2019-03-17 12:04:44 DEBUG VFS:111 - Class not found: org.jboss.vfs.VFS
2019-03-17 12:04:44 DEBUG JBoss6VFS:142 - JBoss 6 VFS API is not available in this environment.
2019-03-17 12:04:44 DEBUG VFS:111 - Class not found: org.jboss.vfs.VirtualFile
2019-03-17 12:04:44 DEBUG VFS:63 - VFS implementation org.apache.ibatis.io.JBoss6VFS is not valid in this environment.
2019-03-17 12:04:44 DEBUG VFS:77 - Using VFS adapter org.apache.ibatis.io.DefaultVFS
2019-03-17 12:04:44 DEBUG DefaultVFS:222 - Find JAR URL: file:/F:/spring-study/web/target/classes/com/spring/web/entity
2019-03-17 12:04:44 DEBUG DefaultVFS:248 - Not a JAR: file:/F:/spring-study/web/target/classes/com/spring/web/entity
2019-03-17 12:04:44 DEBUG DefaultVFS:102 - Reader entry: Course.class
2019-03-17 12:04:44 DEBUG DefaultVFS:102 - Reader entry: CourseVO.class
2019-03-17 12:04:44 DEBUG DefaultVFS:102 - Reader entry: SysUser.class
2019-03-17 12:04:44 DEBUG DefaultVFS:113 - Listing file:/F:/spring-study/web/target/classes/com/spring/web/entity
2019-03-17 12:04:44 DEBUG DefaultVFS:222 - Find JAR URL: file:/F:/spring-study/web/target/classes/com/spring/web/entity/Course.class
2019-03-17 12:04:44 DEBUG DefaultVFS:248 - Not a JAR: file:/F:/spring-study/web/target/classes/com/spring/web/entity/Course.class
2019-03-17 12:04:44 DEBUG DefaultVFS:102 - Reader entry: ����   4 �
2019-03-17 12:04:44 DEBUG DefaultVFS:222 - Find JAR URL: file:/F:/spring-study/web/target/classes/com/spring/web/entity/CourseVO.class
2019-03-17 12:04:44 DEBUG DefaultVFS:248 - Not a JAR: file:/F:/spring-study/web/target/classes/com/spring/web/entity/CourseVO.class
2019-03-17 12:04:44 DEBUG DefaultVFS:102 - Reader entry: ����   4 �
2019-03-17 12:04:44 DEBUG DefaultVFS:222 - Find JAR URL: file:/F:/spring-study/web/target/classes/com/spring/web/entity/SysUser.class
2019-03-17 12:04:44 DEBUG DefaultVFS:248 - Not a JAR: file:/F:/spring-study/web/target/classes/com/spring/web/entity/SysUser.class
2019-03-17 12:04:44 DEBUG DefaultVFS:102 - Reader entry: ����   4 ~
2019-03-17 12:04:44 DEBUG ResolverUtil:256 - Checking to see if class com.spring.web.entity.Course matches criteria [is assignable to Object]
2019-03-17 12:04:44 DEBUG ResolverUtil:256 - Checking to see if class com.spring.web.entity.CourseVO matches criteria [is assignable to Object]
2019-03-17 12:04:44 DEBUG ResolverUtil:256 - Checking to see if class com.spring.web.entity.SysUser matches criteria [is assignable to Object]
2019-03-17 12:04:44 DEBUG SqlSessionFactoryBean:49 - Scanned package: 'com.spring.web.entity' for aliases
2019-03-17 12:04:44 DEBUG SqlSessionFactoryBean:49 - Property 'mapperLocations' was not specified or no matching resources found
2019-03-17 12:04:45 DEBUG DefaultListableBeanFactory:213 - Creating shared instance of singleton bean 'manager'
2019-03-17 12:04:45 DEBUG DefaultListableBeanFactory:213 - Creating shared instance of singleton bean 'org.springframework.transaction.interceptor.TransactionInterceptor#0'
2019-03-17 12:04:45 DEBUG DefaultListableBeanFactory:213 - Creating shared instance of singleton bean 'sysUserDAO'
2019-03-17 12:04:45 DEBUG DefaultCacheAwareContextLoaderDelegate:119 - Storing ApplicationContext in cache under key [[MergedContextConfiguration@63753b6d testClass = CourseServiceImplTest, locations = '{classpath:/spring_mybatis.xml}', classes = '{}', contextInitializerClasses = '[]', activeProfiles = '{}', propertySourceLocations = '{}', propertySourceProperties = '{}', contextCustomizers = set[[empty]], contextLoader = 'org.springframework.test.context.support.DelegatingSmartContextLoader', parent = [null]]]
2019-03-17 12:04:45 DEBUG cache:290 - Spring test ApplicationContext cache statistics: [DefaultContextCache@2f67b837 size = 1, maxSize = 32, parentContextCount = 0, hitCount = 0, missCount = 1]
2019-03-17 12:04:45 DEBUG AbstractDirtiesContextTestExecutionListener:107 - Before test method: context [DefaultTestContext@5f9d02cb testClass = CourseServiceImplTest, testInstance = com.spring.web.service.impl.CourseServiceImplTest@eec5a4a, testMethod = selectCurrentCourses@CourseServiceImplTest, testException = [null], mergedContextConfiguration = [MergedContextConfiguration@63753b6d testClass = CourseServiceImplTest, locations = '{classpath:/spring_mybatis.xml}', classes = '{}', contextInitializerClasses = '[]', activeProfiles = '{}', propertySourceLocations = '{}', propertySourceProperties = '{}', contextCustomizers = set[[empty]], contextLoader = 'org.springframework.test.context.support.DelegatingSmartContextLoader', parent = [null]], attributes = map[[empty]]], class annotated with @DirtiesContext [false] with mode [null], method annotated with @DirtiesContext [false] with mode [null].
2019-03-17 12:04:45 DEBUG DataSourceTransactionManager:372 - Creating new transaction with name [com.spring.web.service.impl.CourseServiceImpl.selectCurrentCourses]: PROPAGATION_REQUIRED,ISOLATION_DEFAULT
2019-03-17 12:04:45 DEBUG DataSourceTransactionManager:264 - Acquired Connection [com.mysql.jdbc.JDBC4Connection@63fbfaeb] for JDBC transaction
2019-03-17 12:04:45 DEBUG DataSourceTransactionManager:281 - Switching JDBC Connection [com.mysql.jdbc.JDBC4Connection@63fbfaeb] to manual commit
2019-03-17 12:04:45 DEBUG SqlSessionUtils:49 - Creating a new SqlSession
2019-03-17 12:04:45 DEBUG SqlSessionUtils:49 - Registering transaction synchronization for SqlSession [org.apache.ibatis.session.defaults.DefaultSqlSession@29ca3d04]
2019-03-17 12:04:45 DEBUG SpringManagedTransaction:49 - JDBC Connection [com.mysql.jdbc.JDBC4Connection@63fbfaeb] will be managed by Spring
2019-03-17 12:04:45 DEBUG selectCurrentCourses:159 - ==>  Preparing: SELECT a.*,b.username,b.avatar FROM t_course a Left JOIN t_sys_user b ON a.user_id=b.user_id WHERE a.finished = 0 LIMIT 0,4 
2019-03-17 12:04:45 DEBUG selectCurrentCourses:159 - ==> Parameters: 
2019-03-17 12:04:45 DEBUG selectCurrentCourses:159 - <==      Total: 2
2019-03-17 12:04:45 DEBUG PreparedStatementPool:129 - stmt enter cache
2019-03-17 12:04:45 DEBUG SqlSessionUtils:49 - Releasing transactional SqlSession [org.apache.ibatis.session.defaults.DefaultSqlSession@29ca3d04]
2019-03-17 12:04:45 DEBUG SqlSessionUtils:49 - Transaction synchronization committing SqlSession [org.apache.ibatis.session.defaults.DefaultSqlSession@29ca3d04]
2019-03-17 12:04:45 DEBUG SqlSessionUtils:49 - Transaction synchronization deregistering SqlSession [org.apache.ibatis.session.defaults.DefaultSqlSession@29ca3d04]
2019-03-17 12:04:45 DEBUG SqlSessionUtils:49 - Transaction synchronization closing SqlSession [org.apache.ibatis.session.defaults.DefaultSqlSession@29ca3d04]
2019-03-17 12:04:45 DEBUG DataSourceTransactionManager:743 - Initiating transaction commit
2019-03-17 12:04:45 DEBUG DataSourceTransactionManager:326 - Committing JDBC transaction on Connection [com.mysql.jdbc.JDBC4Connection@63fbfaeb]
2019-03-17 12:04:45 DEBUG DataSourceTransactionManager:384 - Releasing JDBC Connection [com.mysql.jdbc.JDBC4Connection@63fbfaeb] after transaction
2019-03-17 12:04:45 DEBUG AbstractDirtiesContextTestExecutionListener:107 - After test method: context [DefaultTestContext@5f9d02cb testClass = CourseServiceImplTest, testInstance = com.spring.web.service.impl.CourseServiceImplTest@eec5a4a, testMethod = selectCurrentCourses@CourseServiceImplTest, testException = [null], mergedContextConfiguration = [MergedContextConfiguration@63753b6d testClass = CourseServiceImplTest, locations = '{classpath:/spring_mybatis.xml}', classes = '{}', contextInitializerClasses = '[]', activeProfiles = '{}', propertySourceLocations = '{}', propertySourceProperties = '{}', contextCustomizers = set[[empty]], contextLoader = 'org.springframework.test.context.support.DelegatingSmartContextLoader', parent = [null]], attributes = map[[empty]]], class annotated with @DirtiesContext [false] with mode [null], method annotated with @DirtiesContext [false] with mode [null].
2019-03-17 12:04:45 DEBUG AbstractDirtiesContextTestExecutionListener:142 - After test class: context [DefaultTestContext@5f9d02cb testClass = CourseServiceImplTest, testInstance = [null], testMethod = [null], testException = [null], mergedContextConfiguration = [MergedContextConfiguration@63753b6d testClass = CourseServiceImplTest, locations = '{classpath:/spring_mybatis.xml}', classes = '{}', contextInitializerClasses = '[]', activeProfiles = '{}', propertySourceLocations = '{}', propertySourceProperties = '{}', contextCustomizers = set[[empty]], contextLoader = 'org.springframework.test.context.support.DelegatingSmartContextLoader', parent = [null]], attributes = map[[empty]]], class annotated with @DirtiesContext [false] with mode [null].
2019-03-17 12:04:45 DEBUG GenericApplicationContext:1002 - Closing org.springframework.context.support.GenericApplicationContext@68bbe345, started on Sun Mar 17 12:04:42 CST 2019
2019-03-17 12:04:45 DEBUG PreparedStatementPool:160 - stmt exit cache
2019-03-17 12:04:45  INFO DruidDataSource:1928 - {dataSource-1} closed
2019-03-17 12:06:45 DEBUG SpringJUnit4ClassRunner:139 - SpringJUnit4ClassRunner constructor called with [class com.spring.web.service.impl.CourseServiceImplTest]
2019-03-17 12:06:45 DEBUG BootstrapUtils:96 - Instantiating CacheAwareContextLoaderDelegate from class [org.springframework.test.context.cache.DefaultCacheAwareContextLoaderDelegate]
2019-03-17 12:06:45 DEBUG BootstrapUtils:79 - Instantiating BootstrapContext using constructor [public org.springframework.test.context.support.DefaultBootstrapContext(java.lang.Class,org.springframework.test.context.CacheAwareContextLoaderDelegate)]
2019-03-17 12:06:45 DEBUG BootstrapUtils:132 - Instantiating TestContextBootstrapper for test class [com.spring.web.service.impl.CourseServiceImplTest] from class [org.springframework.test.context.support.DefaultTestContextBootstrapper]
2019-03-17 12:06:45 DEBUG AbstractDelegatingSmartContextLoader:263 - Delegating to GenericXmlContextLoader to process context configuration [ContextConfigurationAttributes@58651fd0 declaringClass = 'com.spring.web.service.impl.CourseServiceImplTest', classes = '{}', locations = '{/spring_mybatis.xml}', inheritLocations = true, initializers = '{}', inheritInitializers = true, name = [null], contextLoaderClass = 'org.springframework.test.context.ContextLoader'].
2019-03-17 12:06:45 DEBUG ActiveProfilesUtils:79 - Could not find an 'annotation declaring class' for annotation type [org.springframework.test.context.ActiveProfiles] and class [com.spring.web.service.impl.CourseServiceImplTest]
2019-03-17 12:06:45 DEBUG DefaultTestContextBootstrapper:125 - @TestExecutionListeners is not present for class [com.spring.web.service.impl.CourseServiceImplTest]: using defaults.
2019-03-17 12:06:45  INFO DefaultTestContextBootstrapper:248 - Loaded default TestExecutionListener class names from location [META-INF/spring.factories]: [org.springframework.test.context.web.ServletTestExecutionListener, org.springframework.test.context.support.DirtiesContextBeforeModesTestExecutionListener, org.springframework.test.context.support.DependencyInjectionTestExecutionListener, org.springframework.test.context.support.DirtiesContextTestExecutionListener, org.springframework.test.context.transaction.TransactionalTestExecutionListener, org.springframework.test.context.jdbc.SqlScriptsTestExecutionListener]
2019-03-17 12:06:45  INFO DefaultTestContextBootstrapper:177 - Using TestExecutionListeners: [org.springframework.test.context.web.ServletTestExecutionListener@49993335, org.springframework.test.context.support.DirtiesContextBeforeModesTestExecutionListener@20322d26, org.springframework.test.context.support.DependencyInjectionTestExecutionListener@192b07fd, org.springframework.test.context.support.DirtiesContextTestExecutionListener@64bfbc86, org.springframework.test.context.transaction.TransactionalTestExecutionListener@64bf3bbf, org.springframework.test.context.jdbc.SqlScriptsTestExecutionListener@55d56113]
2019-03-17 12:06:45 DEBUG ProfileValueUtils:70 - Retrieved @ProfileValueSourceConfiguration [null] for test class [com.spring.web.service.impl.CourseServiceImplTest]
2019-03-17 12:06:45 DEBUG ProfileValueUtils:83 - Retrieved ProfileValueSource type [class org.springframework.test.annotation.SystemProfileValueSource] for class [com.spring.web.service.impl.CourseServiceImplTest]
2019-03-17 12:06:45 DEBUG ProfileValueUtils:70 - Retrieved @ProfileValueSourceConfiguration [null] for test class [com.spring.web.service.impl.CourseServiceImplTest]
2019-03-17 12:06:45 DEBUG ProfileValueUtils:83 - Retrieved ProfileValueSource type [class org.springframework.test.annotation.SystemProfileValueSource] for class [com.spring.web.service.impl.CourseServiceImplTest]
2019-03-17 12:06:45 DEBUG ProfileValueUtils:70 - Retrieved @ProfileValueSourceConfiguration [null] for test class [com.spring.web.service.impl.CourseServiceImplTest]
2019-03-17 12:06:45 DEBUG ProfileValueUtils:83 - Retrieved ProfileValueSource type [class org.springframework.test.annotation.SystemProfileValueSource] for class [com.spring.web.service.impl.CourseServiceImplTest]
2019-03-17 12:06:45 DEBUG ProfileValueUtils:70 - Retrieved @ProfileValueSourceConfiguration [null] for test class [com.spring.web.service.impl.CourseServiceImplTest]
2019-03-17 12:06:45 DEBUG ProfileValueUtils:83 - Retrieved ProfileValueSource type [class org.springframework.test.annotation.SystemProfileValueSource] for class [com.spring.web.service.impl.CourseServiceImplTest]
2019-03-17 12:06:45 DEBUG AbstractDirtiesContextTestExecutionListener:142 - Before test class: context [DefaultTestContext@57536d79 testClass = CourseServiceImplTest, testInstance = [null], testMethod = [null], testException = [null], mergedContextConfiguration = [MergedContextConfiguration@3b0143d3 testClass = CourseServiceImplTest, locations = '{classpath:/spring_mybatis.xml}', classes = '{}', contextInitializerClasses = '[]', activeProfiles = '{}', propertySourceLocations = '{}', propertySourceProperties = '{}', contextCustomizers = set[[empty]], contextLoader = 'org.springframework.test.context.support.DelegatingSmartContextLoader', parent = [null]], attributes = map[[empty]]], class annotated with @DirtiesContext [false] with mode [null].
2019-03-17 12:06:45 DEBUG ProfileValueUtils:70 - Retrieved @ProfileValueSourceConfiguration [null] for test class [com.spring.web.service.impl.CourseServiceImplTest]
2019-03-17 12:06:45 DEBUG ProfileValueUtils:83 - Retrieved ProfileValueSource type [class org.springframework.test.annotation.SystemProfileValueSource] for class [com.spring.web.service.impl.CourseServiceImplTest]
2019-03-17 12:06:45 DEBUG DependencyInjectionTestExecutionListener:81 - Performing dependency injection for test context [[DefaultTestContext@57536d79 testClass = CourseServiceImplTest, testInstance = com.spring.web.service.impl.CourseServiceImplTest@2b9627bc, testMethod = [null], testException = [null], mergedContextConfiguration = [MergedContextConfiguration@3b0143d3 testClass = CourseServiceImplTest, locations = '{classpath:/spring_mybatis.xml}', classes = '{}', contextInitializerClasses = '[]', activeProfiles = '{}', propertySourceLocations = '{}', propertySourceProperties = '{}', contextCustomizers = set[[empty]], contextLoader = 'org.springframework.test.context.support.DelegatingSmartContextLoader', parent = [null]], attributes = map[[empty]]]].
2019-03-17 12:06:45 DEBUG AbstractDelegatingSmartContextLoader:273 - Delegating to GenericXmlContextLoader to load context from [MergedContextConfiguration@3b0143d3 testClass = CourseServiceImplTest, locations = '{classpath:/spring_mybatis.xml}', classes = '{}', contextInitializerClasses = '[]', activeProfiles = '{}', propertySourceLocations = '{}', propertySourceProperties = '{}', contextCustomizers = set[[empty]], contextLoader = 'org.springframework.test.context.support.DelegatingSmartContextLoader', parent = [null]].
2019-03-17 12:06:45 DEBUG AbstractGenericContextLoader:109 - Loading ApplicationContext for merged context configuration [[MergedContextConfiguration@3b0143d3 testClass = CourseServiceImplTest, locations = '{classpath:/spring_mybatis.xml}', classes = '{}', contextInitializerClasses = '[]', activeProfiles = '{}', propertySourceLocations = '{}', propertySourceProperties = '{}', contextCustomizers = set[[empty]], contextLoader = 'org.springframework.test.context.support.DelegatingSmartContextLoader', parent = [null]]].
2019-03-17 12:06:45 DEBUG StandardEnvironment:252 - Activating profiles []
2019-03-17 12:06:46 DEBUG ClassPathBeanDefinitionScanner:437 - Identified candidate component class: file [F:\spring-study\web\target\classes\com\spring\web\service\impl\CourseServiceImpl.class]
2019-03-17 12:06:46 DEBUG XmlBeanDefinitionReader:395 - Loaded 16 bean definitions from class path resource [spring_mybatis.xml]
2019-03-17 12:06:46 DEBUG GenericApplicationContext:594 - Refreshing org.springframework.context.support.GenericApplicationContext@614ddd49
2019-03-17 12:06:46 DEBUG DefaultListableBeanFactory:213 - Creating shared instance of singleton bean 'org.springframework.context.annotation.internalConfigurationAnnotationProcessor'
2019-03-17 12:06:46 DEBUG DefaultListableBeanFactory:213 - Creating shared instance of singleton bean 'tk.mybatis.spring.mapper.MapperScannerConfigurer#0'
2019-03-17 12:06:46 DEBUG ClassPathMapperScanner:437 - Identified candidate component class: file [F:\spring-study\web\target\classes\com\spring\web\dao\CourseDAO.class]
2019-03-17 12:06:46 DEBUG ClassPathMapperScanner:437 - Identified candidate component class: file [F:\spring-study\web\target\classes\com\spring\web\dao\SysUserDAO.class]
2019-03-17 12:06:46 DEBUG ClassPathMapperScanner:160 - Creating MapperFactoryBean with name 'courseDAO' and 'com.spring.web.dao.CourseDAO' mapperInterface
2019-03-17 12:06:46 DEBUG ClassPathMapperScanner:160 - Creating MapperFactoryBean with name 'sysUserDAO' and 'com.spring.web.dao.SysUserDAO' mapperInterface
2019-03-17 12:06:46 DEBUG DefaultListableBeanFactory:213 - Creating shared instance of singleton bean 'org.springframework.context.support.PropertySourcesPlaceholderConfigurer#0'
2019-03-17 12:06:46 DEBUG PropertySourcesPropertyResolver:115 - Found key 'jdbc.driverClassName' in PropertySource 'localProperties' with value of type String
2019-03-17 12:06:46 DEBUG PropertySourcesPropertyResolver:115 - Found key 'jdbc.url' in PropertySource 'localProperties' with value of type String
2019-03-17 12:06:46 DEBUG PropertySourcesPropertyResolver:115 - Found key 'jdbc.username' in PropertySource 'localProperties' with value of type String
2019-03-17 12:06:46 DEBUG PropertySourcesPropertyResolver:115 - Found key 'jdbc.password' in PropertySource 'localProperties' with value of type String
2019-03-17 12:06:46 DEBUG DefaultListableBeanFactory:213 - Creating shared instance of singleton bean 'org.springframework.context.event.internalEventListenerProcessor'
2019-03-17 12:06:46 DEBUG DefaultListableBeanFactory:213 - Creating shared instance of singleton bean 'org.springframework.context.event.internalEventListenerFactory'
2019-03-17 12:06:46 DEBUG DefaultListableBeanFactory:213 - Creating shared instance of singleton bean 'org.springframework.transaction.config.internalTransactionalEventListenerFactory'
2019-03-17 12:06:46 DEBUG DefaultListableBeanFactory:213 - Creating shared instance of singleton bean 'org.springframework.context.annotation.internalAutowiredAnnotationProcessor'
2019-03-17 12:06:46 DEBUG DefaultListableBeanFactory:213 - Creating shared instance of singleton bean 'org.springframework.context.annotation.internalCommonAnnotationProcessor'
2019-03-17 12:06:46 DEBUG DefaultListableBeanFactory:213 - Creating shared instance of singleton bean 'org.springframework.aop.config.internalAutoProxyCreator'
2019-03-17 12:06:46 DEBUG DefaultListableBeanFactory:213 - Creating shared instance of singleton bean 'courseServiceImpl'
2019-03-17 12:06:46 DEBUG LogFactory:105 - Logging initialized using 'class org.apache.ibatis.logging.slf4j.Slf4jImpl' adapter.
2019-03-17 12:06:46 DEBUG DefaultListableBeanFactory:213 - Creating shared instance of singleton bean 'courseDAO'
2019-03-17 12:06:46 DEBUG DefaultListableBeanFactory:213 - Creating shared instance of singleton bean 'sqlSessionFactory'
2019-03-17 12:06:46 DEBUG DefaultListableBeanFactory:213 - Creating shared instance of singleton bean 'dataSource'
2019-03-17 12:06:47  INFO DruidDataSource:991 - {dataSource-1} inited
2019-03-17 12:06:47 DEBUG DefaultListableBeanFactory:213 - Creating shared instance of singleton bean 'org.springframework.transaction.config.internalTransactionAdvisor'
2019-03-17 12:06:47 DEBUG DefaultListableBeanFactory:213 - Creating shared instance of singleton bean 'org.springframework.transaction.annotation.AnnotationTransactionAttributeSource#0'
2019-03-17 12:06:47 DEBUG SqlSessionFactoryBean:49 - Property 'configuration' or 'configLocation' not specified, using default MyBatis Configuration
2019-03-17 12:06:47 DEBUG VFS:111 - Class not found: org.jboss.vfs.VFS
2019-03-17 12:06:47 DEBUG JBoss6VFS:142 - JBoss 6 VFS API is not available in this environment.
2019-03-17 12:06:47 DEBUG VFS:111 - Class not found: org.jboss.vfs.VirtualFile
2019-03-17 12:06:47 DEBUG VFS:63 - VFS implementation org.apache.ibatis.io.JBoss6VFS is not valid in this environment.
2019-03-17 12:06:47 DEBUG VFS:77 - Using VFS adapter org.apache.ibatis.io.DefaultVFS
2019-03-17 12:06:47 DEBUG DefaultVFS:222 - Find JAR URL: file:/F:/spring-study/web/target/classes/com/spring/web/entity
2019-03-17 12:06:47 DEBUG DefaultVFS:248 - Not a JAR: file:/F:/spring-study/web/target/classes/com/spring/web/entity
2019-03-17 12:06:47 DEBUG DefaultVFS:102 - Reader entry: Course.class
2019-03-17 12:06:47 DEBUG DefaultVFS:102 - Reader entry: CourseVO.class
2019-03-17 12:06:47 DEBUG DefaultVFS:102 - Reader entry: SysUser.class
2019-03-17 12:06:47 DEBUG DefaultVFS:113 - Listing file:/F:/spring-study/web/target/classes/com/spring/web/entity
2019-03-17 12:06:47 DEBUG DefaultVFS:222 - Find JAR URL: file:/F:/spring-study/web/target/classes/com/spring/web/entity/Course.class
2019-03-17 12:06:47 DEBUG DefaultVFS:248 - Not a JAR: file:/F:/spring-study/web/target/classes/com/spring/web/entity/Course.class
2019-03-17 12:06:47 DEBUG DefaultVFS:102 - Reader entry: ����   4 �
2019-03-17 12:06:47 DEBUG DefaultVFS:222 - Find JAR URL: file:/F:/spring-study/web/target/classes/com/spring/web/entity/CourseVO.class
2019-03-17 12:06:47 DEBUG DefaultVFS:248 - Not a JAR: file:/F:/spring-study/web/target/classes/com/spring/web/entity/CourseVO.class
2019-03-17 12:06:47 DEBUG DefaultVFS:102 - Reader entry: ����   4 �
2019-03-17 12:06:47 DEBUG DefaultVFS:222 - Find JAR URL: file:/F:/spring-study/web/target/classes/com/spring/web/entity/SysUser.class
2019-03-17 12:06:47 DEBUG DefaultVFS:248 - Not a JAR: file:/F:/spring-study/web/target/classes/com/spring/web/entity/SysUser.class
2019-03-17 12:06:47 DEBUG DefaultVFS:102 - Reader entry: ����   4 ~
2019-03-17 12:06:47 DEBUG ResolverUtil:256 - Checking to see if class com.spring.web.entity.Course matches criteria [is assignable to Object]
2019-03-17 12:06:47 DEBUG ResolverUtil:256 - Checking to see if class com.spring.web.entity.CourseVO matches criteria [is assignable to Object]
2019-03-17 12:06:47 DEBUG ResolverUtil:256 - Checking to see if class com.spring.web.entity.SysUser matches criteria [is assignable to Object]
2019-03-17 12:06:47 DEBUG SqlSessionFactoryBean:49 - Scanned package: 'com.spring.web.entity' for aliases
2019-03-17 12:06:47 DEBUG SqlSessionFactoryBean:49 - Property 'mapperLocations' was not specified or no matching resources found
2019-03-17 12:06:47 DEBUG DefaultListableBeanFactory:213 - Creating shared instance of singleton bean 'manager'
2019-03-17 12:06:47 DEBUG DefaultListableBeanFactory:213 - Creating shared instance of singleton bean 'org.springframework.transaction.interceptor.TransactionInterceptor#0'
2019-03-17 12:06:47 DEBUG DefaultListableBeanFactory:213 - Creating shared instance of singleton bean 'sysUserDAO'
2019-03-17 12:06:48 DEBUG DefaultCacheAwareContextLoaderDelegate:119 - Storing ApplicationContext in cache under key [[MergedContextConfiguration@3b0143d3 testClass = CourseServiceImplTest, locations = '{classpath:/spring_mybatis.xml}', classes = '{}', contextInitializerClasses = '[]', activeProfiles = '{}', propertySourceLocations = '{}', propertySourceProperties = '{}', contextCustomizers = set[[empty]], contextLoader = 'org.springframework.test.context.support.DelegatingSmartContextLoader', parent = [null]]]
2019-03-17 12:06:48 DEBUG cache:290 - Spring test ApplicationContext cache statistics: [DefaultContextCache@5a2d131d size = 1, maxSize = 32, parentContextCount = 0, hitCount = 0, missCount = 1]
2019-03-17 12:06:48 DEBUG AbstractDirtiesContextTestExecutionListener:107 - Before test method: context [DefaultTestContext@57536d79 testClass = CourseServiceImplTest, testInstance = com.spring.web.service.impl.CourseServiceImplTest@2b9627bc, testMethod = selectCurrentCourses@CourseServiceImplTest, testException = [null], mergedContextConfiguration = [MergedContextConfiguration@3b0143d3 testClass = CourseServiceImplTest, locations = '{classpath:/spring_mybatis.xml}', classes = '{}', contextInitializerClasses = '[]', activeProfiles = '{}', propertySourceLocations = '{}', propertySourceProperties = '{}', contextCustomizers = set[[empty]], contextLoader = 'org.springframework.test.context.support.DelegatingSmartContextLoader', parent = [null]], attributes = map[[empty]]], class annotated with @DirtiesContext [false] with mode [null], method annotated with @DirtiesContext [false] with mode [null].
2019-03-17 12:06:48 DEBUG DataSourceTransactionManager:372 - Creating new transaction with name [com.spring.web.service.impl.CourseServiceImpl.selectCurrentCourses]: PROPAGATION_REQUIRED,ISOLATION_DEFAULT
2019-03-17 12:06:48 DEBUG DataSourceTransactionManager:264 - Acquired Connection [com.mysql.jdbc.JDBC4Connection@49ff7d8c] for JDBC transaction
2019-03-17 12:06:48 DEBUG DataSourceTransactionManager:281 - Switching JDBC Connection [com.mysql.jdbc.JDBC4Connection@49ff7d8c] to manual commit
2019-03-17 12:06:48 DEBUG SqlSessionUtils:49 - Creating a new SqlSession
2019-03-17 12:06:48 DEBUG SqlSessionUtils:49 - Registering transaction synchronization for SqlSession [org.apache.ibatis.session.defaults.DefaultSqlSession@21fd5faa]
2019-03-17 12:06:48 DEBUG SpringManagedTransaction:49 - JDBC Connection [com.mysql.jdbc.JDBC4Connection@49ff7d8c] will be managed by Spring
2019-03-17 12:06:48 DEBUG selectCurrentCourses:159 - ==>  Preparing: SELECT a.*,b.username,b.avatar FROM t_course a Left JOIN t_sys_user b ON a.user_id=b.user_id WHERE a.finished = 0 LIMIT 0,4 
2019-03-17 12:06:48 DEBUG selectCurrentCourses:159 - ==> Parameters: 
2019-03-17 12:06:48 DEBUG selectCurrentCourses:159 - <==      Total: 2
2019-03-17 12:06:48 DEBUG PreparedStatementPool:129 - stmt enter cache
2019-03-17 12:06:48 DEBUG SqlSessionUtils:49 - Releasing transactional SqlSession [org.apache.ibatis.session.defaults.DefaultSqlSession@21fd5faa]
2019-03-17 12:06:48 DEBUG SqlSessionUtils:49 - Transaction synchronization committing SqlSession [org.apache.ibatis.session.defaults.DefaultSqlSession@21fd5faa]
2019-03-17 12:06:48 DEBUG SqlSessionUtils:49 - Transaction synchronization deregistering SqlSession [org.apache.ibatis.session.defaults.DefaultSqlSession@21fd5faa]
2019-03-17 12:06:48 DEBUG SqlSessionUtils:49 - Transaction synchronization closing SqlSession [org.apache.ibatis.session.defaults.DefaultSqlSession@21fd5faa]
2019-03-17 12:06:48 DEBUG DataSourceTransactionManager:743 - Initiating transaction commit
2019-03-17 12:06:48 DEBUG DataSourceTransactionManager:326 - Committing JDBC transaction on Connection [com.mysql.jdbc.JDBC4Connection@49ff7d8c]
2019-03-17 12:06:48 DEBUG DataSourceTransactionManager:384 - Releasing JDBC Connection [com.mysql.jdbc.JDBC4Connection@49ff7d8c] after transaction
2019-03-17 12:06:48 DEBUG AbstractDirtiesContextTestExecutionListener:107 - After test method: context [DefaultTestContext@57536d79 testClass = CourseServiceImplTest, testInstance = com.spring.web.service.impl.CourseServiceImplTest@2b9627bc, testMethod = selectCurrentCourses@CourseServiceImplTest, testException = [null], mergedContextConfiguration = [MergedContextConfiguration@3b0143d3 testClass = CourseServiceImplTest, locations = '{classpath:/spring_mybatis.xml}', classes = '{}', contextInitializerClasses = '[]', activeProfiles = '{}', propertySourceLocations = '{}', propertySourceProperties = '{}', contextCustomizers = set[[empty]], contextLoader = 'org.springframework.test.context.support.DelegatingSmartContextLoader', parent = [null]], attributes = map[[empty]]], class annotated with @DirtiesContext [false] with mode [null], method annotated with @DirtiesContext [false] with mode [null].
2019-03-17 12:06:48 DEBUG AbstractDirtiesContextTestExecutionListener:142 - After test class: context [DefaultTestContext@57536d79 testClass = CourseServiceImplTest, testInstance = [null], testMethod = [null], testException = [null], mergedContextConfiguration = [MergedContextConfiguration@3b0143d3 testClass = CourseServiceImplTest, locations = '{classpath:/spring_mybatis.xml}', classes = '{}', contextInitializerClasses = '[]', activeProfiles = '{}', propertySourceLocations = '{}', propertySourceProperties = '{}', contextCustomizers = set[[empty]], contextLoader = 'org.springframework.test.context.support.DelegatingSmartContextLoader', parent = [null]], attributes = map[[empty]]], class annotated with @DirtiesContext [false] with mode [null].
2019-03-17 12:06:48 DEBUG GenericApplicationContext:1002 - Closing org.springframework.context.support.GenericApplicationContext@614ddd49, started on Sun Mar 17 12:06:46 CST 2019
2019-03-17 12:06:48 DEBUG PreparedStatementPool:160 - stmt exit cache
2019-03-17 12:06:48  INFO DruidDataSource:1928 - {dataSource-1} closed
2019-03-17 12:10:02 DEBUG SpringJUnit4ClassRunner:139 - SpringJUnit4ClassRunner constructor called with [class com.spring.web.service.impl.CourseServiceImplTest]
2019-03-17 12:10:02 DEBUG BootstrapUtils:96 - Instantiating CacheAwareContextLoaderDelegate from class [org.springframework.test.context.cache.DefaultCacheAwareContextLoaderDelegate]
2019-03-17 12:10:02 DEBUG BootstrapUtils:79 - Instantiating BootstrapContext using constructor [public org.springframework.test.context.support.DefaultBootstrapContext(java.lang.Class,org.springframework.test.context.CacheAwareContextLoaderDelegate)]
2019-03-17 12:10:02 DEBUG BootstrapUtils:132 - Instantiating TestContextBootstrapper for test class [com.spring.web.service.impl.CourseServiceImplTest] from class [org.springframework.test.context.support.DefaultTestContextBootstrapper]
2019-03-17 12:10:02 DEBUG AbstractDelegatingSmartContextLoader:263 - Delegating to GenericXmlContextLoader to process context configuration [ContextConfigurationAttributes@58651fd0 declaringClass = 'com.spring.web.service.impl.CourseServiceImplTest', classes = '{}', locations = '{/spring_mybatis.xml}', inheritLocations = true, initializers = '{}', inheritInitializers = true, name = [null], contextLoaderClass = 'org.springframework.test.context.ContextLoader'].
2019-03-17 12:10:02 DEBUG ActiveProfilesUtils:79 - Could not find an 'annotation declaring class' for annotation type [org.springframework.test.context.ActiveProfiles] and class [com.spring.web.service.impl.CourseServiceImplTest]
2019-03-17 12:10:02 DEBUG DefaultTestContextBootstrapper:125 - @TestExecutionListeners is not present for class [com.spring.web.service.impl.CourseServiceImplTest]: using defaults.
2019-03-17 12:10:02  INFO DefaultTestContextBootstrapper:248 - Loaded default TestExecutionListener class names from location [META-INF/spring.factories]: [org.springframework.test.context.web.ServletTestExecutionListener, org.springframework.test.context.support.DirtiesContextBeforeModesTestExecutionListener, org.springframework.test.context.support.DependencyInjectionTestExecutionListener, org.springframework.test.context.support.DirtiesContextTestExecutionListener, org.springframework.test.context.transaction.TransactionalTestExecutionListener, org.springframework.test.context.jdbc.SqlScriptsTestExecutionListener]
2019-03-17 12:10:02  INFO DefaultTestContextBootstrapper:177 - Using TestExecutionListeners: [org.springframework.test.context.web.ServletTestExecutionListener@49993335, org.springframework.test.context.support.DirtiesContextBeforeModesTestExecutionListener@20322d26, org.springframework.test.context.support.DependencyInjectionTestExecutionListener@192b07fd, org.springframework.test.context.support.DirtiesContextTestExecutionListener@64bfbc86, org.springframework.test.context.transaction.TransactionalTestExecutionListener@64bf3bbf, org.springframework.test.context.jdbc.SqlScriptsTestExecutionListener@55d56113]
2019-03-17 12:10:02 DEBUG ProfileValueUtils:70 - Retrieved @ProfileValueSourceConfiguration [null] for test class [com.spring.web.service.impl.CourseServiceImplTest]
2019-03-17 12:10:02 DEBUG ProfileValueUtils:83 - Retrieved ProfileValueSource type [class org.springframework.test.annotation.SystemProfileValueSource] for class [com.spring.web.service.impl.CourseServiceImplTest]
2019-03-17 12:10:02 DEBUG ProfileValueUtils:70 - Retrieved @ProfileValueSourceConfiguration [null] for test class [com.spring.web.service.impl.CourseServiceImplTest]
2019-03-17 12:10:02 DEBUG ProfileValueUtils:83 - Retrieved ProfileValueSource type [class org.springframework.test.annotation.SystemProfileValueSource] for class [com.spring.web.service.impl.CourseServiceImplTest]
2019-03-17 12:10:02 DEBUG ProfileValueUtils:70 - Retrieved @ProfileValueSourceConfiguration [null] for test class [com.spring.web.service.impl.CourseServiceImplTest]
2019-03-17 12:10:02 DEBUG ProfileValueUtils:83 - Retrieved ProfileValueSource type [class org.springframework.test.annotation.SystemProfileValueSource] for class [com.spring.web.service.impl.CourseServiceImplTest]
2019-03-17 12:10:02 DEBUG ProfileValueUtils:70 - Retrieved @ProfileValueSourceConfiguration [null] for test class [com.spring.web.service.impl.CourseServiceImplTest]
2019-03-17 12:10:02 DEBUG ProfileValueUtils:83 - Retrieved ProfileValueSource type [class org.springframework.test.annotation.SystemProfileValueSource] for class [com.spring.web.service.impl.CourseServiceImplTest]
2019-03-17 12:10:02 DEBUG AbstractDirtiesContextTestExecutionListener:142 - Before test class: context [DefaultTestContext@57536d79 testClass = CourseServiceImplTest, testInstance = [null], testMethod = [null], testException = [null], mergedContextConfiguration = [MergedContextConfiguration@3b0143d3 testClass = CourseServiceImplTest, locations = '{classpath:/spring_mybatis.xml}', classes = '{}', contextInitializerClasses = '[]', activeProfiles = '{}', propertySourceLocations = '{}', propertySourceProperties = '{}', contextCustomizers = set[[empty]], contextLoader = 'org.springframework.test.context.support.DelegatingSmartContextLoader', parent = [null]], attributes = map[[empty]]], class annotated with @DirtiesContext [false] with mode [null].
2019-03-17 12:10:02 DEBUG ProfileValueUtils:70 - Retrieved @ProfileValueSourceConfiguration [null] for test class [com.spring.web.service.impl.CourseServiceImplTest]
2019-03-17 12:10:02 DEBUG ProfileValueUtils:83 - Retrieved ProfileValueSource type [class org.springframework.test.annotation.SystemProfileValueSource] for class [com.spring.web.service.impl.CourseServiceImplTest]
2019-03-17 12:10:02 DEBUG DependencyInjectionTestExecutionListener:81 - Performing dependency injection for test context [[DefaultTestContext@57536d79 testClass = CourseServiceImplTest, testInstance = com.spring.web.service.impl.CourseServiceImplTest@2b9627bc, testMethod = [null], testException = [null], mergedContextConfiguration = [MergedContextConfiguration@3b0143d3 testClass = CourseServiceImplTest, locations = '{classpath:/spring_mybatis.xml}', classes = '{}', contextInitializerClasses = '[]', activeProfiles = '{}', propertySourceLocations = '{}', propertySourceProperties = '{}', contextCustomizers = set[[empty]], contextLoader = 'org.springframework.test.context.support.DelegatingSmartContextLoader', parent = [null]], attributes = map[[empty]]]].
2019-03-17 12:10:02 DEBUG AbstractDelegatingSmartContextLoader:273 - Delegating to GenericXmlContextLoader to load context from [MergedContextConfiguration@3b0143d3 testClass = CourseServiceImplTest, locations = '{classpath:/spring_mybatis.xml}', classes = '{}', contextInitializerClasses = '[]', activeProfiles = '{}', propertySourceLocations = '{}', propertySourceProperties = '{}', contextCustomizers = set[[empty]], contextLoader = 'org.springframework.test.context.support.DelegatingSmartContextLoader', parent = [null]].
2019-03-17 12:10:02 DEBUG AbstractGenericContextLoader:109 - Loading ApplicationContext for merged context configuration [[MergedContextConfiguration@3b0143d3 testClass = CourseServiceImplTest, locations = '{classpath:/spring_mybatis.xml}', classes = '{}', contextInitializerClasses = '[]', activeProfiles = '{}', propertySourceLocations = '{}', propertySourceProperties = '{}', contextCustomizers = set[[empty]], contextLoader = 'org.springframework.test.context.support.DelegatingSmartContextLoader', parent = [null]]].
2019-03-17 12:10:02 DEBUG StandardEnvironment:252 - Activating profiles []
2019-03-17 12:10:02 DEBUG ClassPathBeanDefinitionScanner:437 - Identified candidate component class: file [F:\spring-study\web\target\classes\com\spring\web\service\impl\CourseServiceImpl.class]
2019-03-17 12:10:02 DEBUG XmlBeanDefinitionReader:395 - Loaded 16 bean definitions from class path resource [spring_mybatis.xml]
2019-03-17 12:10:02 DEBUG GenericApplicationContext:594 - Refreshing org.springframework.context.support.GenericApplicationContext@614ddd49
2019-03-17 12:10:02 DEBUG DefaultListableBeanFactory:213 - Creating shared instance of singleton bean 'org.springframework.context.annotation.internalConfigurationAnnotationProcessor'
2019-03-17 12:10:02 DEBUG DefaultListableBeanFactory:213 - Creating shared instance of singleton bean 'tk.mybatis.spring.mapper.MapperScannerConfigurer#0'
2019-03-17 12:10:02 DEBUG ClassPathMapperScanner:437 - Identified candidate component class: file [F:\spring-study\web\target\classes\com\spring\web\dao\CourseDAO.class]
2019-03-17 12:10:02 DEBUG ClassPathMapperScanner:437 - Identified candidate component class: file [F:\spring-study\web\target\classes\com\spring\web\dao\SysUserDAO.class]
2019-03-17 12:10:02 DEBUG ClassPathMapperScanner:160 - Creating MapperFactoryBean with name 'courseDAO' and 'com.spring.web.dao.CourseDAO' mapperInterface
2019-03-17 12:10:02 DEBUG ClassPathMapperScanner:160 - Creating MapperFactoryBean with name 'sysUserDAO' and 'com.spring.web.dao.SysUserDAO' mapperInterface
2019-03-17 12:10:02 DEBUG DefaultListableBeanFactory:213 - Creating shared instance of singleton bean 'org.springframework.context.support.PropertySourcesPlaceholderConfigurer#0'
2019-03-17 12:10:02 DEBUG PropertySourcesPropertyResolver:115 - Found key 'jdbc.driverClassName' in PropertySource 'localProperties' with value of type String
2019-03-17 12:10:02 DEBUG PropertySourcesPropertyResolver:115 - Found key 'jdbc.url' in PropertySource 'localProperties' with value of type String
2019-03-17 12:10:02 DEBUG PropertySourcesPropertyResolver:115 - Found key 'jdbc.username' in PropertySource 'localProperties' with value of type String
2019-03-17 12:10:02 DEBUG PropertySourcesPropertyResolver:115 - Found key 'jdbc.password' in PropertySource 'localProperties' with value of type String
2019-03-17 12:10:02 DEBUG DefaultListableBeanFactory:213 - Creating shared instance of singleton bean 'org.springframework.context.event.internalEventListenerProcessor'
2019-03-17 12:10:02 DEBUG DefaultListableBeanFactory:213 - Creating shared instance of singleton bean 'org.springframework.context.event.internalEventListenerFactory'
2019-03-17 12:10:02 DEBUG DefaultListableBeanFactory:213 - Creating shared instance of singleton bean 'org.springframework.transaction.config.internalTransactionalEventListenerFactory'
2019-03-17 12:10:02 DEBUG DefaultListableBeanFactory:213 - Creating shared instance of singleton bean 'org.springframework.context.annotation.internalAutowiredAnnotationProcessor'
2019-03-17 12:10:02 DEBUG DefaultListableBeanFactory:213 - Creating shared instance of singleton bean 'org.springframework.context.annotation.internalCommonAnnotationProcessor'
2019-03-17 12:10:02 DEBUG DefaultListableBeanFactory:213 - Creating shared instance of singleton bean 'org.springframework.aop.config.internalAutoProxyCreator'
2019-03-17 12:10:03 DEBUG DefaultListableBeanFactory:213 - Creating shared instance of singleton bean 'courseServiceImpl'
2019-03-17 12:10:03 DEBUG DefaultListableBeanFactory:213 - Creating shared instance of singleton bean 'org.springframework.transaction.config.internalTransactionAdvisor'
2019-03-17 12:10:03 DEBUG DefaultListableBeanFactory:213 - Creating shared instance of singleton bean 'org.springframework.transaction.annotation.AnnotationTransactionAttributeSource#0'
2019-03-17 12:10:03 DEBUG DefaultListableBeanFactory:213 - Creating shared instance of singleton bean 'dataSource'
2019-03-17 12:10:03  INFO DruidDataSource:991 - {dataSource-1} inited
2019-03-17 12:10:03 DEBUG DefaultListableBeanFactory:213 - Creating shared instance of singleton bean 'sqlSessionFactory'
2019-03-17 12:10:03 DEBUG LogFactory:105 - Logging initialized using 'class org.apache.ibatis.logging.slf4j.Slf4jImpl' adapter.
2019-03-17 12:10:03 DEBUG SqlSessionFactoryBean:49 - Property 'configuration' or 'configLocation' not specified, using default MyBatis Configuration
2019-03-17 12:10:04 DEBUG VFS:111 - Class not found: org.jboss.vfs.VFS
2019-03-17 12:10:04 DEBUG JBoss6VFS:142 - JBoss 6 VFS API is not available in this environment.
2019-03-17 12:10:04 DEBUG VFS:111 - Class not found: org.jboss.vfs.VirtualFile
2019-03-17 12:10:04 DEBUG VFS:63 - VFS implementation org.apache.ibatis.io.JBoss6VFS is not valid in this environment.
2019-03-17 12:10:04 DEBUG VFS:77 - Using VFS adapter org.apache.ibatis.io.DefaultVFS
2019-03-17 12:10:04 DEBUG DefaultVFS:222 - Find JAR URL: file:/F:/spring-study/web/target/classes/com/spring/web/entity
2019-03-17 12:10:04 DEBUG DefaultVFS:248 - Not a JAR: file:/F:/spring-study/web/target/classes/com/spring/web/entity
2019-03-17 12:10:04 DEBUG DefaultVFS:102 - Reader entry: Course.class
2019-03-17 12:10:04 DEBUG DefaultVFS:102 - Reader entry: CourseVO.class
2019-03-17 12:10:04 DEBUG DefaultVFS:102 - Reader entry: SysUser.class
2019-03-17 12:10:04 DEBUG DefaultVFS:113 - Listing file:/F:/spring-study/web/target/classes/com/spring/web/entity
2019-03-17 12:10:04 DEBUG DefaultVFS:222 - Find JAR URL: file:/F:/spring-study/web/target/classes/com/spring/web/entity/Course.class
2019-03-17 12:10:04 DEBUG DefaultVFS:248 - Not a JAR: file:/F:/spring-study/web/target/classes/com/spring/web/entity/Course.class
2019-03-17 12:10:04 DEBUG DefaultVFS:102 - Reader entry: ����   4 �
2019-03-17 12:10:04 DEBUG DefaultVFS:222 - Find JAR URL: file:/F:/spring-study/web/target/classes/com/spring/web/entity/CourseVO.class
2019-03-17 12:10:04 DEBUG DefaultVFS:248 - Not a JAR: file:/F:/spring-study/web/target/classes/com/spring/web/entity/CourseVO.class
2019-03-17 12:10:04 DEBUG DefaultVFS:102 - Reader entry: ����   4 �
2019-03-17 12:10:04 DEBUG DefaultVFS:222 - Find JAR URL: file:/F:/spring-study/web/target/classes/com/spring/web/entity/SysUser.class
2019-03-17 12:10:04 DEBUG DefaultVFS:248 - Not a JAR: file:/F:/spring-study/web/target/classes/com/spring/web/entity/SysUser.class
2019-03-17 12:10:04 DEBUG DefaultVFS:102 - Reader entry: ����   4 ~
2019-03-17 12:10:04 DEBUG ResolverUtil:256 - Checking to see if class com.spring.web.entity.Course matches criteria [is assignable to Object]
2019-03-17 12:10:04 DEBUG ResolverUtil:256 - Checking to see if class com.spring.web.entity.CourseVO matches criteria [is assignable to Object]
2019-03-17 12:10:04 DEBUG ResolverUtil:256 - Checking to see if class com.spring.web.entity.SysUser matches criteria [is assignable to Object]
2019-03-17 12:10:04 DEBUG SqlSessionFactoryBean:49 - Scanned package: 'com.spring.web.entity' for aliases
2019-03-17 12:10:04 DEBUG SqlSessionFactoryBean:49 - Property 'mapperLocations' was not specified or no matching resources found
2019-03-17 12:10:04 DEBUG DefaultListableBeanFactory:213 - Creating shared instance of singleton bean 'manager'
2019-03-17 12:10:04 DEBUG DefaultListableBeanFactory:213 - Creating shared instance of singleton bean 'org.springframework.transaction.interceptor.TransactionInterceptor#0'
2019-03-17 12:10:04 DEBUG DefaultListableBeanFactory:213 - Creating shared instance of singleton bean 'courseDAO'
2019-03-17 12:10:04 DEBUG DefaultListableBeanFactory:213 - Creating shared instance of singleton bean 'sysUserDAO'
2019-03-17 12:10:04 DEBUG DefaultCacheAwareContextLoaderDelegate:119 - Storing ApplicationContext in cache under key [[MergedContextConfiguration@3b0143d3 testClass = CourseServiceImplTest, locations = '{classpath:/spring_mybatis.xml}', classes = '{}', contextInitializerClasses = '[]', activeProfiles = '{}', propertySourceLocations = '{}', propertySourceProperties = '{}', contextCustomizers = set[[empty]], contextLoader = 'org.springframework.test.context.support.DelegatingSmartContextLoader', parent = [null]]]
2019-03-17 12:10:04 DEBUG cache:290 - Spring test ApplicationContext cache statistics: [DefaultContextCache@6c2c1385 size = 1, maxSize = 32, parentContextCount = 0, hitCount = 0, missCount = 1]
2019-03-17 12:10:04 DEBUG AbstractDirtiesContextTestExecutionListener:107 - Before test method: context [DefaultTestContext@57536d79 testClass = CourseServiceImplTest, testInstance = com.spring.web.service.impl.CourseServiceImplTest@2b9627bc, testMethod = selectCurrentCourses@CourseServiceImplTest, testException = [null], mergedContextConfiguration = [MergedContextConfiguration@3b0143d3 testClass = CourseServiceImplTest, locations = '{classpath:/spring_mybatis.xml}', classes = '{}', contextInitializerClasses = '[]', activeProfiles = '{}', propertySourceLocations = '{}', propertySourceProperties = '{}', contextCustomizers = set[[empty]], contextLoader = 'org.springframework.test.context.support.DelegatingSmartContextLoader', parent = [null]], attributes = map[[empty]]], class annotated with @DirtiesContext [false] with mode [null], method annotated with @DirtiesContext [false] with mode [null].
2019-03-17 12:10:04 DEBUG DataSourceTransactionManager:372 - Creating new transaction with name [com.spring.web.service.impl.CourseServiceImpl.selectCurrentCourses]: PROPAGATION_REQUIRED,ISOLATION_DEFAULT
2019-03-17 12:10:04 DEBUG DataSourceTransactionManager:264 - Acquired Connection [com.mysql.jdbc.JDBC4Connection@c94fd30] for JDBC transaction
2019-03-17 12:10:04 DEBUG DataSourceTransactionManager:281 - Switching JDBC Connection [com.mysql.jdbc.JDBC4Connection@c94fd30] to manual commit
2019-03-17 12:10:04 DEBUG DataSourceTransactionManager:836 - Initiating transaction rollback
2019-03-17 12:10:04 DEBUG DataSourceTransactionManager:341 - Rolling back JDBC transaction on Connection [com.mysql.jdbc.JDBC4Connection@c94fd30]
2019-03-17 12:10:04 DEBUG DataSourceTransactionManager:384 - Releasing JDBC Connection [com.mysql.jdbc.JDBC4Connection@c94fd30] after transaction
2019-03-17 12:10:04 DEBUG AbstractDirtiesContextTestExecutionListener:107 - After test method: context [DefaultTestContext@57536d79 testClass = CourseServiceImplTest, testInstance = com.spring.web.service.impl.CourseServiceImplTest@2b9627bc, testMethod = selectCurrentCourses@CourseServiceImplTest, testException = java.lang.NullPointerException, mergedContextConfiguration = [MergedContextConfiguration@3b0143d3 testClass = CourseServiceImplTest, locations = '{classpath:/spring_mybatis.xml}', classes = '{}', contextInitializerClasses = '[]', activeProfiles = '{}', propertySourceLocations = '{}', propertySourceProperties = '{}', contextCustomizers = set[[empty]], contextLoader = 'org.springframework.test.context.support.DelegatingSmartContextLoader', parent = [null]], attributes = map[[empty]]], class annotated with @DirtiesContext [false] with mode [null], method annotated with @DirtiesContext [false] with mode [null].
2019-03-17 12:10:04 DEBUG AbstractDirtiesContextTestExecutionListener:142 - After test class: context [DefaultTestContext@57536d79 testClass = CourseServiceImplTest, testInstance = [null], testMethod = [null], testException = [null], mergedContextConfiguration = [MergedContextConfiguration@3b0143d3 testClass = CourseServiceImplTest, locations = '{classpath:/spring_mybatis.xml}', classes = '{}', contextInitializerClasses = '[]', activeProfiles = '{}', propertySourceLocations = '{}', propertySourceProperties = '{}', contextCustomizers = set[[empty]], contextLoader = 'org.springframework.test.context.support.DelegatingSmartContextLoader', parent = [null]], attributes = map[[empty]]], class annotated with @DirtiesContext [false] with mode [null].
2019-03-17 12:10:04 DEBUG GenericApplicationContext:1002 - Closing org.springframework.context.support.GenericApplicationContext@614ddd49, started on Sun Mar 17 12:10:02 CST 2019
2019-03-17 12:10:04  INFO DruidDataSource:1928 - {dataSource-1} closed
2019-03-17 12:11:57 DEBUG SpringJUnit4ClassRunner:139 - SpringJUnit4ClassRunner constructor called with [class com.spring.web.service.impl.CourseServiceImplTest]
2019-03-17 12:11:57 DEBUG BootstrapUtils:96 - Instantiating CacheAwareContextLoaderDelegate from class [org.springframework.test.context.cache.DefaultCacheAwareContextLoaderDelegate]
2019-03-17 12:11:57 DEBUG BootstrapUtils:79 - Instantiating BootstrapContext using constructor [public org.springframework.test.context.support.DefaultBootstrapContext(java.lang.Class,org.springframework.test.context.CacheAwareContextLoaderDelegate)]
2019-03-17 12:11:57 DEBUG BootstrapUtils:132 - Instantiating TestContextBootstrapper for test class [com.spring.web.service.impl.CourseServiceImplTest] from class [org.springframework.test.context.support.DefaultTestContextBootstrapper]
2019-03-17 12:11:57 DEBUG AbstractDelegatingSmartContextLoader:263 - Delegating to GenericXmlContextLoader to process context configuration [ContextConfigurationAttributes@58651fd0 declaringClass = 'com.spring.web.service.impl.CourseServiceImplTest', classes = '{}', locations = '{/spring_mybatis.xml}', inheritLocations = true, initializers = '{}', inheritInitializers = true, name = [null], contextLoaderClass = 'org.springframework.test.context.ContextLoader'].
2019-03-17 12:11:57 DEBUG ActiveProfilesUtils:79 - Could not find an 'annotation declaring class' for annotation type [org.springframework.test.context.ActiveProfiles] and class [com.spring.web.service.impl.CourseServiceImplTest]
2019-03-17 12:11:57 DEBUG DefaultTestContextBootstrapper:125 - @TestExecutionListeners is not present for class [com.spring.web.service.impl.CourseServiceImplTest]: using defaults.
2019-03-17 12:11:57  INFO DefaultTestContextBootstrapper:248 - Loaded default TestExecutionListener class names from location [META-INF/spring.factories]: [org.springframework.test.context.web.ServletTestExecutionListener, org.springframework.test.context.support.DirtiesContextBeforeModesTestExecutionListener, org.springframework.test.context.support.DependencyInjectionTestExecutionListener, org.springframework.test.context.support.DirtiesContextTestExecutionListener, org.springframework.test.context.transaction.TransactionalTestExecutionListener, org.springframework.test.context.jdbc.SqlScriptsTestExecutionListener]
2019-03-17 12:11:57  INFO DefaultTestContextBootstrapper:177 - Using TestExecutionListeners: [org.springframework.test.context.web.ServletTestExecutionListener@49993335, org.springframework.test.context.support.DirtiesContextBeforeModesTestExecutionListener@20322d26, org.springframework.test.context.support.DependencyInjectionTestExecutionListener@192b07fd, org.springframework.test.context.support.DirtiesContextTestExecutionListener@64bfbc86, org.springframework.test.context.transaction.TransactionalTestExecutionListener@64bf3bbf, org.springframework.test.context.jdbc.SqlScriptsTestExecutionListener@55d56113]
2019-03-17 12:11:57 DEBUG ProfileValueUtils:70 - Retrieved @ProfileValueSourceConfiguration [null] for test class [com.spring.web.service.impl.CourseServiceImplTest]
2019-03-17 12:11:57 DEBUG ProfileValueUtils:83 - Retrieved ProfileValueSource type [class org.springframework.test.annotation.SystemProfileValueSource] for class [com.spring.web.service.impl.CourseServiceImplTest]
2019-03-17 12:11:57 DEBUG ProfileValueUtils:70 - Retrieved @ProfileValueSourceConfiguration [null] for test class [com.spring.web.service.impl.CourseServiceImplTest]
2019-03-17 12:11:57 DEBUG ProfileValueUtils:83 - Retrieved ProfileValueSource type [class org.springframework.test.annotation.SystemProfileValueSource] for class [com.spring.web.service.impl.CourseServiceImplTest]
2019-03-17 12:11:57 DEBUG ProfileValueUtils:70 - Retrieved @ProfileValueSourceConfiguration [null] for test class [com.spring.web.service.impl.CourseServiceImplTest]
2019-03-17 12:11:57 DEBUG ProfileValueUtils:83 - Retrieved ProfileValueSource type [class org.springframework.test.annotation.SystemProfileValueSource] for class [com.spring.web.service.impl.CourseServiceImplTest]
2019-03-17 12:11:57 DEBUG ProfileValueUtils:70 - Retrieved @ProfileValueSourceConfiguration [null] for test class [com.spring.web.service.impl.CourseServiceImplTest]
2019-03-17 12:11:57 DEBUG ProfileValueUtils:83 - Retrieved ProfileValueSource type [class org.springframework.test.annotation.SystemProfileValueSource] for class [com.spring.web.service.impl.CourseServiceImplTest]
2019-03-17 12:11:57 DEBUG AbstractDirtiesContextTestExecutionListener:142 - Before test class: context [DefaultTestContext@57536d79 testClass = CourseServiceImplTest, testInstance = [null], testMethod = [null], testException = [null], mergedContextConfiguration = [MergedContextConfiguration@3b0143d3 testClass = CourseServiceImplTest, locations = '{classpath:/spring_mybatis.xml}', classes = '{}', contextInitializerClasses = '[]', activeProfiles = '{}', propertySourceLocations = '{}', propertySourceProperties = '{}', contextCustomizers = set[[empty]], contextLoader = 'org.springframework.test.context.support.DelegatingSmartContextLoader', parent = [null]], attributes = map[[empty]]], class annotated with @DirtiesContext [false] with mode [null].
2019-03-17 12:11:57 DEBUG ProfileValueUtils:70 - Retrieved @ProfileValueSourceConfiguration [null] for test class [com.spring.web.service.impl.CourseServiceImplTest]
2019-03-17 12:11:57 DEBUG ProfileValueUtils:83 - Retrieved ProfileValueSource type [class org.springframework.test.annotation.SystemProfileValueSource] for class [com.spring.web.service.impl.CourseServiceImplTest]
2019-03-17 12:11:57 DEBUG DependencyInjectionTestExecutionListener:81 - Performing dependency injection for test context [[DefaultTestContext@57536d79 testClass = CourseServiceImplTest, testInstance = com.spring.web.service.impl.CourseServiceImplTest@2b9627bc, testMethod = [null], testException = [null], mergedContextConfiguration = [MergedContextConfiguration@3b0143d3 testClass = CourseServiceImplTest, locations = '{classpath:/spring_mybatis.xml}', classes = '{}', contextInitializerClasses = '[]', activeProfiles = '{}', propertySourceLocations = '{}', propertySourceProperties = '{}', contextCustomizers = set[[empty]], contextLoader = 'org.springframework.test.context.support.DelegatingSmartContextLoader', parent = [null]], attributes = map[[empty]]]].
2019-03-17 12:11:57 DEBUG AbstractDelegatingSmartContextLoader:273 - Delegating to GenericXmlContextLoader to load context from [MergedContextConfiguration@3b0143d3 testClass = CourseServiceImplTest, locations = '{classpath:/spring_mybatis.xml}', classes = '{}', contextInitializerClasses = '[]', activeProfiles = '{}', propertySourceLocations = '{}', propertySourceProperties = '{}', contextCustomizers = set[[empty]], contextLoader = 'org.springframework.test.context.support.DelegatingSmartContextLoader', parent = [null]].
2019-03-17 12:11:57 DEBUG AbstractGenericContextLoader:109 - Loading ApplicationContext for merged context configuration [[MergedContextConfiguration@3b0143d3 testClass = CourseServiceImplTest, locations = '{classpath:/spring_mybatis.xml}', classes = '{}', contextInitializerClasses = '[]', activeProfiles = '{}', propertySourceLocations = '{}', propertySourceProperties = '{}', contextCustomizers = set[[empty]], contextLoader = 'org.springframework.test.context.support.DelegatingSmartContextLoader', parent = [null]]].
2019-03-17 12:11:57 DEBUG StandardEnvironment:252 - Activating profiles []
2019-03-17 12:11:57 DEBUG ClassPathBeanDefinitionScanner:437 - Identified candidate component class: file [F:\spring-study\web\target\classes\com\spring\web\service\impl\CourseServiceImpl.class]
2019-03-17 12:11:57 DEBUG XmlBeanDefinitionReader:395 - Loaded 16 bean definitions from class path resource [spring_mybatis.xml]
2019-03-17 12:11:57 DEBUG GenericApplicationContext:594 - Refreshing org.springframework.context.support.GenericApplicationContext@614ddd49
2019-03-17 12:11:57 DEBUG DefaultListableBeanFactory:213 - Creating shared instance of singleton bean 'org.springframework.context.annotation.internalConfigurationAnnotationProcessor'
2019-03-17 12:11:57 DEBUG DefaultListableBeanFactory:213 - Creating shared instance of singleton bean 'tk.mybatis.spring.mapper.MapperScannerConfigurer#0'
2019-03-17 12:11:58 DEBUG ClassPathMapperScanner:437 - Identified candidate component class: file [F:\spring-study\web\target\classes\com\spring\web\dao\CourseDAO.class]
2019-03-17 12:11:58 DEBUG ClassPathMapperScanner:437 - Identified candidate component class: file [F:\spring-study\web\target\classes\com\spring\web\dao\SysUserDAO.class]
2019-03-17 12:11:58 DEBUG ClassPathMapperScanner:160 - Creating MapperFactoryBean with name 'courseDAO' and 'com.spring.web.dao.CourseDAO' mapperInterface
2019-03-17 12:11:58 DEBUG ClassPathMapperScanner:160 - Creating MapperFactoryBean with name 'sysUserDAO' and 'com.spring.web.dao.SysUserDAO' mapperInterface
2019-03-17 12:11:58 DEBUG DefaultListableBeanFactory:213 - Creating shared instance of singleton bean 'org.springframework.context.support.PropertySourcesPlaceholderConfigurer#0'
2019-03-17 12:11:58 DEBUG PropertySourcesPropertyResolver:115 - Found key 'jdbc.driverClassName' in PropertySource 'localProperties' with value of type String
2019-03-17 12:11:58 DEBUG PropertySourcesPropertyResolver:115 - Found key 'jdbc.url' in PropertySource 'localProperties' with value of type String
2019-03-17 12:11:58 DEBUG PropertySourcesPropertyResolver:115 - Found key 'jdbc.username' in PropertySource 'localProperties' with value of type String
2019-03-17 12:11:58 DEBUG PropertySourcesPropertyResolver:115 - Found key 'jdbc.password' in PropertySource 'localProperties' with value of type String
2019-03-17 12:11:58 DEBUG DefaultListableBeanFactory:213 - Creating shared instance of singleton bean 'org.springframework.context.event.internalEventListenerProcessor'
2019-03-17 12:11:58 DEBUG DefaultListableBeanFactory:213 - Creating shared instance of singleton bean 'org.springframework.context.event.internalEventListenerFactory'
2019-03-17 12:11:58 DEBUG DefaultListableBeanFactory:213 - Creating shared instance of singleton bean 'org.springframework.transaction.config.internalTransactionalEventListenerFactory'
2019-03-17 12:11:58 DEBUG DefaultListableBeanFactory:213 - Creating shared instance of singleton bean 'org.springframework.context.annotation.internalAutowiredAnnotationProcessor'
2019-03-17 12:11:58 DEBUG DefaultListableBeanFactory:213 - Creating shared instance of singleton bean 'org.springframework.context.annotation.internalCommonAnnotationProcessor'
2019-03-17 12:11:58 DEBUG DefaultListableBeanFactory:213 - Creating shared instance of singleton bean 'org.springframework.aop.config.internalAutoProxyCreator'
2019-03-17 12:11:58 DEBUG DefaultListableBeanFactory:213 - Creating shared instance of singleton bean 'courseServiceImpl'
2019-03-17 12:11:58 DEBUG DefaultListableBeanFactory:213 - Creating shared instance of singleton bean 'org.springframework.transaction.config.internalTransactionAdvisor'
2019-03-17 12:11:58 DEBUG DefaultListableBeanFactory:213 - Creating shared instance of singleton bean 'org.springframework.transaction.annotation.AnnotationTransactionAttributeSource#0'
2019-03-17 12:11:58 DEBUG DefaultListableBeanFactory:213 - Creating shared instance of singleton bean 'dataSource'
2019-03-17 12:11:58  INFO DruidDataSource:991 - {dataSource-1} inited
2019-03-17 12:11:58 DEBUG DefaultListableBeanFactory:213 - Creating shared instance of singleton bean 'sqlSessionFactory'
2019-03-17 12:11:58 DEBUG LogFactory:105 - Logging initialized using 'class org.apache.ibatis.logging.slf4j.Slf4jImpl' adapter.
2019-03-17 12:11:59 DEBUG SqlSessionFactoryBean:49 - Property 'configuration' or 'configLocation' not specified, using default MyBatis Configuration
2019-03-17 12:11:59 DEBUG VFS:111 - Class not found: org.jboss.vfs.VFS
2019-03-17 12:11:59 DEBUG JBoss6VFS:142 - JBoss 6 VFS API is not available in this environment.
2019-03-17 12:11:59 DEBUG VFS:111 - Class not found: org.jboss.vfs.VirtualFile
2019-03-17 12:11:59 DEBUG VFS:63 - VFS implementation org.apache.ibatis.io.JBoss6VFS is not valid in this environment.
2019-03-17 12:11:59 DEBUG VFS:77 - Using VFS adapter org.apache.ibatis.io.DefaultVFS
2019-03-17 12:11:59 DEBUG DefaultVFS:222 - Find JAR URL: file:/F:/spring-study/web/target/classes/com/spring/web/entity
2019-03-17 12:11:59 DEBUG DefaultVFS:248 - Not a JAR: file:/F:/spring-study/web/target/classes/com/spring/web/entity
2019-03-17 12:11:59 DEBUG DefaultVFS:102 - Reader entry: Course.class
2019-03-17 12:11:59 DEBUG DefaultVFS:102 - Reader entry: CourseVO.class
2019-03-17 12:11:59 DEBUG DefaultVFS:102 - Reader entry: SysUser.class
2019-03-17 12:11:59 DEBUG DefaultVFS:113 - Listing file:/F:/spring-study/web/target/classes/com/spring/web/entity
2019-03-17 12:11:59 DEBUG DefaultVFS:222 - Find JAR URL: file:/F:/spring-study/web/target/classes/com/spring/web/entity/Course.class
2019-03-17 12:11:59 DEBUG DefaultVFS:248 - Not a JAR: file:/F:/spring-study/web/target/classes/com/spring/web/entity/Course.class
2019-03-17 12:11:59 DEBUG DefaultVFS:102 - Reader entry: ����   4 �
2019-03-17 12:11:59 DEBUG DefaultVFS:222 - Find JAR URL: file:/F:/spring-study/web/target/classes/com/spring/web/entity/CourseVO.class
2019-03-17 12:11:59 DEBUG DefaultVFS:248 - Not a JAR: file:/F:/spring-study/web/target/classes/com/spring/web/entity/CourseVO.class
2019-03-17 12:11:59 DEBUG DefaultVFS:102 - Reader entry: ����   4 �
2019-03-17 12:11:59 DEBUG DefaultVFS:222 - Find JAR URL: file:/F:/spring-study/web/target/classes/com/spring/web/entity/SysUser.class
2019-03-17 12:11:59 DEBUG DefaultVFS:248 - Not a JAR: file:/F:/spring-study/web/target/classes/com/spring/web/entity/SysUser.class
2019-03-17 12:11:59 DEBUG DefaultVFS:102 - Reader entry: ����   4 ~
2019-03-17 12:11:59 DEBUG ResolverUtil:256 - Checking to see if class com.spring.web.entity.Course matches criteria [is assignable to Object]
2019-03-17 12:11:59 DEBUG ResolverUtil:256 - Checking to see if class com.spring.web.entity.CourseVO matches criteria [is assignable to Object]
2019-03-17 12:11:59 DEBUG ResolverUtil:256 - Checking to see if class com.spring.web.entity.SysUser matches criteria [is assignable to Object]
2019-03-17 12:11:59 DEBUG SqlSessionFactoryBean:49 - Scanned package: 'com.spring.web.entity' for aliases
2019-03-17 12:11:59 DEBUG SqlSessionFactoryBean:49 - Property 'mapperLocations' was not specified or no matching resources found
2019-03-17 12:11:59 DEBUG DefaultListableBeanFactory:213 - Creating shared instance of singleton bean 'manager'
2019-03-17 12:11:59 DEBUG DefaultListableBeanFactory:213 - Creating shared instance of singleton bean 'org.springframework.transaction.interceptor.TransactionInterceptor#0'
2019-03-17 12:11:59 DEBUG DefaultListableBeanFactory:213 - Creating shared instance of singleton bean 'courseDAO'
2019-03-17 12:11:59 DEBUG DefaultListableBeanFactory:213 - Creating shared instance of singleton bean 'sysUserDAO'
2019-03-17 12:11:59 DEBUG DefaultCacheAwareContextLoaderDelegate:119 - Storing ApplicationContext in cache under key [[MergedContextConfiguration@3b0143d3 testClass = CourseServiceImplTest, locations = '{classpath:/spring_mybatis.xml}', classes = '{}', contextInitializerClasses = '[]', activeProfiles = '{}', propertySourceLocations = '{}', propertySourceProperties = '{}', contextCustomizers = set[[empty]], contextLoader = 'org.springframework.test.context.support.DelegatingSmartContextLoader', parent = [null]]]
2019-03-17 12:11:59 DEBUG cache:290 - Spring test ApplicationContext cache statistics: [DefaultContextCache@6c2c1385 size = 1, maxSize = 32, parentContextCount = 0, hitCount = 0, missCount = 1]
2019-03-17 12:11:59 DEBUG AbstractDirtiesContextTestExecutionListener:107 - Before test method: context [DefaultTestContext@57536d79 testClass = CourseServiceImplTest, testInstance = com.spring.web.service.impl.CourseServiceImplTest@2b9627bc, testMethod = selectCurrentCourses@CourseServiceImplTest, testException = [null], mergedContextConfiguration = [MergedContextConfiguration@3b0143d3 testClass = CourseServiceImplTest, locations = '{classpath:/spring_mybatis.xml}', classes = '{}', contextInitializerClasses = '[]', activeProfiles = '{}', propertySourceLocations = '{}', propertySourceProperties = '{}', contextCustomizers = set[[empty]], contextLoader = 'org.springframework.test.context.support.DelegatingSmartContextLoader', parent = [null]], attributes = map[[empty]]], class annotated with @DirtiesContext [false] with mode [null], method annotated with @DirtiesContext [false] with mode [null].
2019-03-17 12:11:59 DEBUG DataSourceTransactionManager:372 - Creating new transaction with name [com.spring.web.service.impl.CourseServiceImpl.selectCurrentCourses]: PROPAGATION_REQUIRED,ISOLATION_DEFAULT
2019-03-17 12:11:59 DEBUG DataSourceTransactionManager:264 - Acquired Connection [com.mysql.jdbc.JDBC4Connection@c94fd30] for JDBC transaction
2019-03-17 12:11:59 DEBUG DataSourceTransactionManager:281 - Switching JDBC Connection [com.mysql.jdbc.JDBC4Connection@c94fd30] to manual commit
2019-03-17 12:11:59 DEBUG DataSourceTransactionManager:836 - Initiating transaction rollback
2019-03-17 12:11:59 DEBUG DataSourceTransactionManager:341 - Rolling back JDBC transaction on Connection [com.mysql.jdbc.JDBC4Connection@c94fd30]
2019-03-17 12:11:59 DEBUG DataSourceTransactionManager:384 - Releasing JDBC Connection [com.mysql.jdbc.JDBC4Connection@c94fd30] after transaction
2019-03-17 12:11:59 DEBUG AbstractDirtiesContextTestExecutionListener:107 - After test method: context [DefaultTestContext@57536d79 testClass = CourseServiceImplTest, testInstance = com.spring.web.service.impl.CourseServiceImplTest@2b9627bc, testMethod = selectCurrentCourses@CourseServiceImplTest, testException = java.lang.NullPointerException, mergedContextConfiguration = [MergedContextConfiguration@3b0143d3 testClass = CourseServiceImplTest, locations = '{classpath:/spring_mybatis.xml}', classes = '{}', contextInitializerClasses = '[]', activeProfiles = '{}', propertySourceLocations = '{}', propertySourceProperties = '{}', contextCustomizers = set[[empty]], contextLoader = 'org.springframework.test.context.support.DelegatingSmartContextLoader', parent = [null]], attributes = map[[empty]]], class annotated with @DirtiesContext [false] with mode [null], method annotated with @DirtiesContext [false] with mode [null].
2019-03-17 12:11:59 DEBUG AbstractDirtiesContextTestExecutionListener:142 - After test class: context [DefaultTestContext@57536d79 testClass = CourseServiceImplTest, testInstance = [null], testMethod = [null], testException = [null], mergedContextConfiguration = [MergedContextConfiguration@3b0143d3 testClass = CourseServiceImplTest, locations = '{classpath:/spring_mybatis.xml}', classes = '{}', contextInitializerClasses = '[]', activeProfiles = '{}', propertySourceLocations = '{}', propertySourceProperties = '{}', contextCustomizers = set[[empty]], contextLoader = 'org.springframework.test.context.support.DelegatingSmartContextLoader', parent = [null]], attributes = map[[empty]]], class annotated with @DirtiesContext [false] with mode [null].
2019-03-17 12:11:59 DEBUG GenericApplicationContext:1002 - Closing org.springframework.context.support.GenericApplicationContext@614ddd49, started on Sun Mar 17 12:11:57 CST 2019
2019-03-17 12:11:59  INFO DruidDataSource:1928 - {dataSource-1} closed
2019-03-17 12:13:31 DEBUG SpringJUnit4ClassRunner:139 - SpringJUnit4ClassRunner constructor called with [class com.spring.web.service.impl.CourseServiceImplTest]
2019-03-17 12:13:31 DEBUG BootstrapUtils:96 - Instantiating CacheAwareContextLoaderDelegate from class [org.springframework.test.context.cache.DefaultCacheAwareContextLoaderDelegate]
2019-03-17 12:13:31 DEBUG BootstrapUtils:79 - Instantiating BootstrapContext using constructor [public org.springframework.test.context.support.DefaultBootstrapContext(java.lang.Class,org.springframework.test.context.CacheAwareContextLoaderDelegate)]
2019-03-17 12:13:31 DEBUG BootstrapUtils:132 - Instantiating TestContextBootstrapper for test class [com.spring.web.service.impl.CourseServiceImplTest] from class [org.springframework.test.context.support.DefaultTestContextBootstrapper]
2019-03-17 12:13:31 DEBUG AbstractDelegatingSmartContextLoader:263 - Delegating to GenericXmlContextLoader to process context configuration [ContextConfigurationAttributes@58651fd0 declaringClass = 'com.spring.web.service.impl.CourseServiceImplTest', classes = '{}', locations = '{/spring_mybatis.xml}', inheritLocations = true, initializers = '{}', inheritInitializers = true, name = [null], contextLoaderClass = 'org.springframework.test.context.ContextLoader'].
2019-03-17 12:13:31 DEBUG ActiveProfilesUtils:79 - Could not find an 'annotation declaring class' for annotation type [org.springframework.test.context.ActiveProfiles] and class [com.spring.web.service.impl.CourseServiceImplTest]
2019-03-17 12:13:31 DEBUG DefaultTestContextBootstrapper:125 - @TestExecutionListeners is not present for class [com.spring.web.service.impl.CourseServiceImplTest]: using defaults.
2019-03-17 12:13:31  INFO DefaultTestContextBootstrapper:248 - Loaded default TestExecutionListener class names from location [META-INF/spring.factories]: [org.springframework.test.context.web.ServletTestExecutionListener, org.springframework.test.context.support.DirtiesContextBeforeModesTestExecutionListener, org.springframework.test.context.support.DependencyInjectionTestExecutionListener, org.springframework.test.context.support.DirtiesContextTestExecutionListener, org.springframework.test.context.transaction.TransactionalTestExecutionListener, org.springframework.test.context.jdbc.SqlScriptsTestExecutionListener]
2019-03-17 12:13:31  INFO DefaultTestContextBootstrapper:177 - Using TestExecutionListeners: [org.springframework.test.context.web.ServletTestExecutionListener@49993335, org.springframework.test.context.support.DirtiesContextBeforeModesTestExecutionListener@20322d26, org.springframework.test.context.support.DependencyInjectionTestExecutionListener@192b07fd, org.springframework.test.context.support.DirtiesContextTestExecutionListener@64bfbc86, org.springframework.test.context.transaction.TransactionalTestExecutionListener@64bf3bbf, org.springframework.test.context.jdbc.SqlScriptsTestExecutionListener@55d56113]
2019-03-17 12:13:31 DEBUG ProfileValueUtils:70 - Retrieved @ProfileValueSourceConfiguration [null] for test class [com.spring.web.service.impl.CourseServiceImplTest]
2019-03-17 12:13:31 DEBUG ProfileValueUtils:83 - Retrieved ProfileValueSource type [class org.springframework.test.annotation.SystemProfileValueSource] for class [com.spring.web.service.impl.CourseServiceImplTest]
2019-03-17 12:13:31 DEBUG ProfileValueUtils:70 - Retrieved @ProfileValueSourceConfiguration [null] for test class [com.spring.web.service.impl.CourseServiceImplTest]
2019-03-17 12:13:31 DEBUG ProfileValueUtils:83 - Retrieved ProfileValueSource type [class org.springframework.test.annotation.SystemProfileValueSource] for class [com.spring.web.service.impl.CourseServiceImplTest]
2019-03-17 12:13:31 DEBUG ProfileValueUtils:70 - Retrieved @ProfileValueSourceConfiguration [null] for test class [com.spring.web.service.impl.CourseServiceImplTest]
2019-03-17 12:13:31 DEBUG ProfileValueUtils:83 - Retrieved ProfileValueSource type [class org.springframework.test.annotation.SystemProfileValueSource] for class [com.spring.web.service.impl.CourseServiceImplTest]
2019-03-17 12:13:31 DEBUG ProfileValueUtils:70 - Retrieved @ProfileValueSourceConfiguration [null] for test class [com.spring.web.service.impl.CourseServiceImplTest]
2019-03-17 12:13:31 DEBUG ProfileValueUtils:83 - Retrieved ProfileValueSource type [class org.springframework.test.annotation.SystemProfileValueSource] for class [com.spring.web.service.impl.CourseServiceImplTest]
2019-03-17 12:13:31 DEBUG AbstractDirtiesContextTestExecutionListener:142 - Before test class: context [DefaultTestContext@57536d79 testClass = CourseServiceImplTest, testInstance = [null], testMethod = [null], testException = [null], mergedContextConfiguration = [MergedContextConfiguration@3b0143d3 testClass = CourseServiceImplTest, locations = '{classpath:/spring_mybatis.xml}', classes = '{}', contextInitializerClasses = '[]', activeProfiles = '{}', propertySourceLocations = '{}', propertySourceProperties = '{}', contextCustomizers = set[[empty]], contextLoader = 'org.springframework.test.context.support.DelegatingSmartContextLoader', parent = [null]], attributes = map[[empty]]], class annotated with @DirtiesContext [false] with mode [null].
2019-03-17 12:13:31 DEBUG ProfileValueUtils:70 - Retrieved @ProfileValueSourceConfiguration [null] for test class [com.spring.web.service.impl.CourseServiceImplTest]
2019-03-17 12:13:31 DEBUG ProfileValueUtils:83 - Retrieved ProfileValueSource type [class org.springframework.test.annotation.SystemProfileValueSource] for class [com.spring.web.service.impl.CourseServiceImplTest]
2019-03-17 12:13:31 DEBUG DependencyInjectionTestExecutionListener:81 - Performing dependency injection for test context [[DefaultTestContext@57536d79 testClass = CourseServiceImplTest, testInstance = com.spring.web.service.impl.CourseServiceImplTest@2b9627bc, testMethod = [null], testException = [null], mergedContextConfiguration = [MergedContextConfiguration@3b0143d3 testClass = CourseServiceImplTest, locations = '{classpath:/spring_mybatis.xml}', classes = '{}', contextInitializerClasses = '[]', activeProfiles = '{}', propertySourceLocations = '{}', propertySourceProperties = '{}', contextCustomizers = set[[empty]], contextLoader = 'org.springframework.test.context.support.DelegatingSmartContextLoader', parent = [null]], attributes = map[[empty]]]].
2019-03-17 12:13:31 DEBUG AbstractDelegatingSmartContextLoader:273 - Delegating to GenericXmlContextLoader to load context from [MergedContextConfiguration@3b0143d3 testClass = CourseServiceImplTest, locations = '{classpath:/spring_mybatis.xml}', classes = '{}', contextInitializerClasses = '[]', activeProfiles = '{}', propertySourceLocations = '{}', propertySourceProperties = '{}', contextCustomizers = set[[empty]], contextLoader = 'org.springframework.test.context.support.DelegatingSmartContextLoader', parent = [null]].
2019-03-17 12:13:31 DEBUG AbstractGenericContextLoader:109 - Loading ApplicationContext for merged context configuration [[MergedContextConfiguration@3b0143d3 testClass = CourseServiceImplTest, locations = '{classpath:/spring_mybatis.xml}', classes = '{}', contextInitializerClasses = '[]', activeProfiles = '{}', propertySourceLocations = '{}', propertySourceProperties = '{}', contextCustomizers = set[[empty]], contextLoader = 'org.springframework.test.context.support.DelegatingSmartContextLoader', parent = [null]]].
2019-03-17 12:13:31 DEBUG StandardEnvironment:252 - Activating profiles []
2019-03-17 12:13:31 DEBUG ClassPathBeanDefinitionScanner:437 - Identified candidate component class: file [F:\spring-study\web\target\classes\com\spring\web\service\impl\CourseServiceImpl.class]
2019-03-17 12:13:31 DEBUG XmlBeanDefinitionReader:395 - Loaded 16 bean definitions from class path resource [spring_mybatis.xml]
2019-03-17 12:13:31 DEBUG GenericApplicationContext:594 - Refreshing org.springframework.context.support.GenericApplicationContext@614ddd49
2019-03-17 12:13:31 DEBUG DefaultListableBeanFactory:213 - Creating shared instance of singleton bean 'org.springframework.context.annotation.internalConfigurationAnnotationProcessor'
2019-03-17 12:13:31 DEBUG DefaultListableBeanFactory:213 - Creating shared instance of singleton bean 'tk.mybatis.spring.mapper.MapperScannerConfigurer#0'
2019-03-17 12:13:31 DEBUG ClassPathMapperScanner:437 - Identified candidate component class: file [F:\spring-study\web\target\classes\com\spring\web\dao\CourseDAO.class]
2019-03-17 12:13:31 DEBUG ClassPathMapperScanner:437 - Identified candidate component class: file [F:\spring-study\web\target\classes\com\spring\web\dao\SysUserDAO.class]
2019-03-17 12:13:31 DEBUG ClassPathMapperScanner:160 - Creating MapperFactoryBean with name 'courseDAO' and 'com.spring.web.dao.CourseDAO' mapperInterface
2019-03-17 12:13:31 DEBUG ClassPathMapperScanner:160 - Creating MapperFactoryBean with name 'sysUserDAO' and 'com.spring.web.dao.SysUserDAO' mapperInterface
2019-03-17 12:13:31 DEBUG DefaultListableBeanFactory:213 - Creating shared instance of singleton bean 'org.springframework.context.support.PropertySourcesPlaceholderConfigurer#0'
2019-03-17 12:13:31 DEBUG PropertySourcesPropertyResolver:115 - Found key 'jdbc.driverClassName' in PropertySource 'localProperties' with value of type String
2019-03-17 12:13:31 DEBUG PropertySourcesPropertyResolver:115 - Found key 'jdbc.url' in PropertySource 'localProperties' with value of type String
2019-03-17 12:13:31 DEBUG PropertySourcesPropertyResolver:115 - Found key 'jdbc.username' in PropertySource 'localProperties' with value of type String
2019-03-17 12:13:31 DEBUG PropertySourcesPropertyResolver:115 - Found key 'jdbc.password' in PropertySource 'localProperties' with value of type String
2019-03-17 12:13:31 DEBUG DefaultListableBeanFactory:213 - Creating shared instance of singleton bean 'org.springframework.context.event.internalEventListenerProcessor'
2019-03-17 12:13:31 DEBUG DefaultListableBeanFactory:213 - Creating shared instance of singleton bean 'org.springframework.context.event.internalEventListenerFactory'
2019-03-17 12:13:31 DEBUG DefaultListableBeanFactory:213 - Creating shared instance of singleton bean 'org.springframework.transaction.config.internalTransactionalEventListenerFactory'
2019-03-17 12:13:31 DEBUG DefaultListableBeanFactory:213 - Creating shared instance of singleton bean 'org.springframework.context.annotation.internalAutowiredAnnotationProcessor'
2019-03-17 12:13:31 DEBUG DefaultListableBeanFactory:213 - Creating shared instance of singleton bean 'org.springframework.context.annotation.internalCommonAnnotationProcessor'
2019-03-17 12:13:31 DEBUG DefaultListableBeanFactory:213 - Creating shared instance of singleton bean 'org.springframework.aop.config.internalAutoProxyCreator'
2019-03-17 12:13:31 DEBUG DefaultListableBeanFactory:213 - Creating shared instance of singleton bean 'courseServiceImpl'
2019-03-17 12:13:32 DEBUG LogFactory:105 - Logging initialized using 'class org.apache.ibatis.logging.slf4j.Slf4jImpl' adapter.
2019-03-17 12:13:32 DEBUG DefaultListableBeanFactory:213 - Creating shared instance of singleton bean 'courseDAO'
2019-03-17 12:13:32 DEBUG DefaultListableBeanFactory:213 - Creating shared instance of singleton bean 'sqlSessionFactory'
2019-03-17 12:13:32 DEBUG DefaultListableBeanFactory:213 - Creating shared instance of singleton bean 'dataSource'
2019-03-17 12:13:32  INFO DruidDataSource:991 - {dataSource-1} inited
2019-03-17 12:13:32 DEBUG DefaultListableBeanFactory:213 - Creating shared instance of singleton bean 'org.springframework.transaction.config.internalTransactionAdvisor'
2019-03-17 12:13:32 DEBUG DefaultListableBeanFactory:213 - Creating shared instance of singleton bean 'org.springframework.transaction.annotation.AnnotationTransactionAttributeSource#0'
2019-03-17 12:13:32 DEBUG SqlSessionFactoryBean:49 - Property 'configuration' or 'configLocation' not specified, using default MyBatis Configuration
2019-03-17 12:13:33 DEBUG VFS:111 - Class not found: org.jboss.vfs.VFS
2019-03-17 12:13:33 DEBUG JBoss6VFS:142 - JBoss 6 VFS API is not available in this environment.
2019-03-17 12:13:33 DEBUG VFS:111 - Class not found: org.jboss.vfs.VirtualFile
2019-03-17 12:13:33 DEBUG VFS:63 - VFS implementation org.apache.ibatis.io.JBoss6VFS is not valid in this environment.
2019-03-17 12:13:33 DEBUG VFS:77 - Using VFS adapter org.apache.ibatis.io.DefaultVFS
2019-03-17 12:13:33 DEBUG DefaultVFS:222 - Find JAR URL: file:/F:/spring-study/web/target/classes/com/spring/web/entity
2019-03-17 12:13:33 DEBUG DefaultVFS:248 - Not a JAR: file:/F:/spring-study/web/target/classes/com/spring/web/entity
2019-03-17 12:13:33 DEBUG DefaultVFS:102 - Reader entry: Course.class
2019-03-17 12:13:33 DEBUG DefaultVFS:102 - Reader entry: CourseVO.class
2019-03-17 12:13:33 DEBUG DefaultVFS:102 - Reader entry: SysUser.class
2019-03-17 12:13:33 DEBUG DefaultVFS:113 - Listing file:/F:/spring-study/web/target/classes/com/spring/web/entity
2019-03-17 12:13:33 DEBUG DefaultVFS:222 - Find JAR URL: file:/F:/spring-study/web/target/classes/com/spring/web/entity/Course.class
2019-03-17 12:13:33 DEBUG DefaultVFS:248 - Not a JAR: file:/F:/spring-study/web/target/classes/com/spring/web/entity/Course.class
2019-03-17 12:13:33 DEBUG DefaultVFS:102 - Reader entry: ����   4 �
2019-03-17 12:13:33 DEBUG DefaultVFS:222 - Find JAR URL: file:/F:/spring-study/web/target/classes/com/spring/web/entity/CourseVO.class
2019-03-17 12:13:33 DEBUG DefaultVFS:248 - Not a JAR: file:/F:/spring-study/web/target/classes/com/spring/web/entity/CourseVO.class
2019-03-17 12:13:33 DEBUG DefaultVFS:102 - Reader entry: ����   4 �
2019-03-17 12:13:33 DEBUG DefaultVFS:222 - Find JAR URL: file:/F:/spring-study/web/target/classes/com/spring/web/entity/SysUser.class
2019-03-17 12:13:33 DEBUG DefaultVFS:248 - Not a JAR: file:/F:/spring-study/web/target/classes/com/spring/web/entity/SysUser.class
2019-03-17 12:13:33 DEBUG DefaultVFS:102 - Reader entry: ����   4 ~
2019-03-17 12:13:33 DEBUG ResolverUtil:256 - Checking to see if class com.spring.web.entity.Course matches criteria [is assignable to Object]
2019-03-17 12:13:33 DEBUG ResolverUtil:256 - Checking to see if class com.spring.web.entity.CourseVO matches criteria [is assignable to Object]
2019-03-17 12:13:33 DEBUG ResolverUtil:256 - Checking to see if class com.spring.web.entity.SysUser matches criteria [is assignable to Object]
2019-03-17 12:13:33 DEBUG SqlSessionFactoryBean:49 - Scanned package: 'com.spring.web.entity' for aliases
2019-03-17 12:13:33 DEBUG SqlSessionFactoryBean:49 - Property 'mapperLocations' was not specified or no matching resources found
2019-03-17 12:13:33 DEBUG DefaultListableBeanFactory:213 - Creating shared instance of singleton bean 'manager'
2019-03-17 12:13:33 DEBUG DefaultListableBeanFactory:213 - Creating shared instance of singleton bean 'org.springframework.transaction.interceptor.TransactionInterceptor#0'
2019-03-17 12:13:33 DEBUG DefaultListableBeanFactory:213 - Creating shared instance of singleton bean 'sysUserDAO'
2019-03-17 12:13:33 DEBUG DefaultCacheAwareContextLoaderDelegate:119 - Storing ApplicationContext in cache under key [[MergedContextConfiguration@3b0143d3 testClass = CourseServiceImplTest, locations = '{classpath:/spring_mybatis.xml}', classes = '{}', contextInitializerClasses = '[]', activeProfiles = '{}', propertySourceLocations = '{}', propertySourceProperties = '{}', contextCustomizers = set[[empty]], contextLoader = 'org.springframework.test.context.support.DelegatingSmartContextLoader', parent = [null]]]
2019-03-17 12:13:33 DEBUG cache:290 - Spring test ApplicationContext cache statistics: [DefaultContextCache@5a2d131d size = 1, maxSize = 32, parentContextCount = 0, hitCount = 0, missCount = 1]
2019-03-17 12:13:33 DEBUG AbstractDirtiesContextTestExecutionListener:107 - Before test method: context [DefaultTestContext@57536d79 testClass = CourseServiceImplTest, testInstance = com.spring.web.service.impl.CourseServiceImplTest@2b9627bc, testMethod = selectCurrentCourses@CourseServiceImplTest, testException = [null], mergedContextConfiguration = [MergedContextConfiguration@3b0143d3 testClass = CourseServiceImplTest, locations = '{classpath:/spring_mybatis.xml}', classes = '{}', contextInitializerClasses = '[]', activeProfiles = '{}', propertySourceLocations = '{}', propertySourceProperties = '{}', contextCustomizers = set[[empty]], contextLoader = 'org.springframework.test.context.support.DelegatingSmartContextLoader', parent = [null]], attributes = map[[empty]]], class annotated with @DirtiesContext [false] with mode [null], method annotated with @DirtiesContext [false] with mode [null].
2019-03-17 12:13:33 DEBUG DataSourceTransactionManager:372 - Creating new transaction with name [com.spring.web.service.impl.CourseServiceImpl.selectCurrentCourses]: PROPAGATION_REQUIRED,ISOLATION_DEFAULT
2019-03-17 12:13:33 DEBUG DataSourceTransactionManager:264 - Acquired Connection [com.mysql.jdbc.JDBC4Connection@49ff7d8c] for JDBC transaction
2019-03-17 12:13:33 DEBUG DataSourceTransactionManager:281 - Switching JDBC Connection [com.mysql.jdbc.JDBC4Connection@49ff7d8c] to manual commit
2019-03-17 12:13:33 DEBUG SqlSessionUtils:49 - Creating a new SqlSession
2019-03-17 12:13:33 DEBUG SqlSessionUtils:49 - Registering transaction synchronization for SqlSession [org.apache.ibatis.session.defaults.DefaultSqlSession@21fd5faa]
2019-03-17 12:13:33 DEBUG SpringManagedTransaction:49 - JDBC Connection [com.mysql.jdbc.JDBC4Connection@49ff7d8c] will be managed by Spring
2019-03-17 12:13:33 DEBUG selectCurrentCourses:159 - ==>  Preparing: SELECT a.*,b.username,b.avatar FROM t_course a Left JOIN t_sys_user b ON a.user_id=b.user_id WHERE a.finished = 0 LIMIT 0,4 
2019-03-17 12:13:33 DEBUG selectCurrentCourses:159 - ==> Parameters: 
2019-03-17 12:13:33 DEBUG selectCurrentCourses:159 - <==      Total: 2
2019-03-17 12:13:33 DEBUG PreparedStatementPool:129 - stmt enter cache
2019-03-17 12:13:33 DEBUG SqlSessionUtils:49 - Releasing transactional SqlSession [org.apache.ibatis.session.defaults.DefaultSqlSession@21fd5faa]
2019-03-17 12:13:33 DEBUG SqlSessionUtils:49 - Transaction synchronization committing SqlSession [org.apache.ibatis.session.defaults.DefaultSqlSession@21fd5faa]
2019-03-17 12:13:33 DEBUG SqlSessionUtils:49 - Transaction synchronization deregistering SqlSession [org.apache.ibatis.session.defaults.DefaultSqlSession@21fd5faa]
2019-03-17 12:13:33 DEBUG SqlSessionUtils:49 - Transaction synchronization closing SqlSession [org.apache.ibatis.session.defaults.DefaultSqlSession@21fd5faa]
2019-03-17 12:13:33 DEBUG DataSourceTransactionManager:743 - Initiating transaction commit
2019-03-17 12:13:33 DEBUG DataSourceTransactionManager:326 - Committing JDBC transaction on Connection [com.mysql.jdbc.JDBC4Connection@49ff7d8c]
2019-03-17 12:13:33 DEBUG DataSourceTransactionManager:384 - Releasing JDBC Connection [com.mysql.jdbc.JDBC4Connection@49ff7d8c] after transaction
2019-03-17 12:13:33 DEBUG AbstractDirtiesContextTestExecutionListener:107 - After test method: context [DefaultTestContext@57536d79 testClass = CourseServiceImplTest, testInstance = com.spring.web.service.impl.CourseServiceImplTest@2b9627bc, testMethod = selectCurrentCourses@CourseServiceImplTest, testException = [null], mergedContextConfiguration = [MergedContextConfiguration@3b0143d3 testClass = CourseServiceImplTest, locations = '{classpath:/spring_mybatis.xml}', classes = '{}', contextInitializerClasses = '[]', activeProfiles = '{}', propertySourceLocations = '{}', propertySourceProperties = '{}', contextCustomizers = set[[empty]], contextLoader = 'org.springframework.test.context.support.DelegatingSmartContextLoader', parent = [null]], attributes = map[[empty]]], class annotated with @DirtiesContext [false] with mode [null], method annotated with @DirtiesContext [false] with mode [null].
2019-03-17 12:13:33 DEBUG AbstractDirtiesContextTestExecutionListener:142 - After test class: context [DefaultTestContext@57536d79 testClass = CourseServiceImplTest, testInstance = [null], testMethod = [null], testException = [null], mergedContextConfiguration = [MergedContextConfiguration@3b0143d3 testClass = CourseServiceImplTest, locations = '{classpath:/spring_mybatis.xml}', classes = '{}', contextInitializerClasses = '[]', activeProfiles = '{}', propertySourceLocations = '{}', propertySourceProperties = '{}', contextCustomizers = set[[empty]], contextLoader = 'org.springframework.test.context.support.DelegatingSmartContextLoader', parent = [null]], attributes = map[[empty]]], class annotated with @DirtiesContext [false] with mode [null].
2019-03-17 12:13:33 DEBUG GenericApplicationContext:1002 - Closing org.springframework.context.support.GenericApplicationContext@614ddd49, started on Sun Mar 17 12:13:31 CST 2019
2019-03-17 12:13:33 DEBUG PreparedStatementPool:160 - stmt exit cache
2019-03-17 12:13:33  INFO DruidDataSource:1928 - {dataSource-1} closed
2019-03-17 12:14:38 DEBUG SpringJUnit4ClassRunner:139 - SpringJUnit4ClassRunner constructor called with [class com.spring.web.service.impl.CourseServiceImplTest]
2019-03-17 12:14:38 DEBUG BootstrapUtils:96 - Instantiating CacheAwareContextLoaderDelegate from class [org.springframework.test.context.cache.DefaultCacheAwareContextLoaderDelegate]
2019-03-17 12:14:38 DEBUG BootstrapUtils:79 - Instantiating BootstrapContext using constructor [public org.springframework.test.context.support.DefaultBootstrapContext(java.lang.Class,org.springframework.test.context.CacheAwareContextLoaderDelegate)]
2019-03-17 12:14:38 DEBUG BootstrapUtils:132 - Instantiating TestContextBootstrapper for test class [com.spring.web.service.impl.CourseServiceImplTest] from class [org.springframework.test.context.support.DefaultTestContextBootstrapper]
2019-03-17 12:14:38 DEBUG AbstractDelegatingSmartContextLoader:263 - Delegating to GenericXmlContextLoader to process context configuration [ContextConfigurationAttributes@58651fd0 declaringClass = 'com.spring.web.service.impl.CourseServiceImplTest', classes = '{}', locations = '{/spring_mybatis.xml}', inheritLocations = true, initializers = '{}', inheritInitializers = true, name = [null], contextLoaderClass = 'org.springframework.test.context.ContextLoader'].
2019-03-17 12:14:38 DEBUG ActiveProfilesUtils:79 - Could not find an 'annotation declaring class' for annotation type [org.springframework.test.context.ActiveProfiles] and class [com.spring.web.service.impl.CourseServiceImplTest]
2019-03-17 12:14:38 DEBUG DefaultTestContextBootstrapper:125 - @TestExecutionListeners is not present for class [com.spring.web.service.impl.CourseServiceImplTest]: using defaults.
2019-03-17 12:14:38  INFO DefaultTestContextBootstrapper:248 - Loaded default TestExecutionListener class names from location [META-INF/spring.factories]: [org.springframework.test.context.web.ServletTestExecutionListener, org.springframework.test.context.support.DirtiesContextBeforeModesTestExecutionListener, org.springframework.test.context.support.DependencyInjectionTestExecutionListener, org.springframework.test.context.support.DirtiesContextTestExecutionListener, org.springframework.test.context.transaction.TransactionalTestExecutionListener, org.springframework.test.context.jdbc.SqlScriptsTestExecutionListener]
2019-03-17 12:14:38  INFO DefaultTestContextBootstrapper:177 - Using TestExecutionListeners: [org.springframework.test.context.web.ServletTestExecutionListener@49993335, org.springframework.test.context.support.DirtiesContextBeforeModesTestExecutionListener@20322d26, org.springframework.test.context.support.DependencyInjectionTestExecutionListener@192b07fd, org.springframework.test.context.support.DirtiesContextTestExecutionListener@64bfbc86, org.springframework.test.context.transaction.TransactionalTestExecutionListener@64bf3bbf, org.springframework.test.context.jdbc.SqlScriptsTestExecutionListener@55d56113]
2019-03-17 12:14:38 DEBUG ProfileValueUtils:70 - Retrieved @ProfileValueSourceConfiguration [null] for test class [com.spring.web.service.impl.CourseServiceImplTest]
2019-03-17 12:14:38 DEBUG ProfileValueUtils:83 - Retrieved ProfileValueSource type [class org.springframework.test.annotation.SystemProfileValueSource] for class [com.spring.web.service.impl.CourseServiceImplTest]
2019-03-17 12:14:38 DEBUG ProfileValueUtils:70 - Retrieved @ProfileValueSourceConfiguration [null] for test class [com.spring.web.service.impl.CourseServiceImplTest]
2019-03-17 12:14:38 DEBUG ProfileValueUtils:83 - Retrieved ProfileValueSource type [class org.springframework.test.annotation.SystemProfileValueSource] for class [com.spring.web.service.impl.CourseServiceImplTest]
2019-03-17 12:14:38 DEBUG ProfileValueUtils:70 - Retrieved @ProfileValueSourceConfiguration [null] for test class [com.spring.web.service.impl.CourseServiceImplTest]
2019-03-17 12:14:38 DEBUG ProfileValueUtils:83 - Retrieved ProfileValueSource type [class org.springframework.test.annotation.SystemProfileValueSource] for class [com.spring.web.service.impl.CourseServiceImplTest]
2019-03-17 12:14:38 DEBUG ProfileValueUtils:70 - Retrieved @ProfileValueSourceConfiguration [null] for test class [com.spring.web.service.impl.CourseServiceImplTest]
2019-03-17 12:14:38 DEBUG ProfileValueUtils:83 - Retrieved ProfileValueSource type [class org.springframework.test.annotation.SystemProfileValueSource] for class [com.spring.web.service.impl.CourseServiceImplTest]
2019-03-17 12:14:38 DEBUG AbstractDirtiesContextTestExecutionListener:142 - Before test class: context [DefaultTestContext@57536d79 testClass = CourseServiceImplTest, testInstance = [null], testMethod = [null], testException = [null], mergedContextConfiguration = [MergedContextConfiguration@3b0143d3 testClass = CourseServiceImplTest, locations = '{classpath:/spring_mybatis.xml}', classes = '{}', contextInitializerClasses = '[]', activeProfiles = '{}', propertySourceLocations = '{}', propertySourceProperties = '{}', contextCustomizers = set[[empty]], contextLoader = 'org.springframework.test.context.support.DelegatingSmartContextLoader', parent = [null]], attributes = map[[empty]]], class annotated with @DirtiesContext [false] with mode [null].
2019-03-17 12:14:38 DEBUG ProfileValueUtils:70 - Retrieved @ProfileValueSourceConfiguration [null] for test class [com.spring.web.service.impl.CourseServiceImplTest]
2019-03-17 12:14:38 DEBUG ProfileValueUtils:83 - Retrieved ProfileValueSource type [class org.springframework.test.annotation.SystemProfileValueSource] for class [com.spring.web.service.impl.CourseServiceImplTest]
2019-03-17 12:14:38 DEBUG DependencyInjectionTestExecutionListener:81 - Performing dependency injection for test context [[DefaultTestContext@57536d79 testClass = CourseServiceImplTest, testInstance = com.spring.web.service.impl.CourseServiceImplTest@2b9627bc, testMethod = [null], testException = [null], mergedContextConfiguration = [MergedContextConfiguration@3b0143d3 testClass = CourseServiceImplTest, locations = '{classpath:/spring_mybatis.xml}', classes = '{}', contextInitializerClasses = '[]', activeProfiles = '{}', propertySourceLocations = '{}', propertySourceProperties = '{}', contextCustomizers = set[[empty]], contextLoader = 'org.springframework.test.context.support.DelegatingSmartContextLoader', parent = [null]], attributes = map[[empty]]]].
2019-03-17 12:14:38 DEBUG AbstractDelegatingSmartContextLoader:273 - Delegating to GenericXmlContextLoader to load context from [MergedContextConfiguration@3b0143d3 testClass = CourseServiceImplTest, locations = '{classpath:/spring_mybatis.xml}', classes = '{}', contextInitializerClasses = '[]', activeProfiles = '{}', propertySourceLocations = '{}', propertySourceProperties = '{}', contextCustomizers = set[[empty]], contextLoader = 'org.springframework.test.context.support.DelegatingSmartContextLoader', parent = [null]].
2019-03-17 12:14:38 DEBUG AbstractGenericContextLoader:109 - Loading ApplicationContext for merged context configuration [[MergedContextConfiguration@3b0143d3 testClass = CourseServiceImplTest, locations = '{classpath:/spring_mybatis.xml}', classes = '{}', contextInitializerClasses = '[]', activeProfiles = '{}', propertySourceLocations = '{}', propertySourceProperties = '{}', contextCustomizers = set[[empty]], contextLoader = 'org.springframework.test.context.support.DelegatingSmartContextLoader', parent = [null]]].
2019-03-17 12:14:38 DEBUG StandardEnvironment:252 - Activating profiles []
2019-03-17 12:14:38 DEBUG ClassPathBeanDefinitionScanner:437 - Identified candidate component class: file [F:\spring-study\web\target\classes\com\spring\web\service\impl\CourseServiceImpl.class]
2019-03-17 12:14:38 DEBUG XmlBeanDefinitionReader:395 - Loaded 16 bean definitions from class path resource [spring_mybatis.xml]
2019-03-17 12:14:38 DEBUG GenericApplicationContext:594 - Refreshing org.springframework.context.support.GenericApplicationContext@614ddd49
2019-03-17 12:14:38 DEBUG DefaultListableBeanFactory:213 - Creating shared instance of singleton bean 'org.springframework.context.annotation.internalConfigurationAnnotationProcessor'
2019-03-17 12:14:38 DEBUG DefaultListableBeanFactory:213 - Creating shared instance of singleton bean 'tk.mybatis.spring.mapper.MapperScannerConfigurer#0'
2019-03-17 12:14:39 DEBUG ClassPathMapperScanner:437 - Identified candidate component class: file [F:\spring-study\web\target\classes\com\spring\web\dao\CourseDAO.class]
2019-03-17 12:14:39 DEBUG ClassPathMapperScanner:437 - Identified candidate component class: file [F:\spring-study\web\target\classes\com\spring\web\dao\SysUserDAO.class]
2019-03-17 12:14:39 DEBUG ClassPathMapperScanner:160 - Creating MapperFactoryBean with name 'courseDAO' and 'com.spring.web.dao.CourseDAO' mapperInterface
2019-03-17 12:14:39 DEBUG ClassPathMapperScanner:160 - Creating MapperFactoryBean with name 'sysUserDAO' and 'com.spring.web.dao.SysUserDAO' mapperInterface
2019-03-17 12:14:39 DEBUG DefaultListableBeanFactory:213 - Creating shared instance of singleton bean 'org.springframework.context.support.PropertySourcesPlaceholderConfigurer#0'
2019-03-17 12:14:39 DEBUG PropertySourcesPropertyResolver:115 - Found key 'jdbc.driverClassName' in PropertySource 'localProperties' with value of type String
2019-03-17 12:14:39 DEBUG PropertySourcesPropertyResolver:115 - Found key 'jdbc.url' in PropertySource 'localProperties' with value of type String
2019-03-17 12:14:39 DEBUG PropertySourcesPropertyResolver:115 - Found key 'jdbc.username' in PropertySource 'localProperties' with value of type String
2019-03-17 12:14:39 DEBUG PropertySourcesPropertyResolver:115 - Found key 'jdbc.password' in PropertySource 'localProperties' with value of type String
2019-03-17 12:14:39 DEBUG DefaultListableBeanFactory:213 - Creating shared instance of singleton bean 'org.springframework.context.event.internalEventListenerProcessor'
2019-03-17 12:14:39 DEBUG DefaultListableBeanFactory:213 - Creating shared instance of singleton bean 'org.springframework.context.event.internalEventListenerFactory'
2019-03-17 12:14:39 DEBUG DefaultListableBeanFactory:213 - Creating shared instance of singleton bean 'org.springframework.transaction.config.internalTransactionalEventListenerFactory'
2019-03-17 12:14:39 DEBUG DefaultListableBeanFactory:213 - Creating shared instance of singleton bean 'org.springframework.context.annotation.internalAutowiredAnnotationProcessor'
2019-03-17 12:14:39 DEBUG DefaultListableBeanFactory:213 - Creating shared instance of singleton bean 'org.springframework.context.annotation.internalCommonAnnotationProcessor'
2019-03-17 12:14:39 DEBUG DefaultListableBeanFactory:213 - Creating shared instance of singleton bean 'org.springframework.aop.config.internalAutoProxyCreator'
2019-03-17 12:14:39 DEBUG DefaultListableBeanFactory:213 - Creating shared instance of singleton bean 'courseServiceImpl'
2019-03-17 12:14:39 DEBUG DefaultListableBeanFactory:213 - Creating shared instance of singleton bean 'courseDAO'
2019-03-17 12:14:39 DEBUG DefaultListableBeanFactory:213 - Creating shared instance of singleton bean 'sqlSessionFactory'
2019-03-17 12:14:39 DEBUG LogFactory:105 - Logging initialized using 'class org.apache.ibatis.logging.slf4j.Slf4jImpl' adapter.
2019-03-17 12:14:39 DEBUG DefaultListableBeanFactory:213 - Creating shared instance of singleton bean 'dataSource'
2019-03-17 12:14:40  INFO DruidDataSource:991 - {dataSource-1} inited
2019-03-17 12:14:40 DEBUG DefaultListableBeanFactory:213 - Creating shared instance of singleton bean 'org.springframework.transaction.config.internalTransactionAdvisor'
2019-03-17 12:14:40 DEBUG DefaultListableBeanFactory:213 - Creating shared instance of singleton bean 'org.springframework.transaction.annotation.AnnotationTransactionAttributeSource#0'
2019-03-17 12:14:40 DEBUG SqlSessionFactoryBean:49 - Property 'configuration' or 'configLocation' not specified, using default MyBatis Configuration
2019-03-17 12:14:40 DEBUG VFS:111 - Class not found: org.jboss.vfs.VFS
2019-03-17 12:14:40 DEBUG JBoss6VFS:142 - JBoss 6 VFS API is not available in this environment.
2019-03-17 12:14:40 DEBUG VFS:111 - Class not found: org.jboss.vfs.VirtualFile
2019-03-17 12:14:40 DEBUG VFS:63 - VFS implementation org.apache.ibatis.io.JBoss6VFS is not valid in this environment.
2019-03-17 12:14:40 DEBUG VFS:77 - Using VFS adapter org.apache.ibatis.io.DefaultVFS
2019-03-17 12:14:40 DEBUG DefaultVFS:222 - Find JAR URL: file:/F:/spring-study/web/target/classes/com/spring/web/entity
2019-03-17 12:14:40 DEBUG DefaultVFS:248 - Not a JAR: file:/F:/spring-study/web/target/classes/com/spring/web/entity
2019-03-17 12:14:40 DEBUG DefaultVFS:102 - Reader entry: Course.class
2019-03-17 12:14:40 DEBUG DefaultVFS:102 - Reader entry: CourseVO.class
2019-03-17 12:14:40 DEBUG DefaultVFS:102 - Reader entry: SysUser.class
2019-03-17 12:14:40 DEBUG DefaultVFS:113 - Listing file:/F:/spring-study/web/target/classes/com/spring/web/entity
2019-03-17 12:14:40 DEBUG DefaultVFS:222 - Find JAR URL: file:/F:/spring-study/web/target/classes/com/spring/web/entity/Course.class
2019-03-17 12:14:40 DEBUG DefaultVFS:248 - Not a JAR: file:/F:/spring-study/web/target/classes/com/spring/web/entity/Course.class
2019-03-17 12:14:40 DEBUG DefaultVFS:102 - Reader entry: ����   4 �
2019-03-17 12:14:40 DEBUG DefaultVFS:222 - Find JAR URL: file:/F:/spring-study/web/target/classes/com/spring/web/entity/CourseVO.class
2019-03-17 12:14:40 DEBUG DefaultVFS:248 - Not a JAR: file:/F:/spring-study/web/target/classes/com/spring/web/entity/CourseVO.class
2019-03-17 12:14:40 DEBUG DefaultVFS:102 - Reader entry: ����   4 �
2019-03-17 12:14:40 DEBUG DefaultVFS:222 - Find JAR URL: file:/F:/spring-study/web/target/classes/com/spring/web/entity/SysUser.class
2019-03-17 12:14:40 DEBUG DefaultVFS:248 - Not a JAR: file:/F:/spring-study/web/target/classes/com/spring/web/entity/SysUser.class
2019-03-17 12:14:40 DEBUG DefaultVFS:102 - Reader entry: ����   4 ~
2019-03-17 12:14:40 DEBUG ResolverUtil:256 - Checking to see if class com.spring.web.entity.Course matches criteria [is assignable to Object]
2019-03-17 12:14:40 DEBUG ResolverUtil:256 - Checking to see if class com.spring.web.entity.CourseVO matches criteria [is assignable to Object]
2019-03-17 12:14:40 DEBUG ResolverUtil:256 - Checking to see if class com.spring.web.entity.SysUser matches criteria [is assignable to Object]
2019-03-17 12:14:40 DEBUG SqlSessionFactoryBean:49 - Scanned package: 'com.spring.web.entity' for aliases
2019-03-17 12:14:40 DEBUG SqlSessionFactoryBean:49 - Property 'mapperLocations' was not specified or no matching resources found
2019-03-17 12:14:40 DEBUG DefaultListableBeanFactory:213 - Creating shared instance of singleton bean 'manager'
2019-03-17 12:14:40 DEBUG DefaultListableBeanFactory:213 - Creating shared instance of singleton bean 'org.springframework.transaction.interceptor.TransactionInterceptor#0'
2019-03-17 12:14:40 DEBUG DefaultListableBeanFactory:213 - Creating shared instance of singleton bean 'sysUserDAO'
2019-03-17 12:14:40 DEBUG DefaultCacheAwareContextLoaderDelegate:119 - Storing ApplicationContext in cache under key [[MergedContextConfiguration@3b0143d3 testClass = CourseServiceImplTest, locations = '{classpath:/spring_mybatis.xml}', classes = '{}', contextInitializerClasses = '[]', activeProfiles = '{}', propertySourceLocations = '{}', propertySourceProperties = '{}', contextCustomizers = set[[empty]], contextLoader = 'org.springframework.test.context.support.DelegatingSmartContextLoader', parent = [null]]]
2019-03-17 12:14:40 DEBUG cache:290 - Spring test ApplicationContext cache statistics: [DefaultContextCache@3b7d3a38 size = 1, maxSize = 32, parentContextCount = 0, hitCount = 0, missCount = 1]
2019-03-17 12:14:40 DEBUG AbstractDirtiesContextTestExecutionListener:107 - Before test method: context [DefaultTestContext@57536d79 testClass = CourseServiceImplTest, testInstance = com.spring.web.service.impl.CourseServiceImplTest@2b9627bc, testMethod = selectCurrentCourses@CourseServiceImplTest, testException = [null], mergedContextConfiguration = [MergedContextConfiguration@3b0143d3 testClass = CourseServiceImplTest, locations = '{classpath:/spring_mybatis.xml}', classes = '{}', contextInitializerClasses = '[]', activeProfiles = '{}', propertySourceLocations = '{}', propertySourceProperties = '{}', contextCustomizers = set[[empty]], contextLoader = 'org.springframework.test.context.support.DelegatingSmartContextLoader', parent = [null]], attributes = map[[empty]]], class annotated with @DirtiesContext [false] with mode [null], method annotated with @DirtiesContext [false] with mode [null].
2019-03-17 12:14:40 DEBUG DataSourceTransactionManager:372 - Creating new transaction with name [com.spring.web.service.impl.CourseServiceImpl.selectCurrentCourses]: PROPAGATION_REQUIRED,ISOLATION_DEFAULT
2019-03-17 12:14:40 DEBUG DataSourceTransactionManager:264 - Acquired Connection [com.mysql.jdbc.JDBC4Connection@7fb95505] for JDBC transaction
2019-03-17 12:14:40 DEBUG DataSourceTransactionManager:281 - Switching JDBC Connection [com.mysql.jdbc.JDBC4Connection@7fb95505] to manual commit
2019-03-17 12:14:40 DEBUG SqlSessionUtils:49 - Creating a new SqlSession
2019-03-17 12:14:40 DEBUG SqlSessionUtils:49 - Registering transaction synchronization for SqlSession [org.apache.ibatis.session.defaults.DefaultSqlSession@3fc9504b]
2019-03-17 12:14:40 DEBUG SpringManagedTransaction:49 - JDBC Connection [com.mysql.jdbc.JDBC4Connection@7fb95505] will be managed by Spring
2019-03-17 12:14:40 DEBUG selectCurrentCourses:159 - ==>  Preparing: SELECT a.*,b.username,b.avatar FROM t_course a Left JOIN t_sys_user b ON a.user_id=b.user_id WHERE a.finished = 0 LIMIT 0,4 
2019-03-17 12:14:40 DEBUG selectCurrentCourses:159 - ==> Parameters: 
2019-03-17 12:14:40 DEBUG selectCurrentCourses:159 - <==      Total: 2
2019-03-17 12:14:40 DEBUG PreparedStatementPool:129 - stmt enter cache
2019-03-17 12:14:40 DEBUG SqlSessionUtils:49 - Releasing transactional SqlSession [org.apache.ibatis.session.defaults.DefaultSqlSession@3fc9504b]
2019-03-17 12:14:40 DEBUG SqlSessionUtils:49 - Transaction synchronization committing SqlSession [org.apache.ibatis.session.defaults.DefaultSqlSession@3fc9504b]
2019-03-17 12:14:40 DEBUG SqlSessionUtils:49 - Transaction synchronization deregistering SqlSession [org.apache.ibatis.session.defaults.DefaultSqlSession@3fc9504b]
2019-03-17 12:14:40 DEBUG SqlSessionUtils:49 - Transaction synchronization closing SqlSession [org.apache.ibatis.session.defaults.DefaultSqlSession@3fc9504b]
2019-03-17 12:14:40 DEBUG DataSourceTransactionManager:743 - Initiating transaction commit
2019-03-17 12:14:40 DEBUG DataSourceTransactionManager:326 - Committing JDBC transaction on Connection [com.mysql.jdbc.JDBC4Connection@7fb95505]
2019-03-17 12:14:40 DEBUG DataSourceTransactionManager:384 - Releasing JDBC Connection [com.mysql.jdbc.JDBC4Connection@7fb95505] after transaction
2019-03-17 12:14:40 DEBUG AbstractDirtiesContextTestExecutionListener:107 - After test method: context [DefaultTestContext@57536d79 testClass = CourseServiceImplTest, testInstance = com.spring.web.service.impl.CourseServiceImplTest@2b9627bc, testMethod = selectCurrentCourses@CourseServiceImplTest, testException = [null], mergedContextConfiguration = [MergedContextConfiguration@3b0143d3 testClass = CourseServiceImplTest, locations = '{classpath:/spring_mybatis.xml}', classes = '{}', contextInitializerClasses = '[]', activeProfiles = '{}', propertySourceLocations = '{}', propertySourceProperties = '{}', contextCustomizers = set[[empty]], contextLoader = 'org.springframework.test.context.support.DelegatingSmartContextLoader', parent = [null]], attributes = map[[empty]]], class annotated with @DirtiesContext [false] with mode [null], method annotated with @DirtiesContext [false] with mode [null].
2019-03-17 12:14:40 DEBUG AbstractDirtiesContextTestExecutionListener:142 - After test class: context [DefaultTestContext@57536d79 testClass = CourseServiceImplTest, testInstance = [null], testMethod = [null], testException = [null], mergedContextConfiguration = [MergedContextConfiguration@3b0143d3 testClass = CourseServiceImplTest, locations = '{classpath:/spring_mybatis.xml}', classes = '{}', contextInitializerClasses = '[]', activeProfiles = '{}', propertySourceLocations = '{}', propertySourceProperties = '{}', contextCustomizers = set[[empty]], contextLoader = 'org.springframework.test.context.support.DelegatingSmartContextLoader', parent = [null]], attributes = map[[empty]]], class annotated with @DirtiesContext [false] with mode [null].
2019-03-17 12:14:40 DEBUG GenericApplicationContext:1002 - Closing org.springframework.context.support.GenericApplicationContext@614ddd49, started on Sun Mar 17 12:14:38 CST 2019
2019-03-17 12:14:40 DEBUG PreparedStatementPool:160 - stmt exit cache
2019-03-17 12:14:40  INFO DruidDataSource:1928 - {dataSource-1} closed
